<?xml version="1.0" encoding="UTF-8"?>
<testsuite name="com.songify.api.servicetests.AuthServiceTests" tests="1" skipped="0" failures="0" errors="0" timestamp="2021-06-10T15:54:03" hostname="LAPTOP-4IPIM65U" time="0.242">
  <properties/>
  <testcase name="loginTest()" classname="com.songify.api.servicetests.AuthServiceTests" time="0.242"/>
  <system-out><![CDATA[2021-06-10 17:54:03.810  INFO 9652 --- [    Test worker] .b.t.c.SpringBootTestContextBootstrapper : Neither @ContextConfiguration nor @ContextHierarchy found for test class [com.songify.api.servicetests.AuthServiceTests], using SpringBootContextLoader
2021-06-10 17:54:03.811  INFO 9652 --- [    Test worker] o.s.t.c.support.AbstractContextLoader    : Could not detect default resource locations for test class [com.songify.api.servicetests.AuthServiceTests]: no resource found for suffixes {-context.xml, Context.groovy}.
2021-06-10 17:54:03.811  INFO 9652 --- [    Test worker] t.c.s.AnnotationConfigContextLoaderUtils : Could not detect default configuration classes for test class [com.songify.api.servicetests.AuthServiceTests]: AuthServiceTests does not declare any static, non-private, non-final, nested classes annotated with @Configuration.
2021-06-10 17:54:03.813  INFO 9652 --- [    Test worker] .b.t.c.SpringBootTestContextBootstrapper : Found @SpringBootConfiguration com.songify.api.ApiApplication for test class com.songify.api.servicetests.AuthServiceTests
2021-06-10 17:54:03.815  INFO 9652 --- [    Test worker] .b.t.c.SpringBootTestContextBootstrapper : Loaded default TestExecutionListener class names from location [META-INF/spring.factories]: [org.springframework.boot.test.autoconfigure.restdocs.RestDocsTestExecutionListener, org.springframework.boot.test.autoconfigure.web.client.MockRestServiceServerResetTestExecutionListener, org.springframework.boot.test.autoconfigure.web.servlet.MockMvcPrintOnlyOnFailureTestExecutionListener, org.springframework.boot.test.autoconfigure.web.servlet.WebDriverTestExecutionListener, org.springframework.boot.test.autoconfigure.webservices.client.MockWebServiceServerTestExecutionListener, org.springframework.boot.test.mock.mockito.MockitoTestExecutionListener, org.springframework.boot.test.mock.mockito.ResetMocksTestExecutionListener, org.springframework.test.context.web.ServletTestExecutionListener, org.springframework.test.context.support.DirtiesContextBeforeModesTestExecutionListener, org.springframework.test.context.support.DependencyInjectionTestExecutionListener, org.springframework.test.context.support.DirtiesContextTestExecutionListener, org.springframework.test.context.transaction.TransactionalTestExecutionListener, org.springframework.test.context.jdbc.SqlScriptsTestExecutionListener, org.springframework.test.context.event.EventPublishingTestExecutionListener]
2021-06-10 17:54:03.815  INFO 9652 --- [    Test worker] .b.t.c.SpringBootTestContextBootstrapper : Using TestExecutionListeners: [org.springframework.test.context.web.ServletTestExecutionListener@3126d626, org.springframework.test.context.support.DirtiesContextBeforeModesTestExecutionListener@6ab4b334, org.springframework.boot.test.mock.mockito.MockitoTestExecutionListener@1fc65195, org.springframework.boot.test.autoconfigure.SpringBootDependencyInjectionTestExecutionListener@6bbc08a1, org.springframework.test.context.support.DirtiesContextTestExecutionListener@6cac6416, org.springframework.test.context.transaction.TransactionalTestExecutionListener@234e57a4, org.springframework.test.context.jdbc.SqlScriptsTestExecutionListener@e29f0a1, org.springframework.test.context.event.EventPublishingTestExecutionListener@5db18c5, org.springframework.boot.test.autoconfigure.restdocs.RestDocsTestExecutionListener@a5850bc, org.springframework.boot.test.autoconfigure.web.client.MockRestServiceServerResetTestExecutionListener@5b7ac524, org.springframework.boot.test.autoconfigure.web.servlet.MockMvcPrintOnlyOnFailureTestExecutionListener@1a179a12, org.springframework.boot.test.autoconfigure.web.servlet.WebDriverTestExecutionListener@4757a4a5, org.springframework.boot.test.autoconfigure.webservices.client.MockWebServiceServerTestExecutionListener@fc2d143, org.springframework.boot.test.mock.mockito.ResetMocksTestExecutionListener@21c767a]
]]></system-out>
  <system-err><![CDATA[]]></system-err>
</testsuite>
