<?xml version="1.0" encoding="UTF-8"?>
<testsuite name="com.songify.api.servicetests.RoleServiceTests" tests="5" skipped="0" failures="0" errors="0" timestamp="2021-06-20T16:16:45" hostname="LAPTOP-4IPIM65U" time="0.025">
  <properties/>
  <testcase name="addRoleTest()" classname="com.songify.api.servicetests.RoleServiceTests" time="0.008"/>
  <testcase name="getAllRolesTest()" classname="com.songify.api.servicetests.RoleServiceTests" time="0.003"/>
  <testcase name="updateRoleTest()" classname="com.songify.api.servicetests.RoleServiceTests" time="0.003"/>
  <testcase name="updateRoleResourceNotFoundExceptionThrownTest()" classname="com.songify.api.servicetests.RoleServiceTests" time="0.007"/>
  <testcase name="getRoleByIdTest()" classname="com.songify.api.servicetests.RoleServiceTests" time="0.002"/>
  <system-out><![CDATA[2021-06-20 18:16:45.306  INFO 11944 --- [    Test worker] .b.t.c.SpringBootTestContextBootstrapper : Neither @ContextConfiguration nor @ContextHierarchy found for test class [com.songify.api.servicetests.RoleServiceTests], using SpringBootContextLoader
2021-06-20 18:16:45.307  INFO 11944 --- [    Test worker] o.s.t.c.support.AbstractContextLoader    : Could not detect default resource locations for test class [com.songify.api.servicetests.RoleServiceTests]: no resource found for suffixes {-context.xml, Context.groovy}.
2021-06-20 18:16:45.307  INFO 11944 --- [    Test worker] t.c.s.AnnotationConfigContextLoaderUtils : Could not detect default configuration classes for test class [com.songify.api.servicetests.RoleServiceTests]: RoleServiceTests does not declare any static, non-private, non-final, nested classes annotated with @Configuration.
2021-06-20 18:16:45.309  INFO 11944 --- [    Test worker] .b.t.c.SpringBootTestContextBootstrapper : Found @SpringBootConfiguration com.songify.api.ApiApplication for test class com.songify.api.servicetests.RoleServiceTests
2021-06-20 18:16:45.310  INFO 11944 --- [    Test worker] .b.t.c.SpringBootTestContextBootstrapper : Loaded default TestExecutionListener class names from location [META-INF/spring.factories]: [org.springframework.boot.test.autoconfigure.restdocs.RestDocsTestExecutionListener, org.springframework.boot.test.autoconfigure.web.client.MockRestServiceServerResetTestExecutionListener, org.springframework.boot.test.autoconfigure.web.servlet.MockMvcPrintOnlyOnFailureTestExecutionListener, org.springframework.boot.test.autoconfigure.web.servlet.WebDriverTestExecutionListener, org.springframework.boot.test.autoconfigure.webservices.client.MockWebServiceServerTestExecutionListener, org.springframework.boot.test.mock.mockito.MockitoTestExecutionListener, org.springframework.boot.test.mock.mockito.ResetMocksTestExecutionListener, org.springframework.test.context.web.ServletTestExecutionListener, org.springframework.test.context.support.DirtiesContextBeforeModesTestExecutionListener, org.springframework.test.context.support.DependencyInjectionTestExecutionListener, org.springframework.test.context.support.DirtiesContextTestExecutionListener, org.springframework.test.context.transaction.TransactionalTestExecutionListener, org.springframework.test.context.jdbc.SqlScriptsTestExecutionListener, org.springframework.test.context.event.EventPublishingTestExecutionListener]
2021-06-20 18:16:45.311  INFO 11944 --- [    Test worker] .b.t.c.SpringBootTestContextBootstrapper : Using TestExecutionListeners: [org.springframework.test.context.web.ServletTestExecutionListener@6fdbc4c8, org.springframework.test.context.support.DirtiesContextBeforeModesTestExecutionListener@4ba92d42, org.springframework.boot.test.mock.mockito.MockitoTestExecutionListener@2f927950, org.springframework.boot.test.autoconfigure.SpringBootDependencyInjectionTestExecutionListener@e0a2123, org.springframework.test.context.support.DirtiesContextTestExecutionListener@3fc659ae, org.springframework.test.context.transaction.TransactionalTestExecutionListener@3d87a029, org.springframework.test.context.jdbc.SqlScriptsTestExecutionListener@1e31630, org.springframework.test.context.event.EventPublishingTestExecutionListener@5ebf3c16, org.springframework.boot.test.autoconfigure.restdocs.RestDocsTestExecutionListener@53b90546, org.springframework.boot.test.autoconfigure.web.client.MockRestServiceServerResetTestExecutionListener@53bf71f0, org.springframework.boot.test.autoconfigure.web.servlet.MockMvcPrintOnlyOnFailureTestExecutionListener@4a74bf21, org.springframework.boot.test.autoconfigure.web.servlet.WebDriverTestExecutionListener@6d0c75f5, org.springframework.boot.test.autoconfigure.webservices.client.MockWebServiceServerTestExecutionListener@7684ce27, org.springframework.boot.test.mock.mockito.ResetMocksTestExecutionListener@5e1c11f6]
]]></system-out>
  <system-err><![CDATA[]]></system-err>
</testsuite>
