<?xml version="1.0" encoding="UTF-8"?>
<testsuite name="com.songify.api.servicetests.RoleServiceTests" tests="4" skipped="0" failures="0" errors="0" timestamp="2021-06-03T13:26:27" hostname="LAPTOP-4IPIM65U" time="0.042">
  <properties/>
  <testcase name="getAllRolesTest()" classname="com.songify.api.servicetests.RoleServiceTests" time="0.015"/>
  <testcase name="updateRoleTest()" classname="com.songify.api.servicetests.RoleServiceTests" time="0.014"/>
  <testcase name="updateRoleResourceNotFoundExceptionThrownTest()" classname="com.songify.api.servicetests.RoleServiceTests" time="0.004"/>
  <testcase name="getRoleByIdTest()" classname="com.songify.api.servicetests.RoleServiceTests" time="0.006"/>
  <system-out><![CDATA[2021-06-03 15:26:27.849  INFO 24696 --- [    Test worker] .b.t.c.SpringBootTestContextBootstrapper : Neither @ContextConfiguration nor @ContextHierarchy found for test class [com.songify.api.servicetests.RoleServiceTests], using SpringBootContextLoader
2021-06-03 15:26:27.850  INFO 24696 --- [    Test worker] o.s.t.c.support.AbstractContextLoader    : Could not detect default resource locations for test class [com.songify.api.servicetests.RoleServiceTests]: no resource found for suffixes {-context.xml, Context.groovy}.
2021-06-03 15:26:27.850  INFO 24696 --- [    Test worker] t.c.s.AnnotationConfigContextLoaderUtils : Could not detect default configuration classes for test class [com.songify.api.servicetests.RoleServiceTests]: RoleServiceTests does not declare any static, non-private, non-final, nested classes annotated with @Configuration.
2021-06-03 15:26:27.853  INFO 24696 --- [    Test worker] .b.t.c.SpringBootTestContextBootstrapper : Found @SpringBootConfiguration com.songify.api.ApiApplication for test class com.songify.api.servicetests.RoleServiceTests
2021-06-03 15:26:27.855  INFO 24696 --- [    Test worker] .b.t.c.SpringBootTestContextBootstrapper : Loaded default TestExecutionListener class names from location [META-INF/spring.factories]: [org.springframework.boot.test.autoconfigure.restdocs.RestDocsTestExecutionListener, org.springframework.boot.test.autoconfigure.web.client.MockRestServiceServerResetTestExecutionListener, org.springframework.boot.test.autoconfigure.web.servlet.MockMvcPrintOnlyOnFailureTestExecutionListener, org.springframework.boot.test.autoconfigure.web.servlet.WebDriverTestExecutionListener, org.springframework.boot.test.autoconfigure.webservices.client.MockWebServiceServerTestExecutionListener, org.springframework.boot.test.mock.mockito.MockitoTestExecutionListener, org.springframework.boot.test.mock.mockito.ResetMocksTestExecutionListener, org.springframework.test.context.web.ServletTestExecutionListener, org.springframework.test.context.support.DirtiesContextBeforeModesTestExecutionListener, org.springframework.test.context.event.ApplicationEventsTestExecutionListener, org.springframework.test.context.support.DependencyInjectionTestExecutionListener, org.springframework.test.context.support.DirtiesContextTestExecutionListener, org.springframework.test.context.transaction.TransactionalTestExecutionListener, org.springframework.test.context.jdbc.SqlScriptsTestExecutionListener, org.springframework.test.context.event.EventPublishingTestExecutionListener]
2021-06-03 15:26:27.855  INFO 24696 --- [    Test worker] .b.t.c.SpringBootTestContextBootstrapper : Using TestExecutionListeners: [org.springframework.test.context.web.ServletTestExecutionListener@795404ed, org.springframework.test.context.support.DirtiesContextBeforeModesTestExecutionListener@1a8c30ed, org.springframework.test.context.event.ApplicationEventsTestExecutionListener@57391e12, org.springframework.boot.test.mock.mockito.MockitoTestExecutionListener@34d8ff70, org.springframework.boot.test.autoconfigure.SpringBootDependencyInjectionTestExecutionListener@6df2f66a, org.springframework.test.context.support.DirtiesContextTestExecutionListener@1682b861, org.springframework.test.context.transaction.TransactionalTestExecutionListener@954ed2d, org.springframework.test.context.jdbc.SqlScriptsTestExecutionListener@7a04a008, org.springframework.test.context.event.EventPublishingTestExecutionListener@3f5884, org.springframework.boot.test.autoconfigure.restdocs.RestDocsTestExecutionListener@3fdb952, org.springframework.boot.test.autoconfigure.web.client.MockRestServiceServerResetTestExecutionListener@2dee0185, org.springframework.boot.test.autoconfigure.web.servlet.MockMvcPrintOnlyOnFailureTestExecutionListener@7235e0d0, org.springframework.boot.test.autoconfigure.web.servlet.WebDriverTestExecutionListener@8b47d6a, org.springframework.boot.test.autoconfigure.webservices.client.MockWebServiceServerTestExecutionListener@666d7207, org.springframework.boot.test.mock.mockito.ResetMocksTestExecutionListener@3bd2b566]
]]></system-out>
  <system-err><![CDATA[]]></system-err>
</testsuite>
