<?xml version="1.0" encoding="UTF-8"?>
<testsuite name="com.songify.api.servicetests.UserServiceTests" tests="6" skipped="0" failures="0" errors="0" timestamp="2021-06-03T13:26:27" hostname="LAPTOP-4IPIM65U" time="0.449">
  <properties/>
  <testcase name="updateUserThrowsUserNotFoundExceptionTest()" classname="com.songify.api.servicetests.UserServiceTests" time="0.006"/>
  <testcase name="getAllUsersTest()" classname="com.songify.api.servicetests.UserServiceTests" time="0.216"/>
  <testcase name="updateUserTest()" classname="com.songify.api.servicetests.UserServiceTests" time="0.068"/>
  <testcase name="getUserByUsernameAndPasswordWrongInputTest()" classname="com.songify.api.servicetests.UserServiceTests" time="0.004"/>
  <testcase name="getUserByUsernameAndPasswordTest()" classname="com.songify.api.servicetests.UserServiceTests" time="0.14"/>
  <testcase name="deleteUserTest()" classname="com.songify.api.servicetests.UserServiceTests" time="0.011"/>
  <system-out><![CDATA[2021-06-03 15:26:27.924  INFO 24696 --- [    Test worker] .b.t.c.SpringBootTestContextBootstrapper : Neither @ContextConfiguration nor @ContextHierarchy found for test class [com.songify.api.servicetests.UserServiceTests], using SpringBootContextLoader
2021-06-03 15:26:27.925  INFO 24696 --- [    Test worker] o.s.t.c.support.AbstractContextLoader    : Could not detect default resource locations for test class [com.songify.api.servicetests.UserServiceTests]: no resource found for suffixes {-context.xml, Context.groovy}.
2021-06-03 15:26:27.926  INFO 24696 --- [    Test worker] t.c.s.AnnotationConfigContextLoaderUtils : Could not detect default configuration classes for test class [com.songify.api.servicetests.UserServiceTests]: UserServiceTests does not declare any static, non-private, non-final, nested classes annotated with @Configuration.
2021-06-03 15:26:27.927  INFO 24696 --- [    Test worker] .b.t.c.SpringBootTestContextBootstrapper : Found @SpringBootConfiguration com.songify.api.ApiApplication for test class com.songify.api.servicetests.UserServiceTests
2021-06-03 15:26:27.929  INFO 24696 --- [    Test worker] .b.t.c.SpringBootTestContextBootstrapper : Loaded default TestExecutionListener class names from location [META-INF/spring.factories]: [org.springframework.boot.test.autoconfigure.restdocs.RestDocsTestExecutionListener, org.springframework.boot.test.autoconfigure.web.client.MockRestServiceServerResetTestExecutionListener, org.springframework.boot.test.autoconfigure.web.servlet.MockMvcPrintOnlyOnFailureTestExecutionListener, org.springframework.boot.test.autoconfigure.web.servlet.WebDriverTestExecutionListener, org.springframework.boot.test.autoconfigure.webservices.client.MockWebServiceServerTestExecutionListener, org.springframework.boot.test.mock.mockito.MockitoTestExecutionListener, org.springframework.boot.test.mock.mockito.ResetMocksTestExecutionListener, org.springframework.test.context.web.ServletTestExecutionListener, org.springframework.test.context.support.DirtiesContextBeforeModesTestExecutionListener, org.springframework.test.context.event.ApplicationEventsTestExecutionListener, org.springframework.test.context.support.DependencyInjectionTestExecutionListener, org.springframework.test.context.support.DirtiesContextTestExecutionListener, org.springframework.test.context.transaction.TransactionalTestExecutionListener, org.springframework.test.context.jdbc.SqlScriptsTestExecutionListener, org.springframework.test.context.event.EventPublishingTestExecutionListener]
2021-06-03 15:26:27.930  INFO 24696 --- [    Test worker] .b.t.c.SpringBootTestContextBootstrapper : Using TestExecutionListeners: [org.springframework.test.context.web.ServletTestExecutionListener@a28edf9, org.springframework.test.context.support.DirtiesContextBeforeModesTestExecutionListener@5f3d8ffc, org.springframework.test.context.event.ApplicationEventsTestExecutionListener@7dd00e8a, org.springframework.boot.test.mock.mockito.MockitoTestExecutionListener@8113f4d, org.springframework.boot.test.autoconfigure.SpringBootDependencyInjectionTestExecutionListener@459b4c93, org.springframework.test.context.support.DirtiesContextTestExecutionListener@766a69b3, org.springframework.test.context.transaction.TransactionalTestExecutionListener@b338daa, org.springframework.test.context.jdbc.SqlScriptsTestExecutionListener@ad930d6, org.springframework.test.context.event.EventPublishingTestExecutionListener@15b91aca, org.springframework.boot.test.autoconfigure.restdocs.RestDocsTestExecutionListener@303bde3f, org.springframework.boot.test.autoconfigure.web.client.MockRestServiceServerResetTestExecutionListener@27f25b4f, org.springframework.boot.test.autoconfigure.web.servlet.MockMvcPrintOnlyOnFailureTestExecutionListener@646e90e7, org.springframework.boot.test.autoconfigure.web.servlet.WebDriverTestExecutionListener@395cb9ea, org.springframework.boot.test.autoconfigure.webservices.client.MockWebServiceServerTestExecutionListener@577852d8, org.springframework.boot.test.mock.mockito.ResetMocksTestExecutionListener@6265435b]
]]></system-out>
  <system-err><![CDATA[]]></system-err>
</testsuite>
