<?xml version="1.0" encoding="UTF-8"?>
<testsuite name="com.songify.api.servicetests.UserServiceTests" tests="11" skipped="0" failures="0" errors="0" timestamp="2021-06-20T16:16:45" hostname="LAPTOP-4IPIM65U" time="0.313">
  <properties/>
  <testcase name="addUserTest()" classname="com.songify.api.servicetests.UserServiceTests" time="0.106"/>
  <testcase name="getAllUsersTest()" classname="com.songify.api.servicetests.UserServiceTests" time="0.005"/>
  <testcase name="getUserByUsernameAndPasswordBothWrongInputTest()" classname="com.songify.api.servicetests.UserServiceTests" time="0.005"/>
  <testcase name="saveUserTest()" classname="com.songify.api.servicetests.UserServiceTests" time="0.004"/>
  <testcase name="getUsernameByIdTest()" classname="com.songify.api.servicetests.UserServiceTests" time="0.004"/>
  <testcase name="updateUserTest()" classname="com.songify.api.servicetests.UserServiceTests" time="0.006"/>
  <testcase name="getUserByUsernameAndPasswordWrongInputTest()" classname="com.songify.api.servicetests.UserServiceTests" time="0.094"/>
  <testcase name="getUserByUsernameTest()" classname="com.songify.api.servicetests.UserServiceTests" time="0.003"/>
  <testcase name="getUserById()" classname="com.songify.api.servicetests.UserServiceTests" time="0.003"/>
  <testcase name="getUserByUsernameAndPasswordTest()" classname="com.songify.api.servicetests.UserServiceTests" time="0.075"/>
  <testcase name="deleteUserTest()" classname="com.songify.api.servicetests.UserServiceTests" time="0.003"/>
  <system-out><![CDATA[2021-06-20 18:16:45.705  INFO 11944 --- [    Test worker] .b.t.c.SpringBootTestContextBootstrapper : Neither @ContextConfiguration nor @ContextHierarchy found for test class [com.songify.api.servicetests.UserServiceTests], using SpringBootContextLoader
2021-06-20 18:16:45.706  INFO 11944 --- [    Test worker] o.s.t.c.support.AbstractContextLoader    : Could not detect default resource locations for test class [com.songify.api.servicetests.UserServiceTests]: no resource found for suffixes {-context.xml, Context.groovy}.
2021-06-20 18:16:45.706  INFO 11944 --- [    Test worker] t.c.s.AnnotationConfigContextLoaderUtils : Could not detect default configuration classes for test class [com.songify.api.servicetests.UserServiceTests]: UserServiceTests does not declare any static, non-private, non-final, nested classes annotated with @Configuration.
2021-06-20 18:16:45.708  INFO 11944 --- [    Test worker] .b.t.c.SpringBootTestContextBootstrapper : Found @SpringBootConfiguration com.songify.api.ApiApplication for test class com.songify.api.servicetests.UserServiceTests
2021-06-20 18:16:45.710  INFO 11944 --- [    Test worker] .b.t.c.SpringBootTestContextBootstrapper : Loaded default TestExecutionListener class names from location [META-INF/spring.factories]: [org.springframework.boot.test.autoconfigure.restdocs.RestDocsTestExecutionListener, org.springframework.boot.test.autoconfigure.web.client.MockRestServiceServerResetTestExecutionListener, org.springframework.boot.test.autoconfigure.web.servlet.MockMvcPrintOnlyOnFailureTestExecutionListener, org.springframework.boot.test.autoconfigure.web.servlet.WebDriverTestExecutionListener, org.springframework.boot.test.autoconfigure.webservices.client.MockWebServiceServerTestExecutionListener, org.springframework.boot.test.mock.mockito.MockitoTestExecutionListener, org.springframework.boot.test.mock.mockito.ResetMocksTestExecutionListener, org.springframework.test.context.web.ServletTestExecutionListener, org.springframework.test.context.support.DirtiesContextBeforeModesTestExecutionListener, org.springframework.test.context.support.DependencyInjectionTestExecutionListener, org.springframework.test.context.support.DirtiesContextTestExecutionListener, org.springframework.test.context.transaction.TransactionalTestExecutionListener, org.springframework.test.context.jdbc.SqlScriptsTestExecutionListener, org.springframework.test.context.event.EventPublishingTestExecutionListener]
2021-06-20 18:16:45.710  INFO 11944 --- [    Test worker] .b.t.c.SpringBootTestContextBootstrapper : Using TestExecutionListeners: [org.springframework.test.context.web.ServletTestExecutionListener@451fd743, org.springframework.test.context.support.DirtiesContextBeforeModesTestExecutionListener@1abb5bed, org.springframework.boot.test.mock.mockito.MockitoTestExecutionListener@24367672, org.springframework.boot.test.autoconfigure.SpringBootDependencyInjectionTestExecutionListener@141b599c, org.springframework.test.context.support.DirtiesContextTestExecutionListener@2f853193, org.springframework.test.context.transaction.TransactionalTestExecutionListener@6f2163bd, org.springframework.test.context.jdbc.SqlScriptsTestExecutionListener@78331dcd, org.springframework.test.context.event.EventPublishingTestExecutionListener@362a7cee, org.springframework.boot.test.autoconfigure.restdocs.RestDocsTestExecutionListener@3025ca11, org.springframework.boot.test.autoconfigure.web.client.MockRestServiceServerResetTestExecutionListener@54fd6b23, org.springframework.boot.test.autoconfigure.web.servlet.MockMvcPrintOnlyOnFailureTestExecutionListener@34c0c904, org.springframework.boot.test.autoconfigure.web.servlet.WebDriverTestExecutionListener@51e81e7e, org.springframework.boot.test.autoconfigure.webservices.client.MockWebServiceServerTestExecutionListener@4f032310, org.springframework.boot.test.mock.mockito.ResetMocksTestExecutionListener@7018eda0]
]]></system-out>
  <system-err><![CDATA[]]></system-err>
</testsuite>
