<?xml version="1.0" encoding="UTF-8"?>
<testsuite name="com.songify.api.UserTest" tests="1" skipped="0" failures="0" errors="0" timestamp="2021-06-12T13:37:07" hostname="LAPTOP-4IPIM65U" time="0.0">
  <properties/>
  <testcase name="UserEmailTest()" classname="com.songify.api.UserTest" time="0.0"/>
  <system-out><![CDATA[]]></system-out>
  <system-err><![CDATA[]]></system-err>
</testsuite>
