<?xml version="1.0" encoding="UTF-8"?>
<testsuite name="com.songify.api.servicetests.SongServiceTests" tests="2" skipped="0" failures="0" errors="0" timestamp="2021-06-10T15:54:04" hostname="LAPTOP-4IPIM65U" time="0.015">
  <properties/>
  <testcase name="findBySpotifyId()" classname="com.songify.api.servicetests.SongServiceTests" time="0.009"/>
  <testcase name="addSongTest()" classname="com.songify.api.servicetests.SongServiceTests" time="0.005"/>
  <system-out><![CDATA[2021-06-10 17:54:04.339  INFO 9652 --- [    Test worker] .b.t.c.SpringBootTestContextBootstrapper : Neither @ContextConfiguration nor @ContextHierarchy found for test class [com.songify.api.servicetests.SongServiceTests], using SpringBootContextLoader
2021-06-10 17:54:04.340  INFO 9652 --- [    Test worker] o.s.t.c.support.AbstractContextLoader    : Could not detect default resource locations for test class [com.songify.api.servicetests.SongServiceTests]: no resource found for suffixes {-context.xml, Context.groovy}.
2021-06-10 17:54:04.340  INFO 9652 --- [    Test worker] t.c.s.AnnotationConfigContextLoaderUtils : Could not detect default configuration classes for test class [com.songify.api.servicetests.SongServiceTests]: SongServiceTests does not declare any static, non-private, non-final, nested classes annotated with @Configuration.
2021-06-10 17:54:04.342  INFO 9652 --- [    Test worker] .b.t.c.SpringBootTestContextBootstrapper : Found @SpringBootConfiguration com.songify.api.ApiApplication for test class com.songify.api.servicetests.SongServiceTests
2021-06-10 17:54:04.343  INFO 9652 --- [    Test worker] .b.t.c.SpringBootTestContextBootstrapper : Loaded default TestExecutionListener class names from location [META-INF/spring.factories]: [org.springframework.boot.test.autoconfigure.restdocs.RestDocsTestExecutionListener, org.springframework.boot.test.autoconfigure.web.client.MockRestServiceServerResetTestExecutionListener, org.springframework.boot.test.autoconfigure.web.servlet.MockMvcPrintOnlyOnFailureTestExecutionListener, org.springframework.boot.test.autoconfigure.web.servlet.WebDriverTestExecutionListener, org.springframework.boot.test.autoconfigure.webservices.client.MockWebServiceServerTestExecutionListener, org.springframework.boot.test.mock.mockito.MockitoTestExecutionListener, org.springframework.boot.test.mock.mockito.ResetMocksTestExecutionListener, org.springframework.test.context.web.ServletTestExecutionListener, org.springframework.test.context.support.DirtiesContextBeforeModesTestExecutionListener, org.springframework.test.context.support.DependencyInjectionTestExecutionListener, org.springframework.test.context.support.DirtiesContextTestExecutionListener, org.springframework.test.context.transaction.TransactionalTestExecutionListener, org.springframework.test.context.jdbc.SqlScriptsTestExecutionListener, org.springframework.test.context.event.EventPublishingTestExecutionListener]
2021-06-10 17:54:04.343  INFO 9652 --- [    Test worker] .b.t.c.SpringBootTestContextBootstrapper : Using TestExecutionListeners: [org.springframework.test.context.web.ServletTestExecutionListener@4f066e3, org.springframework.test.context.support.DirtiesContextBeforeModesTestExecutionListener@360e1bdd, org.springframework.boot.test.mock.mockito.MockitoTestExecutionListener@29e97578, org.springframework.boot.test.autoconfigure.SpringBootDependencyInjectionTestExecutionListener@3d0da1a3, org.springframework.test.context.support.DirtiesContextTestExecutionListener@3a4d1f9f, org.springframework.test.context.transaction.TransactionalTestExecutionListener@7cdb2bf8, org.springframework.test.context.jdbc.SqlScriptsTestExecutionListener@1e7bc3ae, org.springframework.test.context.event.EventPublishingTestExecutionListener@4e2b797b, org.springframework.boot.test.autoconfigure.restdocs.RestDocsTestExecutionListener@1c4826c6, org.springframework.boot.test.autoconfigure.web.client.MockRestServiceServerResetTestExecutionListener@39e95a5c, org.springframework.boot.test.autoconfigure.web.servlet.MockMvcPrintOnlyOnFailureTestExecutionListener@794f987c, org.springframework.boot.test.autoconfigure.web.servlet.WebDriverTestExecutionListener@6cbad68f, org.springframework.boot.test.autoconfigure.webservices.client.MockWebServiceServerTestExecutionListener@3119b3c8, org.springframework.boot.test.mock.mockito.ResetMocksTestExecutionListener@42d1240d]
]]></system-out>
  <system-err><![CDATA[]]></system-err>
</testsuite>
