<?xml version="1.0" encoding="UTF-8"?>
<testsuite name="com.songify.api.model.dto.NewPlaylistRequestTests" tests="4" skipped="0" failures="0" errors="0" timestamp="2021-06-10T15:54:03" hostname="LAPTOP-4IPIM65U" time="0.029">
  <properties/>
  <testcase name="getTitleTest()" classname="com.songify.api.model.dto.NewPlaylistRequestTests" time="0.008"/>
  <testcase name="setDescTest()" classname="com.songify.api.model.dto.NewPlaylistRequestTests" time="0.006"/>
  <testcase name="getDescTest()" classname="com.songify.api.model.dto.NewPlaylistRequestTests" time="0.004"/>
  <testcase name="setTitleTest()" classname="com.songify.api.model.dto.NewPlaylistRequestTests" time="0.006"/>
  <system-out><![CDATA[2021-06-10 17:54:03.110  INFO 9652 --- [    Test worker] .b.t.c.SpringBootTestContextBootstrapper : Neither @ContextConfiguration nor @ContextHierarchy found for test class [com.songify.api.model.dto.NewPlaylistRequestTests], using SpringBootContextLoader
2021-06-10 17:54:03.111  INFO 9652 --- [    Test worker] o.s.t.c.support.AbstractContextLoader    : Could not detect default resource locations for test class [com.songify.api.model.dto.NewPlaylistRequestTests]: no resource found for suffixes {-context.xml, Context.groovy}.
2021-06-10 17:54:03.112  INFO 9652 --- [    Test worker] t.c.s.AnnotationConfigContextLoaderUtils : Could not detect default configuration classes for test class [com.songify.api.model.dto.NewPlaylistRequestTests]: NewPlaylistRequestTests does not declare any static, non-private, non-final, nested classes annotated with @Configuration.
2021-06-10 17:54:03.114  INFO 9652 --- [    Test worker] .b.t.c.SpringBootTestContextBootstrapper : Found @SpringBootConfiguration com.songify.api.ApiApplication for test class com.songify.api.model.dto.NewPlaylistRequestTests
2021-06-10 17:54:03.117  INFO 9652 --- [    Test worker] .b.t.c.SpringBootTestContextBootstrapper : Loaded default TestExecutionListener class names from location [META-INF/spring.factories]: [org.springframework.boot.test.autoconfigure.restdocs.RestDocsTestExecutionListener, org.springframework.boot.test.autoconfigure.web.client.MockRestServiceServerResetTestExecutionListener, org.springframework.boot.test.autoconfigure.web.servlet.MockMvcPrintOnlyOnFailureTestExecutionListener, org.springframework.boot.test.autoconfigure.web.servlet.WebDriverTestExecutionListener, org.springframework.boot.test.autoconfigure.webservices.client.MockWebServiceServerTestExecutionListener, org.springframework.boot.test.mock.mockito.MockitoTestExecutionListener, org.springframework.boot.test.mock.mockito.ResetMocksTestExecutionListener, org.springframework.test.context.web.ServletTestExecutionListener, org.springframework.test.context.support.DirtiesContextBeforeModesTestExecutionListener, org.springframework.test.context.support.DependencyInjectionTestExecutionListener, org.springframework.test.context.support.DirtiesContextTestExecutionListener, org.springframework.test.context.transaction.TransactionalTestExecutionListener, org.springframework.test.context.jdbc.SqlScriptsTestExecutionListener, org.springframework.test.context.event.EventPublishingTestExecutionListener]
2021-06-10 17:54:03.118  INFO 9652 --- [    Test worker] .b.t.c.SpringBootTestContextBootstrapper : Using TestExecutionListeners: [org.springframework.test.context.web.ServletTestExecutionListener@3aa0e891, org.springframework.test.context.support.DirtiesContextBeforeModesTestExecutionListener@43c73659, org.springframework.boot.test.mock.mockito.MockitoTestExecutionListener@4772b444, org.springframework.boot.test.autoconfigure.SpringBootDependencyInjectionTestExecutionListener@2b6745b9, org.springframework.test.context.support.DirtiesContextTestExecutionListener@163ed424, org.springframework.test.context.transaction.TransactionalTestExecutionListener@6cb15d44, org.springframework.test.context.jdbc.SqlScriptsTestExecutionListener@3eb30402, org.springframework.test.context.event.EventPublishingTestExecutionListener@2f68c4e0, org.springframework.boot.test.autoconfigure.restdocs.RestDocsTestExecutionListener@4f17badd, org.springframework.boot.test.autoconfigure.web.client.MockRestServiceServerResetTestExecutionListener@292a9506, org.springframework.boot.test.autoconfigure.web.servlet.MockMvcPrintOnlyOnFailureTestExecutionListener@f1f1735, org.springframework.boot.test.autoconfigure.web.servlet.WebDriverTestExecutionListener@66b98df2, org.springframework.boot.test.autoconfigure.webservices.client.MockWebServiceServerTestExecutionListener@148a12aa, org.springframework.boot.test.mock.mockito.ResetMocksTestExecutionListener@69752798]
]]></system-out>
  <system-err><![CDATA[]]></system-err>
</testsuite>
