<?xml version="1.0" encoding="UTF-8"?>
<testsuite name="com.songify.api.model.AuditableTests" tests="4" skipped="0" failures="0" errors="0" timestamp="2021-06-20T16:16:44" hostname="LAPTOP-4IPIM65U" time="0.165">
  <properties/>
  <testcase name="auditableGetAndSetCreatedByTest()" classname="com.songify.api.model.AuditableTests" time="0.149"/>
  <testcase name="auditableGetAndSetLastModifiedByTest()" classname="com.songify.api.model.AuditableTests" time="0.004"/>
  <testcase name="auditableGetAndSetLastModifiedDateTest()" classname="com.songify.api.model.AuditableTests" time="0.004"/>
  <testcase name="auditableGetAndSetCreatedDateTest()" classname="com.songify.api.model.AuditableTests" time="0.004"/>
  <system-out><![CDATA[2021-06-20 18:16:44.593  INFO 11944 --- [    Test worker] .b.t.c.SpringBootTestContextBootstrapper : Neither @ContextConfiguration nor @ContextHierarchy found for test class [com.songify.api.model.AuditableTests], using SpringBootContextLoader
2021-06-20 18:16:44.594  INFO 11944 --- [    Test worker] o.s.t.c.support.AbstractContextLoader    : Could not detect default resource locations for test class [com.songify.api.model.AuditableTests]: no resource found for suffixes {-context.xml, Context.groovy}.
2021-06-20 18:16:44.594  INFO 11944 --- [    Test worker] t.c.s.AnnotationConfigContextLoaderUtils : Could not detect default configuration classes for test class [com.songify.api.model.AuditableTests]: AuditableTests does not declare any static, non-private, non-final, nested classes annotated with @Configuration.
2021-06-20 18:16:44.605  INFO 11944 --- [    Test worker] .b.t.c.SpringBootTestContextBootstrapper : Found @SpringBootConfiguration com.songify.api.ApiApplication for test class com.songify.api.model.AuditableTests
2021-06-20 18:16:44.607  INFO 11944 --- [    Test worker] .b.t.c.SpringBootTestContextBootstrapper : Loaded default TestExecutionListener class names from location [META-INF/spring.factories]: [org.springframework.boot.test.autoconfigure.restdocs.RestDocsTestExecutionListener, org.springframework.boot.test.autoconfigure.web.client.MockRestServiceServerResetTestExecutionListener, org.springframework.boot.test.autoconfigure.web.servlet.MockMvcPrintOnlyOnFailureTestExecutionListener, org.springframework.boot.test.autoconfigure.web.servlet.WebDriverTestExecutionListener, org.springframework.boot.test.autoconfigure.webservices.client.MockWebServiceServerTestExecutionListener, org.springframework.boot.test.mock.mockito.MockitoTestExecutionListener, org.springframework.boot.test.mock.mockito.ResetMocksTestExecutionListener, org.springframework.test.context.web.ServletTestExecutionListener, org.springframework.test.context.support.DirtiesContextBeforeModesTestExecutionListener, org.springframework.test.context.support.DependencyInjectionTestExecutionListener, org.springframework.test.context.support.DirtiesContextTestExecutionListener, org.springframework.test.context.transaction.TransactionalTestExecutionListener, org.springframework.test.context.jdbc.SqlScriptsTestExecutionListener, org.springframework.test.context.event.EventPublishingTestExecutionListener]
2021-06-20 18:16:44.607  INFO 11944 --- [    Test worker] .b.t.c.SpringBootTestContextBootstrapper : Using TestExecutionListeners: [org.springframework.test.context.web.ServletTestExecutionListener@40fa6c5c, org.springframework.test.context.support.DirtiesContextBeforeModesTestExecutionListener@44ef4c52, org.springframework.boot.test.mock.mockito.MockitoTestExecutionListener@d53c3b9, org.springframework.boot.test.autoconfigure.SpringBootDependencyInjectionTestExecutionListener@7f5759db, org.springframework.test.context.support.DirtiesContextTestExecutionListener@6c5c52e1, org.springframework.test.context.transaction.TransactionalTestExecutionListener@52ef0ee4, org.springframework.test.context.jdbc.SqlScriptsTestExecutionListener@4132410b, org.springframework.test.context.event.EventPublishingTestExecutionListener@4ee4177, org.springframework.boot.test.autoconfigure.restdocs.RestDocsTestExecutionListener@aabc051, org.springframework.boot.test.autoconfigure.web.client.MockRestServiceServerResetTestExecutionListener@201977ce, org.springframework.boot.test.autoconfigure.web.servlet.MockMvcPrintOnlyOnFailureTestExecutionListener@737050df, org.springframework.boot.test.autoconfigure.web.servlet.WebDriverTestExecutionListener@563423f, org.springframework.boot.test.autoconfigure.webservices.client.MockWebServiceServerTestExecutionListener@519eb38a, org.springframework.boot.test.mock.mockito.ResetMocksTestExecutionListener@3ad20970]
]]></system-out>
  <system-err><![CDATA[]]></system-err>
</testsuite>
