<?xml version="1.0" encoding="UTF-8"?>
<testsuite name="com.songify.api.servicetests.AuthServiceTests" tests="1" skipped="0" failures="0" errors="0" timestamp="2021-06-12T13:37:06" hostname="LAPTOP-4IPIM65U" time="0.306">
  <properties/>
  <testcase name="loginTest()" classname="com.songify.api.servicetests.AuthServiceTests" time="0.306"/>
  <system-out><![CDATA[2021-06-12 15:37:06.158  INFO 1964 --- [    Test worker] .b.t.c.SpringBootTestContextBootstrapper : Neither @ContextConfiguration nor @ContextHierarchy found for test class [com.songify.api.servicetests.AuthServiceTests], using SpringBootContextLoader
2021-06-12 15:37:06.159  INFO 1964 --- [    Test worker] o.s.t.c.support.AbstractContextLoader    : Could not detect default resource locations for test class [com.songify.api.servicetests.AuthServiceTests]: no resource found for suffixes {-context.xml, Context.groovy}.
2021-06-12 15:37:06.159  INFO 1964 --- [    Test worker] t.c.s.AnnotationConfigContextLoaderUtils : Could not detect default configuration classes for test class [com.songify.api.servicetests.AuthServiceTests]: AuthServiceTests does not declare any static, non-private, non-final, nested classes annotated with @Configuration.
2021-06-12 15:37:06.161  INFO 1964 --- [    Test worker] .b.t.c.SpringBootTestContextBootstrapper : Found @SpringBootConfiguration com.songify.api.ApiApplication for test class com.songify.api.servicetests.AuthServiceTests
2021-06-12 15:37:06.162  INFO 1964 --- [    Test worker] .b.t.c.SpringBootTestContextBootstrapper : Loaded default TestExecutionListener class names from location [META-INF/spring.factories]: [org.springframework.boot.test.autoconfigure.restdocs.RestDocsTestExecutionListener, org.springframework.boot.test.autoconfigure.web.client.MockRestServiceServerResetTestExecutionListener, org.springframework.boot.test.autoconfigure.web.servlet.MockMvcPrintOnlyOnFailureTestExecutionListener, org.springframework.boot.test.autoconfigure.web.servlet.WebDriverTestExecutionListener, org.springframework.boot.test.autoconfigure.webservices.client.MockWebServiceServerTestExecutionListener, org.springframework.boot.test.mock.mockito.MockitoTestExecutionListener, org.springframework.boot.test.mock.mockito.ResetMocksTestExecutionListener, org.springframework.test.context.web.ServletTestExecutionListener, org.springframework.test.context.support.DirtiesContextBeforeModesTestExecutionListener, org.springframework.test.context.support.DependencyInjectionTestExecutionListener, org.springframework.test.context.support.DirtiesContextTestExecutionListener, org.springframework.test.context.transaction.TransactionalTestExecutionListener, org.springframework.test.context.jdbc.SqlScriptsTestExecutionListener, org.springframework.test.context.event.EventPublishingTestExecutionListener]
2021-06-12 15:37:06.163  INFO 1964 --- [    Test worker] .b.t.c.SpringBootTestContextBootstrapper : Using TestExecutionListeners: [org.springframework.test.context.web.ServletTestExecutionListener@4b3520b1, org.springframework.test.context.support.DirtiesContextBeforeModesTestExecutionListener@6977c7e6, org.springframework.boot.test.mock.mockito.MockitoTestExecutionListener@1be126e3, org.springframework.boot.test.autoconfigure.SpringBootDependencyInjectionTestExecutionListener@1d559699, org.springframework.test.context.support.DirtiesContextTestExecutionListener@7f871d2a, org.springframework.test.context.transaction.TransactionalTestExecutionListener@2818adcb, org.springframework.test.context.jdbc.SqlScriptsTestExecutionListener@3a5c5015, org.springframework.test.context.event.EventPublishingTestExecutionListener@b8ce899, org.springframework.boot.test.autoconfigure.restdocs.RestDocsTestExecutionListener@4ca5ca8f, org.springframework.boot.test.autoconfigure.web.client.MockRestServiceServerResetTestExecutionListener@21be4025, org.springframework.boot.test.autoconfigure.web.servlet.MockMvcPrintOnlyOnFailureTestExecutionListener@79ba60ff, org.springframework.boot.test.autoconfigure.web.servlet.WebDriverTestExecutionListener@151e9771, org.springframework.boot.test.autoconfigure.webservices.client.MockWebServiceServerTestExecutionListener@778dc6ef, org.springframework.boot.test.mock.mockito.ResetMocksTestExecutionListener@24e10f53]
]]></system-out>
  <system-err><![CDATA[]]></system-err>
</testsuite>
