<?xml version="1.0" encoding="UTF-8"?>
<testsuite name="com.songify.api.servicetests.UserServiceTests" tests="4" skipped="0" failures="0" errors="0" timestamp="2021-06-12T13:37:06" hostname="LAPTOP-4IPIM65U" time="0.328">
  <properties/>
  <testcase name="getAllUsersTest()" classname="com.songify.api.servicetests.UserServiceTests" time="0.028"/>
  <testcase name="updateUserTest()" classname="com.songify.api.servicetests.UserServiceTests" time="0.155"/>
  <testcase name="getUserByUsernameAndPasswordWrongInputTest()" classname="com.songify.api.servicetests.UserServiceTests" time="0.003"/>
  <testcase name="getUserByUsernameAndPasswordTest()" classname="com.songify.api.servicetests.UserServiceTests" time="0.14"/>
  <system-out><![CDATA[2021-06-12 15:37:06.960  INFO 1964 --- [    Test worker] .b.t.c.SpringBootTestContextBootstrapper : Neither @ContextConfiguration nor @ContextHierarchy found for test class [com.songify.api.servicetests.UserServiceTests], using SpringBootContextLoader
2021-06-12 15:37:06.961  INFO 1964 --- [    Test worker] o.s.t.c.support.AbstractContextLoader    : Could not detect default resource locations for test class [com.songify.api.servicetests.UserServiceTests]: no resource found for suffixes {-context.xml, Context.groovy}.
2021-06-12 15:37:06.961  INFO 1964 --- [    Test worker] t.c.s.AnnotationConfigContextLoaderUtils : Could not detect default configuration classes for test class [com.songify.api.servicetests.UserServiceTests]: UserServiceTests does not declare any static, non-private, non-final, nested classes annotated with @Configuration.
2021-06-12 15:37:06.963  INFO 1964 --- [    Test worker] .b.t.c.SpringBootTestContextBootstrapper : Found @SpringBootConfiguration com.songify.api.ApiApplication for test class com.songify.api.servicetests.UserServiceTests
2021-06-12 15:37:06.965  INFO 1964 --- [    Test worker] .b.t.c.SpringBootTestContextBootstrapper : Loaded default TestExecutionListener class names from location [META-INF/spring.factories]: [org.springframework.boot.test.autoconfigure.restdocs.RestDocsTestExecutionListener, org.springframework.boot.test.autoconfigure.web.client.MockRestServiceServerResetTestExecutionListener, org.springframework.boot.test.autoconfigure.web.servlet.MockMvcPrintOnlyOnFailureTestExecutionListener, org.springframework.boot.test.autoconfigure.web.servlet.WebDriverTestExecutionListener, org.springframework.boot.test.autoconfigure.webservices.client.MockWebServiceServerTestExecutionListener, org.springframework.boot.test.mock.mockito.MockitoTestExecutionListener, org.springframework.boot.test.mock.mockito.ResetMocksTestExecutionListener, org.springframework.test.context.web.ServletTestExecutionListener, org.springframework.test.context.support.DirtiesContextBeforeModesTestExecutionListener, org.springframework.test.context.support.DependencyInjectionTestExecutionListener, org.springframework.test.context.support.DirtiesContextTestExecutionListener, org.springframework.test.context.transaction.TransactionalTestExecutionListener, org.springframework.test.context.jdbc.SqlScriptsTestExecutionListener, org.springframework.test.context.event.EventPublishingTestExecutionListener]
2021-06-12 15:37:06.967  INFO 1964 --- [    Test worker] .b.t.c.SpringBootTestContextBootstrapper : Using TestExecutionListeners: [org.springframework.test.context.web.ServletTestExecutionListener@302a4df9, org.springframework.test.context.support.DirtiesContextBeforeModesTestExecutionListener@5ecf6212, org.springframework.boot.test.mock.mockito.MockitoTestExecutionListener@3ae578f4, org.springframework.boot.test.autoconfigure.SpringBootDependencyInjectionTestExecutionListener@4bc9abc1, org.springframework.test.context.support.DirtiesContextTestExecutionListener@296e62c4, org.springframework.test.context.transaction.TransactionalTestExecutionListener@c145a09, org.springframework.test.context.jdbc.SqlScriptsTestExecutionListener@1d27a1a7, org.springframework.test.context.event.EventPublishingTestExecutionListener@1bb69661, org.springframework.boot.test.autoconfigure.restdocs.RestDocsTestExecutionListener@4114af91, org.springframework.boot.test.autoconfigure.web.client.MockRestServiceServerResetTestExecutionListener@6f7e61a8, org.springframework.boot.test.autoconfigure.web.servlet.MockMvcPrintOnlyOnFailureTestExecutionListener@4f74df79, org.springframework.boot.test.autoconfigure.web.servlet.WebDriverTestExecutionListener@60de4d68, org.springframework.boot.test.autoconfigure.webservices.client.MockWebServiceServerTestExecutionListener@4d21ec5, org.springframework.boot.test.mock.mockito.ResetMocksTestExecutionListener@183d5cd6]
]]></system-out>
  <system-err><![CDATA[]]></system-err>
</testsuite>
