<?xml version="1.0" encoding="UTF-8"?>
<testsuite name="com.songify.api.model.dto.NewPlaylistRequestTests" tests="4" skipped="0" failures="0" errors="0" timestamp="2021-06-12T13:37:02" hostname="LAPTOP-4IPIM65U" time="0.017">
  <properties/>
  <testcase name="getTitleTest()" classname="com.songify.api.model.dto.NewPlaylistRequestTests" time="0.003"/>
  <testcase name="setDescTest()" classname="com.songify.api.model.dto.NewPlaylistRequestTests" time="0.003"/>
  <testcase name="getDescTest()" classname="com.songify.api.model.dto.NewPlaylistRequestTests" time="0.004"/>
  <testcase name="setTitleTest()" classname="com.songify.api.model.dto.NewPlaylistRequestTests" time="0.003"/>
  <system-out><![CDATA[2021-06-12 15:37:02.403  INFO 1964 --- [    Test worker] .b.t.c.SpringBootTestContextBootstrapper : Neither @ContextConfiguration nor @ContextHierarchy found for test class [com.songify.api.model.dto.NewPlaylistRequestTests], using SpringBootContextLoader
2021-06-12 15:37:02.403  INFO 1964 --- [    Test worker] o.s.t.c.support.AbstractContextLoader    : Could not detect default resource locations for test class [com.songify.api.model.dto.NewPlaylistRequestTests]: no resource found for suffixes {-context.xml, Context.groovy}.
2021-06-12 15:37:02.404  INFO 1964 --- [    Test worker] t.c.s.AnnotationConfigContextLoaderUtils : Could not detect default configuration classes for test class [com.songify.api.model.dto.NewPlaylistRequestTests]: NewPlaylistRequestTests does not declare any static, non-private, non-final, nested classes annotated with @Configuration.
2021-06-12 15:37:02.405  INFO 1964 --- [    Test worker] .b.t.c.SpringBootTestContextBootstrapper : Found @SpringBootConfiguration com.songify.api.ApiApplication for test class com.songify.api.model.dto.NewPlaylistRequestTests
2021-06-12 15:37:02.406  INFO 1964 --- [    Test worker] .b.t.c.SpringBootTestContextBootstrapper : Loaded default TestExecutionListener class names from location [META-INF/spring.factories]: [org.springframework.boot.test.autoconfigure.restdocs.RestDocsTestExecutionListener, org.springframework.boot.test.autoconfigure.web.client.MockRestServiceServerResetTestExecutionListener, org.springframework.boot.test.autoconfigure.web.servlet.MockMvcPrintOnlyOnFailureTestExecutionListener, org.springframework.boot.test.autoconfigure.web.servlet.WebDriverTestExecutionListener, org.springframework.boot.test.autoconfigure.webservices.client.MockWebServiceServerTestExecutionListener, org.springframework.boot.test.mock.mockito.MockitoTestExecutionListener, org.springframework.boot.test.mock.mockito.ResetMocksTestExecutionListener, org.springframework.test.context.web.ServletTestExecutionListener, org.springframework.test.context.support.DirtiesContextBeforeModesTestExecutionListener, org.springframework.test.context.support.DependencyInjectionTestExecutionListener, org.springframework.test.context.support.DirtiesContextTestExecutionListener, org.springframework.test.context.transaction.TransactionalTestExecutionListener, org.springframework.test.context.jdbc.SqlScriptsTestExecutionListener, org.springframework.test.context.event.EventPublishingTestExecutionListener]
2021-06-12 15:37:02.407  INFO 1964 --- [    Test worker] .b.t.c.SpringBootTestContextBootstrapper : Using TestExecutionListeners: [org.springframework.test.context.web.ServletTestExecutionListener@a91eb20, org.springframework.test.context.support.DirtiesContextBeforeModesTestExecutionListener@15700848, org.springframework.boot.test.mock.mockito.MockitoTestExecutionListener@7dd2f34d, org.springframework.boot.test.autoconfigure.SpringBootDependencyInjectionTestExecutionListener@5d601dae, org.springframework.test.context.support.DirtiesContextTestExecutionListener@58ad35c9, org.springframework.test.context.transaction.TransactionalTestExecutionListener@4d8a44dc, org.springframework.test.context.jdbc.SqlScriptsTestExecutionListener@27a89ebb, org.springframework.test.context.event.EventPublishingTestExecutionListener@7a787a8d, org.springframework.boot.test.autoconfigure.restdocs.RestDocsTestExecutionListener@4b4a0b76, org.springframework.boot.test.autoconfigure.web.client.MockRestServiceServerResetTestExecutionListener@54f90a67, org.springframework.boot.test.autoconfigure.web.servlet.MockMvcPrintOnlyOnFailureTestExecutionListener@37c71b05, org.springframework.boot.test.autoconfigure.web.servlet.WebDriverTestExecutionListener@ed2a362, org.springframework.boot.test.autoconfigure.webservices.client.MockWebServiceServerTestExecutionListener@15d81875, org.springframework.boot.test.mock.mockito.ResetMocksTestExecutionListener@9ee929b]
]]></system-out>
  <system-err><![CDATA[]]></system-err>
</testsuite>
