<?xml version="1.0" encoding="UTF-8"?>
<testsuite name="com.songify.api.model.dto.LoginRequestTests" tests="4" skipped="0" failures="0" errors="0" timestamp="2021-06-10T15:54:03" hostname="LAPTOP-4IPIM65U" time="0.03">
  <properties/>
  <testcase name="getPasswordTest()" classname="com.songify.api.model.dto.LoginRequestTests" time="0.005"/>
  <testcase name="getUsernameTest()" classname="com.songify.api.model.dto.LoginRequestTests" time="0.007"/>
  <testcase name="setPasswordTest()" classname="com.songify.api.model.dto.LoginRequestTests" time="0.006"/>
  <testcase name="setUsernameTest()" classname="com.songify.api.model.dto.LoginRequestTests" time="0.007"/>
  <system-out><![CDATA[2021-06-10 17:54:03.045  INFO 9652 --- [    Test worker] .b.t.c.SpringBootTestContextBootstrapper : Neither @ContextConfiguration nor @ContextHierarchy found for test class [com.songify.api.model.dto.LoginRequestTests], using SpringBootContextLoader
2021-06-10 17:54:03.047  INFO 9652 --- [    Test worker] o.s.t.c.support.AbstractContextLoader    : Could not detect default resource locations for test class [com.songify.api.model.dto.LoginRequestTests]: no resource found for suffixes {-context.xml, Context.groovy}.
2021-06-10 17:54:03.047  INFO 9652 --- [    Test worker] t.c.s.AnnotationConfigContextLoaderUtils : Could not detect default configuration classes for test class [com.songify.api.model.dto.LoginRequestTests]: LoginRequestTests does not declare any static, non-private, non-final, nested classes annotated with @Configuration.
2021-06-10 17:54:03.068  INFO 9652 --- [    Test worker] .b.t.c.SpringBootTestContextBootstrapper : Found @SpringBootConfiguration com.songify.api.ApiApplication for test class com.songify.api.model.dto.LoginRequestTests
2021-06-10 17:54:03.071  INFO 9652 --- [    Test worker] .b.t.c.SpringBootTestContextBootstrapper : Loaded default TestExecutionListener class names from location [META-INF/spring.factories]: [org.springframework.boot.test.autoconfigure.restdocs.RestDocsTestExecutionListener, org.springframework.boot.test.autoconfigure.web.client.MockRestServiceServerResetTestExecutionListener, org.springframework.boot.test.autoconfigure.web.servlet.MockMvcPrintOnlyOnFailureTestExecutionListener, org.springframework.boot.test.autoconfigure.web.servlet.WebDriverTestExecutionListener, org.springframework.boot.test.autoconfigure.webservices.client.MockWebServiceServerTestExecutionListener, org.springframework.boot.test.mock.mockito.MockitoTestExecutionListener, org.springframework.boot.test.mock.mockito.ResetMocksTestExecutionListener, org.springframework.test.context.web.ServletTestExecutionListener, org.springframework.test.context.support.DirtiesContextBeforeModesTestExecutionListener, org.springframework.test.context.support.DependencyInjectionTestExecutionListener, org.springframework.test.context.support.DirtiesContextTestExecutionListener, org.springframework.test.context.transaction.TransactionalTestExecutionListener, org.springframework.test.context.jdbc.SqlScriptsTestExecutionListener, org.springframework.test.context.event.EventPublishingTestExecutionListener]
2021-06-10 17:54:03.073  INFO 9652 --- [    Test worker] .b.t.c.SpringBootTestContextBootstrapper : Using TestExecutionListeners: [org.springframework.test.context.web.ServletTestExecutionListener@7caa3cd2, org.springframework.test.context.support.DirtiesContextBeforeModesTestExecutionListener@23c38a50, org.springframework.boot.test.mock.mockito.MockitoTestExecutionListener@514f6f1, org.springframework.boot.test.autoconfigure.SpringBootDependencyInjectionTestExecutionListener@2ceb68f4, org.springframework.test.context.support.DirtiesContextTestExecutionListener@10a8d17, org.springframework.test.context.transaction.TransactionalTestExecutionListener@3ea4066c, org.springframework.test.context.jdbc.SqlScriptsTestExecutionListener@1ca5cc37, org.springframework.test.context.event.EventPublishingTestExecutionListener@6b7eab9f, org.springframework.boot.test.autoconfigure.restdocs.RestDocsTestExecutionListener@3ec9f1d2, org.springframework.boot.test.autoconfigure.web.client.MockRestServiceServerResetTestExecutionListener@20c01701, org.springframework.boot.test.autoconfigure.web.servlet.MockMvcPrintOnlyOnFailureTestExecutionListener@1236a35a, org.springframework.boot.test.autoconfigure.web.servlet.WebDriverTestExecutionListener@c8ad0d0, org.springframework.boot.test.autoconfigure.webservices.client.MockWebServiceServerTestExecutionListener@7d3ce7f2, org.springframework.boot.test.mock.mockito.ResetMocksTestExecutionListener@5d648f4b]
]]></system-out>
  <system-err><![CDATA[]]></system-err>
</testsuite>
