<?xml version="1.0" encoding="UTF-8"?>
<testsuite name="com.songify.api.ApiApplicationTests" tests="1" skipped="0" failures="0" errors="0" timestamp="2021-06-20T16:16:44" hostname="LAPTOP-4IPIM65U" time="0.05">
  <properties/>
  <testcase name="contextLoads()" classname="com.songify.api.ApiApplicationTests" time="0.05"/>
  <system-out><![CDATA[18:16:36.214 [Test worker] DEBUG org.springframework.test.context.BootstrapUtils - Instantiating CacheAwareContextLoaderDelegate from class [org.springframework.test.context.cache.DefaultCacheAwareContextLoaderDelegate]
18:16:36.248 [Test worker] DEBUG org.springframework.test.context.BootstrapUtils - Instantiating BootstrapContext using constructor [public org.springframework.test.context.support.DefaultBootstrapContext(java.lang.Class,org.springframework.test.context.CacheAwareContextLoaderDelegate)]
18:16:36.312 [Test worker] DEBUG org.springframework.test.context.BootstrapUtils - Instantiating TestContextBootstrapper for test class [com.songify.api.ApiApplicationTests] from class [org.springframework.boot.test.context.SpringBootTestContextBootstrapper]
18:16:36.348 [Test worker] INFO org.springframework.boot.test.context.SpringBootTestContextBootstrapper - Neither @ContextConfiguration nor @ContextHierarchy found for test class [com.songify.api.ApiApplicationTests], using SpringBootContextLoader
18:16:36.357 [Test worker] DEBUG org.springframework.test.context.support.AbstractContextLoader - Did not detect default resource location for test class [com.songify.api.ApiApplicationTests]: class path resource [com/songify/api/ApiApplicationTests-context.xml] does not exist
18:16:36.358 [Test worker] DEBUG org.springframework.test.context.support.AbstractContextLoader - Did not detect default resource location for test class [com.songify.api.ApiApplicationTests]: class path resource [com/songify/api/ApiApplicationTestsContext.groovy] does not exist
18:16:36.359 [Test worker] INFO org.springframework.test.context.support.AbstractContextLoader - Could not detect default resource locations for test class [com.songify.api.ApiApplicationTests]: no resource found for suffixes {-context.xml, Context.groovy}.
18:16:36.360 [Test worker] INFO org.springframework.test.context.support.AnnotationConfigContextLoaderUtils - Could not detect default configuration classes for test class [com.songify.api.ApiApplicationTests]: ApiApplicationTests does not declare any static, non-private, non-final, nested classes annotated with @Configuration.
18:16:36.426 [Test worker] DEBUG org.springframework.test.context.support.ActiveProfilesUtils - Could not find an 'annotation declaring class' for annotation type [org.springframework.test.context.ActiveProfiles] and class [com.songify.api.ApiApplicationTests]
18:16:36.554 [Test worker] DEBUG org.springframework.context.annotation.ClassPathScanningCandidateComponentProvider - Identified candidate component class: file [D:\S3\individual track\songify-backend\build\classes\java\main\com\songify\api\ApiApplication.class]
18:16:36.556 [Test worker] INFO org.springframework.boot.test.context.SpringBootTestContextBootstrapper - Found @SpringBootConfiguration com.songify.api.ApiApplication for test class com.songify.api.ApiApplicationTests
18:16:36.767 [Test worker] DEBUG org.springframework.boot.test.context.SpringBootTestContextBootstrapper - @TestExecutionListeners is not present for class [com.songify.api.ApiApplicationTests]: using defaults.
18:16:36.769 [Test worker] INFO org.springframework.boot.test.context.SpringBootTestContextBootstrapper - Loaded default TestExecutionListener class names from location [META-INF/spring.factories]: [org.springframework.boot.test.autoconfigure.restdocs.RestDocsTestExecutionListener, org.springframework.boot.test.autoconfigure.web.client.MockRestServiceServerResetTestExecutionListener, org.springframework.boot.test.autoconfigure.web.servlet.MockMvcPrintOnlyOnFailureTestExecutionListener, org.springframework.boot.test.autoconfigure.web.servlet.WebDriverTestExecutionListener, org.springframework.boot.test.autoconfigure.webservices.client.MockWebServiceServerTestExecutionListener, org.springframework.boot.test.mock.mockito.MockitoTestExecutionListener, org.springframework.boot.test.mock.mockito.ResetMocksTestExecutionListener, org.springframework.test.context.web.ServletTestExecutionListener, org.springframework.test.context.support.DirtiesContextBeforeModesTestExecutionListener, org.springframework.test.context.support.DependencyInjectionTestExecutionListener, org.springframework.test.context.support.DirtiesContextTestExecutionListener, org.springframework.test.context.transaction.TransactionalTestExecutionListener, org.springframework.test.context.jdbc.SqlScriptsTestExecutionListener, org.springframework.test.context.event.EventPublishingTestExecutionListener]
18:16:36.806 [Test worker] INFO org.springframework.boot.test.context.SpringBootTestContextBootstrapper - Using TestExecutionListeners: [org.springframework.test.context.web.ServletTestExecutionListener@61fcca7b, org.springframework.test.context.support.DirtiesContextBeforeModesTestExecutionListener@e695712, org.springframework.boot.test.mock.mockito.MockitoTestExecutionListener@2e4a3e4d, org.springframework.boot.test.autoconfigure.SpringBootDependencyInjectionTestExecutionListener@1b9a0ae8, org.springframework.test.context.support.DirtiesContextTestExecutionListener@1cb2a4f2, org.springframework.test.context.transaction.TransactionalTestExecutionListener@5827b1b1, org.springframework.test.context.jdbc.SqlScriptsTestExecutionListener@276054ae, org.springframework.test.context.event.EventPublishingTestExecutionListener@6ce6c7e0, org.springframework.boot.test.autoconfigure.restdocs.RestDocsTestExecutionListener@65fa7bba, org.springframework.boot.test.autoconfigure.web.client.MockRestServiceServerResetTestExecutionListener@35e48d, org.springframework.boot.test.autoconfigure.web.servlet.MockMvcPrintOnlyOnFailureTestExecutionListener@25550501, org.springframework.boot.test.autoconfigure.web.servlet.WebDriverTestExecutionListener@7f560f8c, org.springframework.boot.test.autoconfigure.webservices.client.MockWebServiceServerTestExecutionListener@49c78c77, org.springframework.boot.test.mock.mockito.ResetMocksTestExecutionListener@6679084e]
18:16:36.813 [Test worker] DEBUG org.springframework.test.context.support.AbstractDirtiesContextTestExecutionListener - Before test class: context [DefaultTestContext@250290c2 testClass = ApiApplicationTests, testInstance = [null], testMethod = [null], testException = [null], mergedContextConfiguration = [WebMergedContextConfiguration@461851c0 testClass = ApiApplicationTests, locations = '{}', classes = '{class com.songify.api.ApiApplication}', contextInitializerClasses = '[]', activeProfiles = '{}', propertySourceLocations = '{}', propertySourceProperties = '{org.springframework.boot.test.context.SpringBootTestContextBootstrapper=true}', contextCustomizers = set[org.springframework.boot.test.autoconfigure.properties.PropertyMappingContextCustomizer@0, org.springframework.boot.test.autoconfigure.web.servlet.WebDriverContextCustomizerFactory$Customizer@5c1c4add, org.springframework.boot.test.context.filter.ExcludeFilterContextCustomizer@7903975e, org.springframework.boot.test.json.DuplicateJsonObjectContextCustomizerFactory$DuplicateJsonObjectContextCustomizer@6ed26cab, org.springframework.boot.test.mock.mockito.MockitoContextCustomizer@0, org.springframework.boot.test.web.client.TestRestTemplateContextCustomizer@19cd7355, org.springframework.boot.test.context.SpringBootTestArgs@1], resourceBasePath = 'src/main/webapp', contextLoader = 'org.springframework.boot.test.context.SpringBootContextLoader', parent = [null]], attributes = map['org.springframework.test.context.web.ServletTestExecutionListener.activateListener' -> true]], class annotated with @DirtiesContext [false] with mode [null].
18:16:36.862 [Test worker] DEBUG org.springframework.test.context.support.TestPropertySourceUtils - Adding inlined properties to environment: {spring.jmx.enabled=false, org.springframework.boot.test.context.SpringBootTestContextBootstrapper=true}

  .   ____          _            __ _ _
 /\\ / ___'_ __ _ _(_)_ __  __ _ \ \ \ \
( ( )\___ | '_ | '_| | '_ \/ _` | \ \ \ \
 \\/  ___)| |_)| | | | | || (_| |  ) ) ) )
  '  |____| .__|_| |_|_| |_\__, | / / / /
 =========|_|==============|___/=/_/_/_/
 :: Spring Boot ::        (v2.3.1.RELEASE)

2021-06-20 18:16:37.319  INFO 11944 --- [    Test worker] com.songify.api.ApiApplicationTests      : Starting ApiApplicationTests on LAPTOP-4IPIM65U with PID 11944 (started by david in D:\S3\individual track\songify-backend)
2021-06-20 18:16:37.321  INFO 11944 --- [    Test worker] com.songify.api.ApiApplicationTests      : The following profiles are active: prod
2021-06-20 18:16:38.470  INFO 11944 --- [    Test worker] .s.d.r.c.RepositoryConfigurationDelegate : Bootstrapping Spring Data JPA repositories in DEFERRED mode.
2021-06-20 18:16:38.613  INFO 11944 --- [    Test worker] .s.d.r.c.RepositoryConfigurationDelegate : Finished Spring Data repository scanning in 132ms. Found 7 JPA repository interfaces.
2021-06-20 18:16:39.651  INFO 11944 --- [    Test worker] o.hibernate.jpa.internal.util.LogHelper  : HHH000204: Processing PersistenceUnitInfo [name: default]
2021-06-20 18:16:39.738  INFO 11944 --- [    Test worker] org.hibernate.Version                    : HHH000412: Hibernate ORM core version 5.4.17.Final
2021-06-20 18:16:39.973  INFO 11944 --- [    Test worker] o.hibernate.annotations.common.Version   : HCANN000001: Hibernate Commons Annotations {5.1.0.Final}
2021-06-20 18:16:40.147  INFO 11944 --- [    Test worker] com.zaxxer.hikari.HikariDataSource       : HikariPool-1 - Starting...
2021-06-20 18:16:40.697  INFO 11944 --- [    Test worker] com.zaxxer.hikari.HikariDataSource       : HikariPool-1 - Start completed.
2021-06-20 18:16:40.755  INFO 11944 --- [    Test worker] org.hibernate.dialect.Dialect            : HHH000400: Using dialect: org.hibernate.dialect.MySQL8Dialect
2021-06-20 18:16:42.139  INFO 11944 --- [    Test worker] o.h.e.t.j.p.i.JtaPlatformInitiator       : HHH000490: Using JtaPlatform implementation: [org.hibernate.engine.transaction.jta.platform.internal.NoJtaPlatform]
2021-06-20 18:16:42.152  INFO 11944 --- [    Test worker] j.LocalContainerEntityManagerFactoryBean : Initialized JPA EntityManagerFactory for persistence unit 'default'
2021-06-20 18:16:42.301  WARN 11944 --- [    Test worker] JpaBaseConfiguration$JpaWebConfiguration : spring.jpa.open-in-view is enabled by default. Therefore, database queries may be performed during view rendering. Explicitly configure spring.jpa.open-in-view to disable this warning
2021-06-20 18:16:42.517  INFO 11944 --- [    Test worker] o.s.s.concurrent.ThreadPoolTaskExecutor  : Initializing ExecutorService 'clientInboundChannelExecutor'
2021-06-20 18:16:42.529  INFO 11944 --- [    Test worker] o.s.s.concurrent.ThreadPoolTaskExecutor  : Initializing ExecutorService 'clientOutboundChannelExecutor'
2021-06-20 18:16:42.915  INFO 11944 --- [    Test worker] o.s.s.web.DefaultSecurityFilterChain     : Will secure any request with [org.springframework.security.web.context.request.async.WebAsyncManagerIntegrationFilter@3f53e6c1, org.springframework.security.web.context.SecurityContextPersistenceFilter@51f03cf, org.springframework.security.web.header.HeaderWriterFilter@3a59d3a8, org.springframework.security.web.authentication.logout.LogoutFilter@c285840, com.songify.api.filter.JWTAuthenticationFilter@37886fed, com.songify.api.filter.JWTAuthorizationFilter@90bf90b, org.springframework.security.web.savedrequest.RequestCacheAwareFilter@f5352d6, org.springframework.security.web.servletapi.SecurityContextHolderAwareRequestFilter@5b026646, org.springframework.security.web.authentication.AnonymousAuthenticationFilter@225556f1, org.springframework.security.web.session.SessionManagementFilter@658544d5, org.springframework.security.web.access.ExceptionTranslationFilter@361bc825, org.springframework.security.web.access.intercept.FilterSecurityInterceptor@3708eddf]
2021-06-20 18:16:43.038  INFO 11944 --- [    Test worker] o.s.s.c.ThreadPoolTaskScheduler          : Initializing ExecutorService 'messageBrokerTaskScheduler'
2021-06-20 18:16:43.110  INFO 11944 --- [    Test worker] o.s.s.concurrent.ThreadPoolTaskExecutor  : Initializing ExecutorService 'brokerChannelExecutor'
2021-06-20 18:16:43.869  INFO 11944 --- [    Test worker] o.s.m.s.b.SimpleBrokerMessageHandler     : Starting...
2021-06-20 18:16:43.870  INFO 11944 --- [    Test worker] o.s.m.s.b.SimpleBrokerMessageHandler     : BrokerAvailabilityEvent[available=true, SimpleBrokerMessageHandler [DefaultSubscriptionRegistry[cache[0 destination(s)], registry[0 sessions]]]]
2021-06-20 18:16:43.870  INFO 11944 --- [    Test worker] o.s.m.s.b.SimpleBrokerMessageHandler     : Started.
2021-06-20 18:16:43.871  INFO 11944 --- [    Test worker] DeferredRepositoryInitializationListener : Triggering deferred initialization of Spring Data repositories…
2021-06-20 18:16:44.503  INFO 11944 --- [    Test worker] DeferredRepositoryInitializationListener : Spring Data repositories initialized!
2021-06-20 18:16:44.511  INFO 11944 --- [    Test worker] com.songify.api.ApiApplicationTests      : Started ApiApplicationTests in 7.629 seconds (JVM running for 9.935)
]]></system-out>
  <system-err><![CDATA[]]></system-err>
</testsuite>
