<?xml version="1.0" encoding="UTF-8"?>
<testsuite name="com.songify.api.model.SongTests" tests="3" skipped="0" failures="0" errors="0" timestamp="2021-06-20T16:16:44" hostname="LAPTOP-4IPIM65U" time="0.008">
  <properties/>
  <testcase name="setSpotifyIdTest()" classname="com.songify.api.model.SongTests" time="0.002"/>
  <testcase name="getSpotifyIdTest()" classname="com.songify.api.model.SongTests" time="0.003"/>
  <testcase name="getAndSetIdTest()" classname="com.songify.api.model.SongTests" time="0.002"/>
  <system-out><![CDATA[2021-06-20 18:16:44.951  INFO 11944 --- [    Test worker] .b.t.c.SpringBootTestContextBootstrapper : Neither @ContextConfiguration nor @ContextHierarchy found for test class [com.songify.api.model.SongTests], using SpringBootContextLoader
2021-06-20 18:16:44.952  INFO 11944 --- [    Test worker] o.s.t.c.support.AbstractContextLoader    : Could not detect default resource locations for test class [com.songify.api.model.SongTests]: no resource found for suffixes {-context.xml, Context.groovy}.
2021-06-20 18:16:44.952  INFO 11944 --- [    Test worker] t.c.s.AnnotationConfigContextLoaderUtils : Could not detect default configuration classes for test class [com.songify.api.model.SongTests]: SongTests does not declare any static, non-private, non-final, nested classes annotated with @Configuration.
2021-06-20 18:16:44.954  INFO 11944 --- [    Test worker] .b.t.c.SpringBootTestContextBootstrapper : Found @SpringBootConfiguration com.songify.api.ApiApplication for test class com.songify.api.model.SongTests
2021-06-20 18:16:44.956  INFO 11944 --- [    Test worker] .b.t.c.SpringBootTestContextBootstrapper : Loaded default TestExecutionListener class names from location [META-INF/spring.factories]: [org.springframework.boot.test.autoconfigure.restdocs.RestDocsTestExecutionListener, org.springframework.boot.test.autoconfigure.web.client.MockRestServiceServerResetTestExecutionListener, org.springframework.boot.test.autoconfigure.web.servlet.MockMvcPrintOnlyOnFailureTestExecutionListener, org.springframework.boot.test.autoconfigure.web.servlet.WebDriverTestExecutionListener, org.springframework.boot.test.autoconfigure.webservices.client.MockWebServiceServerTestExecutionListener, org.springframework.boot.test.mock.mockito.MockitoTestExecutionListener, org.springframework.boot.test.mock.mockito.ResetMocksTestExecutionListener, org.springframework.test.context.web.ServletTestExecutionListener, org.springframework.test.context.support.DirtiesContextBeforeModesTestExecutionListener, org.springframework.test.context.support.DependencyInjectionTestExecutionListener, org.springframework.test.context.support.DirtiesContextTestExecutionListener, org.springframework.test.context.transaction.TransactionalTestExecutionListener, org.springframework.test.context.jdbc.SqlScriptsTestExecutionListener, org.springframework.test.context.event.EventPublishingTestExecutionListener]
2021-06-20 18:16:44.957  INFO 11944 --- [    Test worker] .b.t.c.SpringBootTestContextBootstrapper : Using TestExecutionListeners: [org.springframework.test.context.web.ServletTestExecutionListener@74187f68, org.springframework.test.context.support.DirtiesContextBeforeModesTestExecutionListener@1a589e9c, org.springframework.boot.test.mock.mockito.MockitoTestExecutionListener@5842d439, org.springframework.boot.test.autoconfigure.SpringBootDependencyInjectionTestExecutionListener@6c865fc2, org.springframework.test.context.support.DirtiesContextTestExecutionListener@5b528e05, org.springframework.test.context.transaction.TransactionalTestExecutionListener@520578d, org.springframework.test.context.jdbc.SqlScriptsTestExecutionListener@4b0db80c, org.springframework.test.context.event.EventPublishingTestExecutionListener@152b86e0, org.springframework.boot.test.autoconfigure.restdocs.RestDocsTestExecutionListener@5ac600e6, org.springframework.boot.test.autoconfigure.web.client.MockRestServiceServerResetTestExecutionListener@5dddb80c, org.springframework.boot.test.autoconfigure.web.servlet.MockMvcPrintOnlyOnFailureTestExecutionListener@7b36a663, org.springframework.boot.test.autoconfigure.web.servlet.WebDriverTestExecutionListener@32633363, org.springframework.boot.test.autoconfigure.webservices.client.MockWebServiceServerTestExecutionListener@5848c4f9, org.springframework.boot.test.mock.mockito.ResetMocksTestExecutionListener@68e51a24]
]]></system-out>
  <system-err><![CDATA[]]></system-err>
</testsuite>
