<?xml version="1.0" encoding="UTF-8"?>
<testsuite name="com.songify.api.ApiApplicationTests" tests="1" skipped="0" failures="0" errors="0" timestamp="2021-06-10T15:54:02" hostname="LAPTOP-4IPIM65U" time="0.006">
  <properties/>
  <testcase name="contextLoads()" classname="com.songify.api.ApiApplicationTests" time="0.006"/>
  <system-out><![CDATA[2021-06-10 17:54:00.474  INFO 9652 --- [    Test worker] .b.t.c.SpringBootTestContextBootstrapper : Neither @ContextConfiguration nor @ContextHierarchy found for test class [com.songify.api.ApiApplicationTests], using SpringBootContextLoader
2021-06-10 17:54:00.475  INFO 9652 --- [    Test worker] o.s.t.c.support.AbstractContextLoader    : Could not detect default resource locations for test class [com.songify.api.ApiApplicationTests]: no resource found for suffixes {-context.xml, Context.groovy}.
2021-06-10 17:54:00.475  INFO 9652 --- [    Test worker] t.c.s.AnnotationConfigContextLoaderUtils : Could not detect default configuration classes for test class [com.songify.api.ApiApplicationTests]: ApiApplicationTests does not declare any static, non-private, non-final, nested classes annotated with @Configuration.
2021-06-10 17:54:00.481  INFO 9652 --- [    Test worker] .b.t.c.SpringBootTestContextBootstrapper : Found @SpringBootConfiguration com.songify.api.ApiApplication for test class com.songify.api.ApiApplicationTests
2021-06-10 17:54:00.483  INFO 9652 --- [    Test worker] .b.t.c.SpringBootTestContextBootstrapper : Loaded default TestExecutionListener class names from location [META-INF/spring.factories]: [org.springframework.boot.test.autoconfigure.restdocs.RestDocsTestExecutionListener, org.springframework.boot.test.autoconfigure.web.client.MockRestServiceServerResetTestExecutionListener, org.springframework.boot.test.autoconfigure.web.servlet.MockMvcPrintOnlyOnFailureTestExecutionListener, org.springframework.boot.test.autoconfigure.web.servlet.WebDriverTestExecutionListener, org.springframework.boot.test.autoconfigure.webservices.client.MockWebServiceServerTestExecutionListener, org.springframework.boot.test.mock.mockito.MockitoTestExecutionListener, org.springframework.boot.test.mock.mockito.ResetMocksTestExecutionListener, org.springframework.test.context.web.ServletTestExecutionListener, org.springframework.test.context.support.DirtiesContextBeforeModesTestExecutionListener, org.springframework.test.context.support.DependencyInjectionTestExecutionListener, org.springframework.test.context.support.DirtiesContextTestExecutionListener, org.springframework.test.context.transaction.TransactionalTestExecutionListener, org.springframework.test.context.jdbc.SqlScriptsTestExecutionListener, org.springframework.test.context.event.EventPublishingTestExecutionListener]
2021-06-10 17:54:00.484  INFO 9652 --- [    Test worker] .b.t.c.SpringBootTestContextBootstrapper : Using TestExecutionListeners: [org.springframework.test.context.web.ServletTestExecutionListener@7cc7eca6, org.springframework.test.context.support.DirtiesContextBeforeModesTestExecutionListener@454cc859, org.springframework.boot.test.mock.mockito.MockitoTestExecutionListener@6ca439d4, org.springframework.boot.test.autoconfigure.SpringBootDependencyInjectionTestExecutionListener@2155d3af, org.springframework.test.context.support.DirtiesContextTestExecutionListener@62b4b9ff, org.springframework.test.context.transaction.TransactionalTestExecutionListener@4119abf0, org.springframework.test.context.jdbc.SqlScriptsTestExecutionListener@c3e509e, org.springframework.test.context.event.EventPublishingTestExecutionListener@3f9321d, org.springframework.boot.test.autoconfigure.restdocs.RestDocsTestExecutionListener@44c508dc, org.springframework.boot.test.autoconfigure.web.client.MockRestServiceServerResetTestExecutionListener@480f6d9f, org.springframework.boot.test.autoconfigure.web.servlet.MockMvcPrintOnlyOnFailureTestExecutionListener@364b6ea0, org.springframework.boot.test.autoconfigure.web.servlet.WebDriverTestExecutionListener@7ce8dbae, org.springframework.boot.test.autoconfigure.webservices.client.MockWebServiceServerTestExecutionListener@1007af07, org.springframework.boot.test.mock.mockito.ResetMocksTestExecutionListener@23d74b0d]

  .   ____          _            __ _ _
 /\\ / ___'_ __ _ _(_)_ __  __ _ \ \ \ \
( ( )\___ | '_ | '_| | '_ \/ _` | \ \ \ \
 \\/  ___)| |_)| | | | | || (_| |  ) ) ) )
  '  |____| .__|_| |_|_| |_\__, | / / / /
 =========|_|==============|___/=/_/_/_/
 :: Spring Boot ::        (v2.3.1.RELEASE)

2021-06-10 17:54:00.518  INFO 9652 --- [    Test worker] com.songify.api.ApiApplicationTests      : Starting ApiApplicationTests on LAPTOP-4IPIM65U with PID 9652 (started by david in D:\S3\individual track\songify-backend)
2021-06-10 17:54:00.518  INFO 9652 --- [    Test worker] com.songify.api.ApiApplicationTests      : The following profiles are active: prod
2021-06-10 17:54:00.836  INFO 9652 --- [    Test worker] .s.d.r.c.RepositoryConfigurationDelegate : Bootstrapping Spring Data JPA repositories in DEFERRED mode.
2021-06-10 17:54:00.881  INFO 9652 --- [    Test worker] .s.d.r.c.RepositoryConfigurationDelegate : Finished Spring Data repository scanning in 45ms. Found 7 JPA repository interfaces.
2021-06-10 17:54:01.101  INFO 9652 --- [    Test worker] o.hibernate.jpa.internal.util.LogHelper  : HHH000204: Processing PersistenceUnitInfo [name: default]
2021-06-10 17:54:01.110  INFO 9652 --- [    Test worker] com.zaxxer.hikari.HikariDataSource       : HikariPool-2 - Starting...
2021-06-10 17:54:01.640  INFO 9652 --- [    Test worker] com.zaxxer.hikari.HikariDataSource       : HikariPool-2 - Start completed.
2021-06-10 17:54:01.644  INFO 9652 --- [    Test worker] org.hibernate.dialect.Dialect            : HHH000400: Using dialect: org.hibernate.dialect.MySQL8Dialect
2021-06-10 17:54:02.047  INFO 9652 --- [    Test worker] o.h.e.t.j.p.i.JtaPlatformInitiator       : HHH000490: Using JtaPlatform implementation: [org.hibernate.engine.transaction.jta.platform.internal.NoJtaPlatform]
2021-06-10 17:54:02.048  INFO 9652 --- [    Test worker] j.LocalContainerEntityManagerFactoryBean : Initialized JPA EntityManagerFactory for persistence unit 'default'
2021-06-10 17:54:02.116  WARN 9652 --- [    Test worker] JpaBaseConfiguration$JpaWebConfiguration : spring.jpa.open-in-view is enabled by default. Therefore, database queries may be performed during view rendering. Explicitly configure spring.jpa.open-in-view to disable this warning
2021-06-10 17:54:02.204  INFO 9652 --- [    Test worker] o.s.s.concurrent.ThreadPoolTaskExecutor  : Initializing ExecutorService 'clientInboundChannelExecutor'
2021-06-10 17:54:02.210  INFO 9652 --- [    Test worker] o.s.s.concurrent.ThreadPoolTaskExecutor  : Initializing ExecutorService 'clientOutboundChannelExecutor'
2021-06-10 17:54:02.343  INFO 9652 --- [    Test worker] o.s.s.web.DefaultSecurityFilterChain     : Will secure any request with [org.springframework.security.web.context.request.async.WebAsyncManagerIntegrationFilter@4b631c37, org.springframework.security.web.context.SecurityContextPersistenceFilter@755aa5d3, org.springframework.security.web.header.HeaderWriterFilter@1b69dde7, org.springframework.security.web.authentication.logout.LogoutFilter@7bd3f34f, com.songify.api.filter.JWTAuthenticationFilter@5d910aae, com.songify.api.filter.JWTAuthorizationFilter@664ddd68, org.springframework.security.web.savedrequest.RequestCacheAwareFilter@725b1e67, org.springframework.security.web.servletapi.SecurityContextHolderAwareRequestFilter@2708732e, org.springframework.security.web.authentication.AnonymousAuthenticationFilter@4951c5fc, org.springframework.security.web.session.SessionManagementFilter@f9e7dbb, org.springframework.security.web.access.ExceptionTranslationFilter@799fc33c, org.springframework.security.web.access.intercept.FilterSecurityInterceptor@6c08676a]
2021-06-10 17:54:02.378  INFO 9652 --- [    Test worker] o.s.s.c.ThreadPoolTaskScheduler          : Initializing ExecutorService 'messageBrokerTaskScheduler'
2021-06-10 17:54:02.394  INFO 9652 --- [    Test worker] o.s.s.concurrent.ThreadPoolTaskExecutor  : Initializing ExecutorService 'brokerChannelExecutor'
2021-06-10 17:54:02.785  INFO 9652 --- [    Test worker] o.s.m.s.b.SimpleBrokerMessageHandler     : Starting...
2021-06-10 17:54:02.785  INFO 9652 --- [    Test worker] o.s.m.s.b.SimpleBrokerMessageHandler     : BrokerAvailabilityEvent[available=true, SimpleBrokerMessageHandler [DefaultSubscriptionRegistry[cache[0 destination(s)], registry[0 sessions]]]]
2021-06-10 17:54:02.786  INFO 9652 --- [    Test worker] o.s.m.s.b.SimpleBrokerMessageHandler     : Started.
2021-06-10 17:54:02.787  INFO 9652 --- [    Test worker] DeferredRepositoryInitializationListener : Triggering deferred initialization of Spring Data repositoriesâ€¦
2021-06-10 17:54:02.946  INFO 9652 --- [    Test worker] DeferredRepositoryInitializationListener : Spring Data repositories initialized!
2021-06-10 17:54:02.949  INFO 9652 --- [    Test worker] com.songify.api.ApiApplicationTests      : Started ApiApplicationTests in 2.461 seconds (JVM running for 13.913)
]]></system-out>
  <system-err><![CDATA[]]></system-err>
</testsuite>
