<?xml version="1.0" encoding="UTF-8"?>
<testsuite name="com.songify.api.model.SongTests" tests="3" skipped="0" failures="0" errors="0" timestamp="2021-06-10T15:54:03" hostname="LAPTOP-4IPIM65U" time="0.014">
  <properties/>
  <testcase name="setSpotifyIdTest()" classname="com.songify.api.model.SongTests" time="0.003"/>
  <testcase name="getSpotifyIdTest()" classname="com.songify.api.model.SongTests" time="0.005"/>
  <testcase name="getAndSetIdTest()" classname="com.songify.api.model.SongTests" time="0.004"/>
  <system-out><![CDATA[2021-06-10 17:54:03.255  INFO 9652 --- [    Test worker] .b.t.c.SpringBootTestContextBootstrapper : Neither @ContextConfiguration nor @ContextHierarchy found for test class [com.songify.api.model.SongTests], using SpringBootContextLoader
2021-06-10 17:54:03.258  INFO 9652 --- [    Test worker] o.s.t.c.support.AbstractContextLoader    : Could not detect default resource locations for test class [com.songify.api.model.SongTests]: no resource found for suffixes {-context.xml, Context.groovy}.
2021-06-10 17:54:03.259  INFO 9652 --- [    Test worker] t.c.s.AnnotationConfigContextLoaderUtils : Could not detect default configuration classes for test class [com.songify.api.model.SongTests]: SongTests does not declare any static, non-private, non-final, nested classes annotated with @Configuration.
2021-06-10 17:54:03.261  INFO 9652 --- [    Test worker] .b.t.c.SpringBootTestContextBootstrapper : Found @SpringBootConfiguration com.songify.api.ApiApplication for test class com.songify.api.model.SongTests
2021-06-10 17:54:03.264  INFO 9652 --- [    Test worker] .b.t.c.SpringBootTestContextBootstrapper : Loaded default TestExecutionListener class names from location [META-INF/spring.factories]: [org.springframework.boot.test.autoconfigure.restdocs.RestDocsTestExecutionListener, org.springframework.boot.test.autoconfigure.web.client.MockRestServiceServerResetTestExecutionListener, org.springframework.boot.test.autoconfigure.web.servlet.MockMvcPrintOnlyOnFailureTestExecutionListener, org.springframework.boot.test.autoconfigure.web.servlet.WebDriverTestExecutionListener, org.springframework.boot.test.autoconfigure.webservices.client.MockWebServiceServerTestExecutionListener, org.springframework.boot.test.mock.mockito.MockitoTestExecutionListener, org.springframework.boot.test.mock.mockito.ResetMocksTestExecutionListener, org.springframework.test.context.web.ServletTestExecutionListener, org.springframework.test.context.support.DirtiesContextBeforeModesTestExecutionListener, org.springframework.test.context.support.DependencyInjectionTestExecutionListener, org.springframework.test.context.support.DirtiesContextTestExecutionListener, org.springframework.test.context.transaction.TransactionalTestExecutionListener, org.springframework.test.context.jdbc.SqlScriptsTestExecutionListener, org.springframework.test.context.event.EventPublishingTestExecutionListener]
2021-06-10 17:54:03.265  INFO 9652 --- [    Test worker] .b.t.c.SpringBootTestContextBootstrapper : Using TestExecutionListeners: [org.springframework.test.context.web.ServletTestExecutionListener@566e45a4, org.springframework.test.context.support.DirtiesContextBeforeModesTestExecutionListener@3f56e9b8, org.springframework.boot.test.mock.mockito.MockitoTestExecutionListener@4da733c, org.springframework.boot.test.autoconfigure.SpringBootDependencyInjectionTestExecutionListener@657ba89e, org.springframework.test.context.support.DirtiesContextTestExecutionListener@411c82f0, org.springframework.test.context.transaction.TransactionalTestExecutionListener@490fb842, org.springframework.test.context.jdbc.SqlScriptsTestExecutionListener@1e1b61cc, org.springframework.test.context.event.EventPublishingTestExecutionListener@269c05c9, org.springframework.boot.test.autoconfigure.restdocs.RestDocsTestExecutionListener@33218e8, org.springframework.boot.test.autoconfigure.web.client.MockRestServiceServerResetTestExecutionListener@37cb7d64, org.springframework.boot.test.autoconfigure.web.servlet.MockMvcPrintOnlyOnFailureTestExecutionListener@721b6f50, org.springframework.boot.test.autoconfigure.web.servlet.WebDriverTestExecutionListener@34ef8e97, org.springframework.boot.test.autoconfigure.webservices.client.MockWebServiceServerTestExecutionListener@278935ba, org.springframework.boot.test.mock.mockito.ResetMocksTestExecutionListener@4bc54c72]
]]></system-out>
  <system-err><![CDATA[]]></system-err>
</testsuite>
