<?xml version="1.0" encoding="UTF-8"?>
<testsuite name="com.songify.api.model.AuditableTests" tests="4" skipped="0" failures="0" errors="0" timestamp="2021-06-12T13:37:02" hostname="LAPTOP-4IPIM65U" time="0.253">
  <properties/>
  <testcase name="auditableGetAndSetCreatedByTest()" classname="com.songify.api.model.AuditableTests" time="0.241"/>
  <testcase name="auditableGetAndSetLastModifiedByTest()" classname="com.songify.api.model.AuditableTests" time="0.003"/>
  <testcase name="auditableGetAndSetLastModifiedDateTest()" classname="com.songify.api.model.AuditableTests" time="0.003"/>
  <testcase name="auditableGetAndSetCreatedDateTest()" classname="com.songify.api.model.AuditableTests" time="0.003"/>
  <system-out><![CDATA[2021-06-12 15:37:02.101  INFO 1964 --- [    Test worker] .b.t.c.SpringBootTestContextBootstrapper : Neither @ContextConfiguration nor @ContextHierarchy found for test class [com.songify.api.model.AuditableTests], using SpringBootContextLoader
2021-06-12 15:37:02.101  INFO 1964 --- [    Test worker] o.s.t.c.support.AbstractContextLoader    : Could not detect default resource locations for test class [com.songify.api.model.AuditableTests]: no resource found for suffixes {-context.xml, Context.groovy}.
2021-06-12 15:37:02.102  INFO 1964 --- [    Test worker] t.c.s.AnnotationConfigContextLoaderUtils : Could not detect default configuration classes for test class [com.songify.api.model.AuditableTests]: AuditableTests does not declare any static, non-private, non-final, nested classes annotated with @Configuration.
2021-06-12 15:37:02.111  INFO 1964 --- [    Test worker] .b.t.c.SpringBootTestContextBootstrapper : Found @SpringBootConfiguration com.songify.api.ApiApplication for test class com.songify.api.model.AuditableTests
2021-06-12 15:37:02.113  INFO 1964 --- [    Test worker] .b.t.c.SpringBootTestContextBootstrapper : Loaded default TestExecutionListener class names from location [META-INF/spring.factories]: [org.springframework.boot.test.autoconfigure.restdocs.RestDocsTestExecutionListener, org.springframework.boot.test.autoconfigure.web.client.MockRestServiceServerResetTestExecutionListener, org.springframework.boot.test.autoconfigure.web.servlet.MockMvcPrintOnlyOnFailureTestExecutionListener, org.springframework.boot.test.autoconfigure.web.servlet.WebDriverTestExecutionListener, org.springframework.boot.test.autoconfigure.webservices.client.MockWebServiceServerTestExecutionListener, org.springframework.boot.test.mock.mockito.MockitoTestExecutionListener, org.springframework.boot.test.mock.mockito.ResetMocksTestExecutionListener, org.springframework.test.context.web.ServletTestExecutionListener, org.springframework.test.context.support.DirtiesContextBeforeModesTestExecutionListener, org.springframework.test.context.support.DependencyInjectionTestExecutionListener, org.springframework.test.context.support.DirtiesContextTestExecutionListener, org.springframework.test.context.transaction.TransactionalTestExecutionListener, org.springframework.test.context.jdbc.SqlScriptsTestExecutionListener, org.springframework.test.context.event.EventPublishingTestExecutionListener]
2021-06-12 15:37:02.113  INFO 1964 --- [    Test worker] .b.t.c.SpringBootTestContextBootstrapper : Using TestExecutionListeners: [org.springframework.test.context.web.ServletTestExecutionListener@4a18f10d, org.springframework.test.context.support.DirtiesContextBeforeModesTestExecutionListener@48c4b49b, org.springframework.boot.test.mock.mockito.MockitoTestExecutionListener@5952d6a8, org.springframework.boot.test.autoconfigure.SpringBootDependencyInjectionTestExecutionListener@66ac898c, org.springframework.test.context.support.DirtiesContextTestExecutionListener@6bb19ccd, org.springframework.test.context.transaction.TransactionalTestExecutionListener@6bc9d4c, org.springframework.test.context.jdbc.SqlScriptsTestExecutionListener@4914eca5, org.springframework.test.context.event.EventPublishingTestExecutionListener@4b76ece2, org.springframework.boot.test.autoconfigure.restdocs.RestDocsTestExecutionListener@2cc656b5, org.springframework.boot.test.autoconfigure.web.client.MockRestServiceServerResetTestExecutionListener@4e72f89c, org.springframework.boot.test.autoconfigure.web.servlet.MockMvcPrintOnlyOnFailureTestExecutionListener@20ed5433, org.springframework.boot.test.autoconfigure.web.servlet.WebDriverTestExecutionListener@5c80bd30, org.springframework.boot.test.autoconfigure.webservices.client.MockWebServiceServerTestExecutionListener@42ed3beb, org.springframework.boot.test.mock.mockito.ResetMocksTestExecutionListener@1b029d32]
]]></system-out>
  <system-err><![CDATA[]]></system-err>
</testsuite>
