<?xml version="1.0" encoding="UTF-8"?>
<testsuite name="com.songify.api.servicetests.AuthenticationUserDetailsServiceTests" tests="2" skipped="0" failures="0" errors="0" timestamp="2021-06-20T16:16:44" hostname="LAPTOP-4IPIM65U" time="0.04">
  <properties/>
  <testcase name="loadUserFailTest()" classname="com.songify.api.servicetests.AuthenticationUserDetailsServiceTests" time="0.034"/>
  <testcase name="loadUserTest()" classname="com.songify.api.servicetests.AuthenticationUserDetailsServiceTests" time="0.005"/>
  <system-out><![CDATA[2021-06-20 18:16:44.969  INFO 11944 --- [    Test worker] .b.t.c.SpringBootTestContextBootstrapper : Neither @ContextConfiguration nor @ContextHierarchy found for test class [com.songify.api.servicetests.AuthenticationUserDetailsServiceTests], using SpringBootContextLoader
2021-06-20 18:16:44.970  INFO 11944 --- [    Test worker] o.s.t.c.support.AbstractContextLoader    : Could not detect default resource locations for test class [com.songify.api.servicetests.AuthenticationUserDetailsServiceTests]: no resource found for suffixes {-context.xml, Context.groovy}.
2021-06-20 18:16:44.971  INFO 11944 --- [    Test worker] t.c.s.AnnotationConfigContextLoaderUtils : Could not detect default configuration classes for test class [com.songify.api.servicetests.AuthenticationUserDetailsServiceTests]: AuthenticationUserDetailsServiceTests does not declare any static, non-private, non-final, nested classes annotated with @Configuration.
2021-06-20 18:16:44.981  INFO 11944 --- [    Test worker] .b.t.c.SpringBootTestContextBootstrapper : Found @SpringBootConfiguration com.songify.api.ApiApplication for test class com.songify.api.servicetests.AuthenticationUserDetailsServiceTests
2021-06-20 18:16:44.982  INFO 11944 --- [    Test worker] .b.t.c.SpringBootTestContextBootstrapper : Loaded default TestExecutionListener class names from location [META-INF/spring.factories]: [org.springframework.boot.test.autoconfigure.restdocs.RestDocsTestExecutionListener, org.springframework.boot.test.autoconfigure.web.client.MockRestServiceServerResetTestExecutionListener, org.springframework.boot.test.autoconfigure.web.servlet.MockMvcPrintOnlyOnFailureTestExecutionListener, org.springframework.boot.test.autoconfigure.web.servlet.WebDriverTestExecutionListener, org.springframework.boot.test.autoconfigure.webservices.client.MockWebServiceServerTestExecutionListener, org.springframework.boot.test.mock.mockito.MockitoTestExecutionListener, org.springframework.boot.test.mock.mockito.ResetMocksTestExecutionListener, org.springframework.test.context.web.ServletTestExecutionListener, org.springframework.test.context.support.DirtiesContextBeforeModesTestExecutionListener, org.springframework.test.context.support.DependencyInjectionTestExecutionListener, org.springframework.test.context.support.DirtiesContextTestExecutionListener, org.springframework.test.context.transaction.TransactionalTestExecutionListener, org.springframework.test.context.jdbc.SqlScriptsTestExecutionListener, org.springframework.test.context.event.EventPublishingTestExecutionListener]
2021-06-20 18:16:44.983  INFO 11944 --- [    Test worker] .b.t.c.SpringBootTestContextBootstrapper : Using TestExecutionListeners: [org.springframework.test.context.web.ServletTestExecutionListener@5378155d, org.springframework.test.context.support.DirtiesContextBeforeModesTestExecutionListener@e2d253, org.springframework.boot.test.mock.mockito.MockitoTestExecutionListener@66224f0c, org.springframework.boot.test.autoconfigure.SpringBootDependencyInjectionTestExecutionListener@15949fe3, org.springframework.test.context.support.DirtiesContextTestExecutionListener@6d5a2f1, org.springframework.test.context.transaction.TransactionalTestExecutionListener@10339832, org.springframework.test.context.jdbc.SqlScriptsTestExecutionListener@649dff17, org.springframework.test.context.event.EventPublishingTestExecutionListener@55c71fe0, org.springframework.boot.test.autoconfigure.restdocs.RestDocsTestExecutionListener@7eaefd83, org.springframework.boot.test.autoconfigure.web.client.MockRestServiceServerResetTestExecutionListener@7250186c, org.springframework.boot.test.autoconfigure.web.servlet.MockMvcPrintOnlyOnFailureTestExecutionListener@79be2476, org.springframework.boot.test.autoconfigure.web.servlet.WebDriverTestExecutionListener@14eb0cbe, org.springframework.boot.test.autoconfigure.webservices.client.MockWebServiceServerTestExecutionListener@1d20a945, org.springframework.boot.test.mock.mockito.ResetMocksTestExecutionListener@6fc151f5]
]]></system-out>
  <system-err><![CDATA[]]></system-err>
</testsuite>
