<?xml version="1.0" encoding="UTF-8"?>
<testsuite name="com.songify.api.servicetests.AuthenticationUserDetailsServiceTests" tests="2" skipped="0" failures="0" errors="0" timestamp="2021-06-10T15:54:03" hostname="LAPTOP-4IPIM65U" time="0.512">
  <properties/>
  <testcase name="loadUserIsNullTest()" classname="com.songify.api.servicetests.AuthenticationUserDetailsServiceTests" time="0.279"/>
  <testcase name="loadUserTest()" classname="com.songify.api.servicetests.AuthenticationUserDetailsServiceTests" time="0.231"/>
  <system-out><![CDATA[2021-06-10 17:54:03.284  INFO 9652 --- [    Test worker] .b.t.c.SpringBootTestContextBootstrapper : Neither @ContextConfiguration nor @ContextHierarchy found for test class [com.songify.api.servicetests.AuthenticationUserDetailsServiceTests], using SpringBootContextLoader
2021-06-10 17:54:03.286  INFO 9652 --- [    Test worker] o.s.t.c.support.AbstractContextLoader    : Could not detect default resource locations for test class [com.songify.api.servicetests.AuthenticationUserDetailsServiceTests]: no resource found for suffixes {-context.xml, Context.groovy}.
2021-06-10 17:54:03.287  INFO 9652 --- [    Test worker] t.c.s.AnnotationConfigContextLoaderUtils : Could not detect default configuration classes for test class [com.songify.api.servicetests.AuthenticationUserDetailsServiceTests]: AuthenticationUserDetailsServiceTests does not declare any static, non-private, non-final, nested classes annotated with @Configuration.
2021-06-10 17:54:03.290  INFO 9652 --- [    Test worker] .b.t.c.SpringBootTestContextBootstrapper : Found @SpringBootConfiguration com.songify.api.ApiApplication for test class com.songify.api.servicetests.AuthenticationUserDetailsServiceTests
2021-06-10 17:54:03.292  INFO 9652 --- [    Test worker] .b.t.c.SpringBootTestContextBootstrapper : Loaded default TestExecutionListener class names from location [META-INF/spring.factories]: [org.springframework.boot.test.autoconfigure.restdocs.RestDocsTestExecutionListener, org.springframework.boot.test.autoconfigure.web.client.MockRestServiceServerResetTestExecutionListener, org.springframework.boot.test.autoconfigure.web.servlet.MockMvcPrintOnlyOnFailureTestExecutionListener, org.springframework.boot.test.autoconfigure.web.servlet.WebDriverTestExecutionListener, org.springframework.boot.test.autoconfigure.webservices.client.MockWebServiceServerTestExecutionListener, org.springframework.boot.test.mock.mockito.MockitoTestExecutionListener, org.springframework.boot.test.mock.mockito.ResetMocksTestExecutionListener, org.springframework.test.context.web.ServletTestExecutionListener, org.springframework.test.context.support.DirtiesContextBeforeModesTestExecutionListener, org.springframework.test.context.support.DependencyInjectionTestExecutionListener, org.springframework.test.context.support.DirtiesContextTestExecutionListener, org.springframework.test.context.transaction.TransactionalTestExecutionListener, org.springframework.test.context.jdbc.SqlScriptsTestExecutionListener, org.springframework.test.context.event.EventPublishingTestExecutionListener]
2021-06-10 17:54:03.294  INFO 9652 --- [    Test worker] .b.t.c.SpringBootTestContextBootstrapper : Using TestExecutionListeners: [org.springframework.test.context.web.ServletTestExecutionListener@7853c981, org.springframework.test.context.support.DirtiesContextBeforeModesTestExecutionListener@5d2d85a4, org.springframework.boot.test.mock.mockito.MockitoTestExecutionListener@277c93fc, org.springframework.boot.test.autoconfigure.SpringBootDependencyInjectionTestExecutionListener@3a72340a, org.springframework.test.context.support.DirtiesContextTestExecutionListener@5c8bed04, org.springframework.test.context.transaction.TransactionalTestExecutionListener@6dba5394, org.springframework.test.context.jdbc.SqlScriptsTestExecutionListener@2e9adeac, org.springframework.test.context.event.EventPublishingTestExecutionListener@5e36d11, org.springframework.boot.test.autoconfigure.restdocs.RestDocsTestExecutionListener@6835364, org.springframework.boot.test.autoconfigure.web.client.MockRestServiceServerResetTestExecutionListener@399a86d3, org.springframework.boot.test.autoconfigure.web.servlet.MockMvcPrintOnlyOnFailureTestExecutionListener@410d50f2, org.springframework.boot.test.autoconfigure.web.servlet.WebDriverTestExecutionListener@5f182627, org.springframework.boot.test.autoconfigure.webservices.client.MockWebServiceServerTestExecutionListener@431c46d3, org.springframework.boot.test.mock.mockito.ResetMocksTestExecutionListener@2e5dfc7d]
]]></system-out>
  <system-err><![CDATA[]]></system-err>
</testsuite>
