<?xml version="1.0" encoding="UTF-8"?>
<testsuite name="com.songify.api.servicetests.ChatRoomServiceTests" tests="3" skipped="0" failures="0" errors="0" timestamp="2021-06-20T16:16:45" hostname="LAPTOP-4IPIM65U" time="0.012">
  <properties/>
  <testcase name="getExistingChatIdTest()" classname="com.songify.api.servicetests.ChatRoomServiceTests" time="0.004"/>
  <testcase name="createNewIfNotExistFalseReturnsOptionalEmptyTest()" classname="com.songify.api.servicetests.ChatRoomServiceTests" time="0.003"/>
  <testcase name="getNewChatIdTest()" classname="com.songify.api.servicetests.ChatRoomServiceTests" time="0.004"/>
  <system-out><![CDATA[2021-06-20 18:16:45.182  INFO 11944 --- [    Test worker] .b.t.c.SpringBootTestContextBootstrapper : Neither @ContextConfiguration nor @ContextHierarchy found for test class [com.songify.api.servicetests.ChatRoomServiceTests], using SpringBootContextLoader
2021-06-20 18:16:45.183  INFO 11944 --- [    Test worker] o.s.t.c.support.AbstractContextLoader    : Could not detect default resource locations for test class [com.songify.api.servicetests.ChatRoomServiceTests]: no resource found for suffixes {-context.xml, Context.groovy}.
2021-06-20 18:16:45.183  INFO 11944 --- [    Test worker] t.c.s.AnnotationConfigContextLoaderUtils : Could not detect default configuration classes for test class [com.songify.api.servicetests.ChatRoomServiceTests]: ChatRoomServiceTests does not declare any static, non-private, non-final, nested classes annotated with @Configuration.
2021-06-20 18:16:45.185  INFO 11944 --- [    Test worker] .b.t.c.SpringBootTestContextBootstrapper : Found @SpringBootConfiguration com.songify.api.ApiApplication for test class com.songify.api.servicetests.ChatRoomServiceTests
2021-06-20 18:16:45.187  INFO 11944 --- [    Test worker] .b.t.c.SpringBootTestContextBootstrapper : Loaded default TestExecutionListener class names from location [META-INF/spring.factories]: [org.springframework.boot.test.autoconfigure.restdocs.RestDocsTestExecutionListener, org.springframework.boot.test.autoconfigure.web.client.MockRestServiceServerResetTestExecutionListener, org.springframework.boot.test.autoconfigure.web.servlet.MockMvcPrintOnlyOnFailureTestExecutionListener, org.springframework.boot.test.autoconfigure.web.servlet.WebDriverTestExecutionListener, org.springframework.boot.test.autoconfigure.webservices.client.MockWebServiceServerTestExecutionListener, org.springframework.boot.test.mock.mockito.MockitoTestExecutionListener, org.springframework.boot.test.mock.mockito.ResetMocksTestExecutionListener, org.springframework.test.context.web.ServletTestExecutionListener, org.springframework.test.context.support.DirtiesContextBeforeModesTestExecutionListener, org.springframework.test.context.support.DependencyInjectionTestExecutionListener, org.springframework.test.context.support.DirtiesContextTestExecutionListener, org.springframework.test.context.transaction.TransactionalTestExecutionListener, org.springframework.test.context.jdbc.SqlScriptsTestExecutionListener, org.springframework.test.context.event.EventPublishingTestExecutionListener]
2021-06-20 18:16:45.187  INFO 11944 --- [    Test worker] .b.t.c.SpringBootTestContextBootstrapper : Using TestExecutionListeners: [org.springframework.test.context.web.ServletTestExecutionListener@636f4800, org.springframework.test.context.support.DirtiesContextBeforeModesTestExecutionListener@448a8fd3, org.springframework.boot.test.mock.mockito.MockitoTestExecutionListener@12d5d08a, org.springframework.boot.test.autoconfigure.SpringBootDependencyInjectionTestExecutionListener@6e078ec5, org.springframework.test.context.support.DirtiesContextTestExecutionListener@77b1e44d, org.springframework.test.context.transaction.TransactionalTestExecutionListener@67d5197f, org.springframework.test.context.jdbc.SqlScriptsTestExecutionListener@5bb8c48f, org.springframework.test.context.event.EventPublishingTestExecutionListener@99b189b, org.springframework.boot.test.autoconfigure.restdocs.RestDocsTestExecutionListener@71700669, org.springframework.boot.test.autoconfigure.web.client.MockRestServiceServerResetTestExecutionListener@3ea1f7d9, org.springframework.boot.test.autoconfigure.web.servlet.MockMvcPrintOnlyOnFailureTestExecutionListener@23a0c03e, org.springframework.boot.test.autoconfigure.web.servlet.WebDriverTestExecutionListener@722e5b11, org.springframework.boot.test.autoconfigure.webservices.client.MockWebServiceServerTestExecutionListener@39c4873, org.springframework.boot.test.mock.mockito.ResetMocksTestExecutionListener@323268e6]
]]></system-out>
  <system-err><![CDATA[]]></system-err>
</testsuite>
