<?xml version="1.0" encoding="UTF-8"?>
<testsuite name="com.songify.api.servicetests.SongServiceTests" tests="2" skipped="0" failures="0" errors="0" timestamp="2021-06-20T16:16:45" hostname="LAPTOP-4IPIM65U" time="0.006">
  <properties/>
  <testcase name="findBySpotifyIdTest()" classname="com.songify.api.servicetests.SongServiceTests" time="0.003"/>
  <testcase name="addSongTest()" classname="com.songify.api.servicetests.SongServiceTests" time="0.003"/>
  <system-out><![CDATA[2021-06-20 18:16:45.339  INFO 11944 --- [    Test worker] .b.t.c.SpringBootTestContextBootstrapper : Neither @ContextConfiguration nor @ContextHierarchy found for test class [com.songify.api.servicetests.SongServiceTests], using SpringBootContextLoader
2021-06-20 18:16:45.340  INFO 11944 --- [    Test worker] o.s.t.c.support.AbstractContextLoader    : Could not detect default resource locations for test class [com.songify.api.servicetests.SongServiceTests]: no resource found for suffixes {-context.xml, Context.groovy}.
2021-06-20 18:16:45.340  INFO 11944 --- [    Test worker] t.c.s.AnnotationConfigContextLoaderUtils : Could not detect default configuration classes for test class [com.songify.api.servicetests.SongServiceTests]: SongServiceTests does not declare any static, non-private, non-final, nested classes annotated with @Configuration.
2021-06-20 18:16:45.341  INFO 11944 --- [    Test worker] .b.t.c.SpringBootTestContextBootstrapper : Found @SpringBootConfiguration com.songify.api.ApiApplication for test class com.songify.api.servicetests.SongServiceTests
2021-06-20 18:16:45.342  INFO 11944 --- [    Test worker] .b.t.c.SpringBootTestContextBootstrapper : Loaded default TestExecutionListener class names from location [META-INF/spring.factories]: [org.springframework.boot.test.autoconfigure.restdocs.RestDocsTestExecutionListener, org.springframework.boot.test.autoconfigure.web.client.MockRestServiceServerResetTestExecutionListener, org.springframework.boot.test.autoconfigure.web.servlet.MockMvcPrintOnlyOnFailureTestExecutionListener, org.springframework.boot.test.autoconfigure.web.servlet.WebDriverTestExecutionListener, org.springframework.boot.test.autoconfigure.webservices.client.MockWebServiceServerTestExecutionListener, org.springframework.boot.test.mock.mockito.MockitoTestExecutionListener, org.springframework.boot.test.mock.mockito.ResetMocksTestExecutionListener, org.springframework.test.context.web.ServletTestExecutionListener, org.springframework.test.context.support.DirtiesContextBeforeModesTestExecutionListener, org.springframework.test.context.support.DependencyInjectionTestExecutionListener, org.springframework.test.context.support.DirtiesContextTestExecutionListener, org.springframework.test.context.transaction.TransactionalTestExecutionListener, org.springframework.test.context.jdbc.SqlScriptsTestExecutionListener, org.springframework.test.context.event.EventPublishingTestExecutionListener]
2021-06-20 18:16:45.342  INFO 11944 --- [    Test worker] .b.t.c.SpringBootTestContextBootstrapper : Using TestExecutionListeners: [org.springframework.test.context.web.ServletTestExecutionListener@7cd41ab5, org.springframework.test.context.support.DirtiesContextBeforeModesTestExecutionListener@64a16147, org.springframework.boot.test.mock.mockito.MockitoTestExecutionListener@3dbb834a, org.springframework.boot.test.autoconfigure.SpringBootDependencyInjectionTestExecutionListener@f8686dc, org.springframework.test.context.support.DirtiesContextTestExecutionListener@535b342b, org.springframework.test.context.transaction.TransactionalTestExecutionListener@3c9fdc5e, org.springframework.test.context.jdbc.SqlScriptsTestExecutionListener@5d5fb954, org.springframework.test.context.event.EventPublishingTestExecutionListener@66d47445, org.springframework.boot.test.autoconfigure.restdocs.RestDocsTestExecutionListener@6c24fed8, org.springframework.boot.test.autoconfigure.web.client.MockRestServiceServerResetTestExecutionListener@2e1bb22e, org.springframework.boot.test.autoconfigure.web.servlet.MockMvcPrintOnlyOnFailureTestExecutionListener@eae2ba0, org.springframework.boot.test.autoconfigure.web.servlet.WebDriverTestExecutionListener@4b9d106c, org.springframework.boot.test.autoconfigure.webservices.client.MockWebServiceServerTestExecutionListener@84e5f9, org.springframework.boot.test.mock.mockito.ResetMocksTestExecutionListener@737dad05]
]]></system-out>
  <system-err><![CDATA[]]></system-err>
</testsuite>
