<?xml version="1.0" encoding="UTF-8"?>
<testsuite name="com.songify.api.model.dto.NewPlaylistRequestTests" tests="4" skipped="0" failures="0" errors="0" timestamp="2021-06-20T16:16:44" hostname="LAPTOP-4IPIM65U" time="0.022">
  <properties/>
  <testcase name="getTitleTest()" classname="com.songify.api.model.dto.NewPlaylistRequestTests" time="0.004"/>
  <testcase name="setDescTest()" classname="com.songify.api.model.dto.NewPlaylistRequestTests" time="0.004"/>
  <testcase name="getDescTest()" classname="com.songify.api.model.dto.NewPlaylistRequestTests" time="0.006"/>
  <testcase name="setTitleTest()" classname="com.songify.api.model.dto.NewPlaylistRequestTests" time="0.005"/>
  <system-out><![CDATA[2021-06-20 18:16:44.830  INFO 11944 --- [    Test worker] .b.t.c.SpringBootTestContextBootstrapper : Neither @ContextConfiguration nor @ContextHierarchy found for test class [com.songify.api.model.dto.NewPlaylistRequestTests], using SpringBootContextLoader
2021-06-20 18:16:44.831  INFO 11944 --- [    Test worker] o.s.t.c.support.AbstractContextLoader    : Could not detect default resource locations for test class [com.songify.api.model.dto.NewPlaylistRequestTests]: no resource found for suffixes {-context.xml, Context.groovy}.
2021-06-20 18:16:44.831  INFO 11944 --- [    Test worker] t.c.s.AnnotationConfigContextLoaderUtils : Could not detect default configuration classes for test class [com.songify.api.model.dto.NewPlaylistRequestTests]: NewPlaylistRequestTests does not declare any static, non-private, non-final, nested classes annotated with @Configuration.
2021-06-20 18:16:44.833  INFO 11944 --- [    Test worker] .b.t.c.SpringBootTestContextBootstrapper : Found @SpringBootConfiguration com.songify.api.ApiApplication for test class com.songify.api.model.dto.NewPlaylistRequestTests
2021-06-20 18:16:44.834  INFO 11944 --- [    Test worker] .b.t.c.SpringBootTestContextBootstrapper : Loaded default TestExecutionListener class names from location [META-INF/spring.factories]: [org.springframework.boot.test.autoconfigure.restdocs.RestDocsTestExecutionListener, org.springframework.boot.test.autoconfigure.web.client.MockRestServiceServerResetTestExecutionListener, org.springframework.boot.test.autoconfigure.web.servlet.MockMvcPrintOnlyOnFailureTestExecutionListener, org.springframework.boot.test.autoconfigure.web.servlet.WebDriverTestExecutionListener, org.springframework.boot.test.autoconfigure.webservices.client.MockWebServiceServerTestExecutionListener, org.springframework.boot.test.mock.mockito.MockitoTestExecutionListener, org.springframework.boot.test.mock.mockito.ResetMocksTestExecutionListener, org.springframework.test.context.web.ServletTestExecutionListener, org.springframework.test.context.support.DirtiesContextBeforeModesTestExecutionListener, org.springframework.test.context.support.DependencyInjectionTestExecutionListener, org.springframework.test.context.support.DirtiesContextTestExecutionListener, org.springframework.test.context.transaction.TransactionalTestExecutionListener, org.springframework.test.context.jdbc.SqlScriptsTestExecutionListener, org.springframework.test.context.event.EventPublishingTestExecutionListener]
2021-06-20 18:16:44.835  INFO 11944 --- [    Test worker] .b.t.c.SpringBootTestContextBootstrapper : Using TestExecutionListeners: [org.springframework.test.context.web.ServletTestExecutionListener@379347b5, org.springframework.test.context.support.DirtiesContextBeforeModesTestExecutionListener@751e2ebb, org.springframework.boot.test.mock.mockito.MockitoTestExecutionListener@4d4871c, org.springframework.boot.test.autoconfigure.SpringBootDependencyInjectionTestExecutionListener@334c7ed, org.springframework.test.context.support.DirtiesContextTestExecutionListener@2eb796d1, org.springframework.test.context.transaction.TransactionalTestExecutionListener@2a581e4a, org.springframework.test.context.jdbc.SqlScriptsTestExecutionListener@a14907a, org.springframework.test.context.event.EventPublishingTestExecutionListener@2f3a257a, org.springframework.boot.test.autoconfigure.restdocs.RestDocsTestExecutionListener@3d292f52, org.springframework.boot.test.autoconfigure.web.client.MockRestServiceServerResetTestExecutionListener@5769dcf3, org.springframework.boot.test.autoconfigure.web.servlet.MockMvcPrintOnlyOnFailureTestExecutionListener@79d00124, org.springframework.boot.test.autoconfigure.web.servlet.WebDriverTestExecutionListener@7bfea91, org.springframework.boot.test.autoconfigure.webservices.client.MockWebServiceServerTestExecutionListener@7318068b, org.springframework.boot.test.mock.mockito.ResetMocksTestExecutionListener@6a8fd25f]
]]></system-out>
  <system-err><![CDATA[]]></system-err>
</testsuite>
