<?xml version="1.0" encoding="UTF-8"?>
<testsuite name="com.songify.api.servicetests.FriendsServiceTests" tests="3" skipped="0" failures="0" errors="0" timestamp="2021-06-20T16:16:45" hostname="LAPTOP-4IPIM65U" time="0.022">
  <properties/>
  <testcase name="acceptFriendRequestTest()" classname="com.songify.api.servicetests.FriendsServiceTests" time="0.013"/>
  <testcase name="createRequestTest()" classname="com.songify.api.servicetests.FriendsServiceTests" time="0.003"/>
  <testcase name="findRequestsByReceiverIdTest()" classname="com.songify.api.servicetests.FriendsServiceTests" time="0.005"/>
  <system-out><![CDATA[2021-06-20 18:16:45.203  INFO 11944 --- [    Test worker] .b.t.c.SpringBootTestContextBootstrapper : Neither @ContextConfiguration nor @ContextHierarchy found for test class [com.songify.api.servicetests.FriendsServiceTests], using SpringBootContextLoader
2021-06-20 18:16:45.204  INFO 11944 --- [    Test worker] o.s.t.c.support.AbstractContextLoader    : Could not detect default resource locations for test class [com.songify.api.servicetests.FriendsServiceTests]: no resource found for suffixes {-context.xml, Context.groovy}.
2021-06-20 18:16:45.204  INFO 11944 --- [    Test worker] t.c.s.AnnotationConfigContextLoaderUtils : Could not detect default configuration classes for test class [com.songify.api.servicetests.FriendsServiceTests]: FriendsServiceTests does not declare any static, non-private, non-final, nested classes annotated with @Configuration.
2021-06-20 18:16:45.206  INFO 11944 --- [    Test worker] .b.t.c.SpringBootTestContextBootstrapper : Found @SpringBootConfiguration com.songify.api.ApiApplication for test class com.songify.api.servicetests.FriendsServiceTests
2021-06-20 18:16:45.207  INFO 11944 --- [    Test worker] .b.t.c.SpringBootTestContextBootstrapper : Loaded default TestExecutionListener class names from location [META-INF/spring.factories]: [org.springframework.boot.test.autoconfigure.restdocs.RestDocsTestExecutionListener, org.springframework.boot.test.autoconfigure.web.client.MockRestServiceServerResetTestExecutionListener, org.springframework.boot.test.autoconfigure.web.servlet.MockMvcPrintOnlyOnFailureTestExecutionListener, org.springframework.boot.test.autoconfigure.web.servlet.WebDriverTestExecutionListener, org.springframework.boot.test.autoconfigure.webservices.client.MockWebServiceServerTestExecutionListener, org.springframework.boot.test.mock.mockito.MockitoTestExecutionListener, org.springframework.boot.test.mock.mockito.ResetMocksTestExecutionListener, org.springframework.test.context.web.ServletTestExecutionListener, org.springframework.test.context.support.DirtiesContextBeforeModesTestExecutionListener, org.springframework.test.context.support.DependencyInjectionTestExecutionListener, org.springframework.test.context.support.DirtiesContextTestExecutionListener, org.springframework.test.context.transaction.TransactionalTestExecutionListener, org.springframework.test.context.jdbc.SqlScriptsTestExecutionListener, org.springframework.test.context.event.EventPublishingTestExecutionListener]
2021-06-20 18:16:45.208  INFO 11944 --- [    Test worker] .b.t.c.SpringBootTestContextBootstrapper : Using TestExecutionListeners: [org.springframework.test.context.web.ServletTestExecutionListener@17c0d89a, org.springframework.test.context.support.DirtiesContextBeforeModesTestExecutionListener@76fed5c1, org.springframework.boot.test.mock.mockito.MockitoTestExecutionListener@57aae6a0, org.springframework.boot.test.autoconfigure.SpringBootDependencyInjectionTestExecutionListener@7741a864, org.springframework.test.context.support.DirtiesContextTestExecutionListener@6654ba1e, org.springframework.test.context.transaction.TransactionalTestExecutionListener@66042bc8, org.springframework.test.context.jdbc.SqlScriptsTestExecutionListener@661b4e4e, org.springframework.test.context.event.EventPublishingTestExecutionListener@1ce3c861, org.springframework.boot.test.autoconfigure.restdocs.RestDocsTestExecutionListener@5f2415a9, org.springframework.boot.test.autoconfigure.web.client.MockRestServiceServerResetTestExecutionListener@18b93fee, org.springframework.boot.test.autoconfigure.web.servlet.MockMvcPrintOnlyOnFailureTestExecutionListener@246c6b89, org.springframework.boot.test.autoconfigure.web.servlet.WebDriverTestExecutionListener@264e1fa5, org.springframework.boot.test.autoconfigure.webservices.client.MockWebServiceServerTestExecutionListener@5938cf98, org.springframework.boot.test.mock.mockito.ResetMocksTestExecutionListener@8afdd1e]
]]></system-out>
  <system-err><![CDATA[]]></system-err>
</testsuite>
