<?xml version="1.0" encoding="UTF-8"?>
<testsuite name="com.songify.api.servicetests.PlaylistServiceTests" tests="13" skipped="0" failures="0" errors="0" timestamp="2021-06-20T16:16:45" hostname="LAPTOP-4IPIM65U" time="0.066">
  <properties/>
  <testcase name="createPlaylistTest()" classname="com.songify.api.servicetests.PlaylistServiceTests" time="0.019"/>
  <testcase name="addSongToPlaylistNewSongTest()" classname="com.songify.api.servicetests.PlaylistServiceTests" time="0.003"/>
  <testcase name="createPlaylistWithExistingNameTest()" classname="com.songify.api.servicetests.PlaylistServiceTests" time="0.003"/>
  <testcase name="getPlaylistsByUsernameTest()" classname="com.songify.api.servicetests.PlaylistServiceTests" time="0.004"/>
  <testcase name="getPlaylistByTitleFalseTest()" classname="com.songify.api.servicetests.PlaylistServiceTests" time="0.003"/>
  <testcase name="getPlaylistByTitleTrueTest()" classname="com.songify.api.servicetests.PlaylistServiceTests" time="0.004"/>
  <testcase name="getPlaylistsTest()" classname="com.songify.api.servicetests.PlaylistServiceTests" time="0.003"/>
  <testcase name="deletePlaylist()" classname="com.songify.api.servicetests.PlaylistServiceTests" time="0.003"/>
  <testcase name="addSongToPlaylistTest()" classname="com.songify.api.servicetests.PlaylistServiceTests" time="0.003"/>
  <testcase name="getPlaylistByIdTest()" classname="com.songify.api.servicetests.PlaylistServiceTests" time="0.003"/>
  <testcase name="removeSongNotInDbFromPlaylistTest()" classname="com.songify.api.servicetests.PlaylistServiceTests" time="0.004"/>
  <testcase name="removeSongFromPlaylist()" classname="com.songify.api.servicetests.PlaylistServiceTests" time="0.003"/>
  <testcase name="removeSongNotInPlaylistTest()" classname="com.songify.api.servicetests.PlaylistServiceTests" time="0.003"/>
  <system-out><![CDATA[2021-06-20 18:16:45.233  INFO 11944 --- [    Test worker] .b.t.c.SpringBootTestContextBootstrapper : Neither @ContextConfiguration nor @ContextHierarchy found for test class [com.songify.api.servicetests.PlaylistServiceTests], using SpringBootContextLoader
2021-06-20 18:16:45.234  INFO 11944 --- [    Test worker] o.s.t.c.support.AbstractContextLoader    : Could not detect default resource locations for test class [com.songify.api.servicetests.PlaylistServiceTests]: no resource found for suffixes {-context.xml, Context.groovy}.
2021-06-20 18:16:45.234  INFO 11944 --- [    Test worker] t.c.s.AnnotationConfigContextLoaderUtils : Could not detect default configuration classes for test class [com.songify.api.servicetests.PlaylistServiceTests]: PlaylistServiceTests does not declare any static, non-private, non-final, nested classes annotated with @Configuration.
2021-06-20 18:16:45.236  INFO 11944 --- [    Test worker] .b.t.c.SpringBootTestContextBootstrapper : Found @SpringBootConfiguration com.songify.api.ApiApplication for test class com.songify.api.servicetests.PlaylistServiceTests
2021-06-20 18:16:45.237  INFO 11944 --- [    Test worker] .b.t.c.SpringBootTestContextBootstrapper : Loaded default TestExecutionListener class names from location [META-INF/spring.factories]: [org.springframework.boot.test.autoconfigure.restdocs.RestDocsTestExecutionListener, org.springframework.boot.test.autoconfigure.web.client.MockRestServiceServerResetTestExecutionListener, org.springframework.boot.test.autoconfigure.web.servlet.MockMvcPrintOnlyOnFailureTestExecutionListener, org.springframework.boot.test.autoconfigure.web.servlet.WebDriverTestExecutionListener, org.springframework.boot.test.autoconfigure.webservices.client.MockWebServiceServerTestExecutionListener, org.springframework.boot.test.mock.mockito.MockitoTestExecutionListener, org.springframework.boot.test.mock.mockito.ResetMocksTestExecutionListener, org.springframework.test.context.web.ServletTestExecutionListener, org.springframework.test.context.support.DirtiesContextBeforeModesTestExecutionListener, org.springframework.test.context.support.DependencyInjectionTestExecutionListener, org.springframework.test.context.support.DirtiesContextTestExecutionListener, org.springframework.test.context.transaction.TransactionalTestExecutionListener, org.springframework.test.context.jdbc.SqlScriptsTestExecutionListener, org.springframework.test.context.event.EventPublishingTestExecutionListener]
2021-06-20 18:16:45.237  INFO 11944 --- [    Test worker] .b.t.c.SpringBootTestContextBootstrapper : Using TestExecutionListeners: [org.springframework.test.context.web.ServletTestExecutionListener@10b83958, org.springframework.test.context.support.DirtiesContextBeforeModesTestExecutionListener@7cfad471, org.springframework.boot.test.mock.mockito.MockitoTestExecutionListener@462df89f, org.springframework.boot.test.autoconfigure.SpringBootDependencyInjectionTestExecutionListener@2cf66d41, org.springframework.test.context.support.DirtiesContextTestExecutionListener@7d55e37e, org.springframework.test.context.transaction.TransactionalTestExecutionListener@5726f9f9, org.springframework.test.context.jdbc.SqlScriptsTestExecutionListener@7e660a82, org.springframework.test.context.event.EventPublishingTestExecutionListener@6165fc6a, org.springframework.boot.test.autoconfigure.restdocs.RestDocsTestExecutionListener@3379bd2b, org.springframework.boot.test.autoconfigure.web.client.MockRestServiceServerResetTestExecutionListener@5370738c, org.springframework.boot.test.autoconfigure.web.servlet.MockMvcPrintOnlyOnFailureTestExecutionListener@1d0c517a, org.springframework.boot.test.autoconfigure.web.servlet.WebDriverTestExecutionListener@5344781d, org.springframework.boot.test.autoconfigure.webservices.client.MockWebServiceServerTestExecutionListener@2daa17bb, org.springframework.boot.test.mock.mockito.ResetMocksTestExecutionListener@7d96fd91]
]]></system-out>
  <system-err><![CDATA[]]></system-err>
</testsuite>
