<?xml version="1.0" encoding="UTF-8"?>
<testsuite name="com.songify.api.model.AuditableTests" tests="4" skipped="0" failures="0" errors="0" timestamp="2021-06-10T15:54:02" hostname="LAPTOP-4IPIM65U" time="0.064">
  <properties/>
  <testcase name="auditableGetAndSetCreatedByTest()" classname="com.songify.api.model.AuditableTests" time="0.043"/>
  <testcase name="auditableGetAndSetLastModifiedByTest()" classname="com.songify.api.model.AuditableTests" time="0.006"/>
  <testcase name="auditableGetAndSetLastModifiedDateTest()" classname="com.songify.api.model.AuditableTests" time="0.006"/>
  <testcase name="auditableGetAndSetCreatedDateTest()" classname="com.songify.api.model.AuditableTests" time="0.006"/>
  <system-out><![CDATA[2021-06-10 17:54:02.961  INFO 9652 --- [    Test worker] .b.t.c.SpringBootTestContextBootstrapper : Neither @ContextConfiguration nor @ContextHierarchy found for test class [com.songify.api.model.AuditableTests], using SpringBootContextLoader
2021-06-10 17:54:02.962  INFO 9652 --- [    Test worker] o.s.t.c.support.AbstractContextLoader    : Could not detect default resource locations for test class [com.songify.api.model.AuditableTests]: no resource found for suffixes {-context.xml, Context.groovy}.
2021-06-10 17:54:02.962  INFO 9652 --- [    Test worker] t.c.s.AnnotationConfigContextLoaderUtils : Could not detect default configuration classes for test class [com.songify.api.model.AuditableTests]: AuditableTests does not declare any static, non-private, non-final, nested classes annotated with @Configuration.
2021-06-10 17:54:02.972  INFO 9652 --- [    Test worker] .b.t.c.SpringBootTestContextBootstrapper : Found @SpringBootConfiguration com.songify.api.ApiApplication for test class com.songify.api.model.AuditableTests
2021-06-10 17:54:02.974  INFO 9652 --- [    Test worker] .b.t.c.SpringBootTestContextBootstrapper : Loaded default TestExecutionListener class names from location [META-INF/spring.factories]: [org.springframework.boot.test.autoconfigure.restdocs.RestDocsTestExecutionListener, org.springframework.boot.test.autoconfigure.web.client.MockRestServiceServerResetTestExecutionListener, org.springframework.boot.test.autoconfigure.web.servlet.MockMvcPrintOnlyOnFailureTestExecutionListener, org.springframework.boot.test.autoconfigure.web.servlet.WebDriverTestExecutionListener, org.springframework.boot.test.autoconfigure.webservices.client.MockWebServiceServerTestExecutionListener, org.springframework.boot.test.mock.mockito.MockitoTestExecutionListener, org.springframework.boot.test.mock.mockito.ResetMocksTestExecutionListener, org.springframework.test.context.web.ServletTestExecutionListener, org.springframework.test.context.support.DirtiesContextBeforeModesTestExecutionListener, org.springframework.test.context.support.DependencyInjectionTestExecutionListener, org.springframework.test.context.support.DirtiesContextTestExecutionListener, org.springframework.test.context.transaction.TransactionalTestExecutionListener, org.springframework.test.context.jdbc.SqlScriptsTestExecutionListener, org.springframework.test.context.event.EventPublishingTestExecutionListener]
2021-06-10 17:54:02.974  INFO 9652 --- [    Test worker] .b.t.c.SpringBootTestContextBootstrapper : Using TestExecutionListeners: [org.springframework.test.context.web.ServletTestExecutionListener@33e38836, org.springframework.test.context.support.DirtiesContextBeforeModesTestExecutionListener@cd95c97, org.springframework.boot.test.mock.mockito.MockitoTestExecutionListener@4b8cdf84, org.springframework.boot.test.autoconfigure.SpringBootDependencyInjectionTestExecutionListener@57047b22, org.springframework.test.context.support.DirtiesContextTestExecutionListener@7889fbcc, org.springframework.test.context.transaction.TransactionalTestExecutionListener@3ef23dae, org.springframework.test.context.jdbc.SqlScriptsTestExecutionListener@13afa50b, org.springframework.test.context.event.EventPublishingTestExecutionListener@67860137, org.springframework.boot.test.autoconfigure.restdocs.RestDocsTestExecutionListener@5066c190, org.springframework.boot.test.autoconfigure.web.client.MockRestServiceServerResetTestExecutionListener@7f56897f, org.springframework.boot.test.autoconfigure.web.servlet.MockMvcPrintOnlyOnFailureTestExecutionListener@113fec63, org.springframework.boot.test.autoconfigure.web.servlet.WebDriverTestExecutionListener@46e7d8ca, org.springframework.boot.test.autoconfigure.webservices.client.MockWebServiceServerTestExecutionListener@206bfbc7, org.springframework.boot.test.mock.mockito.ResetMocksTestExecutionListener@6b3d83c4]
]]></system-out>
  <system-err><![CDATA[]]></system-err>
</testsuite>
