<?xml version="1.0" encoding="UTF-8"?>
<testsuite name="com.songify.api.servicetests.RoleServiceTests" tests="4" skipped="0" failures="0" errors="0" timestamp="2021-06-12T13:37:06" hostname="LAPTOP-4IPIM65U" time="0.034">
  <properties/>
  <testcase name="getAllRolesTest()" classname="com.songify.api.servicetests.RoleServiceTests" time="0.015"/>
  <testcase name="updateRoleTest()" classname="com.songify.api.servicetests.RoleServiceTests" time="0.008"/>
  <testcase name="updateRoleResourceNotFoundExceptionThrownTest()" classname="com.songify.api.servicetests.RoleServiceTests" time="0.004"/>
  <testcase name="getRoleByIdTest()" classname="com.songify.api.servicetests.RoleServiceTests" time="0.004"/>
  <system-out><![CDATA[2021-06-12 15:37:06.897  INFO 1964 --- [    Test worker] .b.t.c.SpringBootTestContextBootstrapper : Neither @ContextConfiguration nor @ContextHierarchy found for test class [com.songify.api.servicetests.RoleServiceTests], using SpringBootContextLoader
2021-06-12 15:37:06.898  INFO 1964 --- [    Test worker] o.s.t.c.support.AbstractContextLoader    : Could not detect default resource locations for test class [com.songify.api.servicetests.RoleServiceTests]: no resource found for suffixes {-context.xml, Context.groovy}.
2021-06-12 15:37:06.898  INFO 1964 --- [    Test worker] t.c.s.AnnotationConfigContextLoaderUtils : Could not detect default configuration classes for test class [com.songify.api.servicetests.RoleServiceTests]: RoleServiceTests does not declare any static, non-private, non-final, nested classes annotated with @Configuration.
2021-06-12 15:37:06.900  INFO 1964 --- [    Test worker] .b.t.c.SpringBootTestContextBootstrapper : Found @SpringBootConfiguration com.songify.api.ApiApplication for test class com.songify.api.servicetests.RoleServiceTests
2021-06-12 15:37:06.901  INFO 1964 --- [    Test worker] .b.t.c.SpringBootTestContextBootstrapper : Loaded default TestExecutionListener class names from location [META-INF/spring.factories]: [org.springframework.boot.test.autoconfigure.restdocs.RestDocsTestExecutionListener, org.springframework.boot.test.autoconfigure.web.client.MockRestServiceServerResetTestExecutionListener, org.springframework.boot.test.autoconfigure.web.servlet.MockMvcPrintOnlyOnFailureTestExecutionListener, org.springframework.boot.test.autoconfigure.web.servlet.WebDriverTestExecutionListener, org.springframework.boot.test.autoconfigure.webservices.client.MockWebServiceServerTestExecutionListener, org.springframework.boot.test.mock.mockito.MockitoTestExecutionListener, org.springframework.boot.test.mock.mockito.ResetMocksTestExecutionListener, org.springframework.test.context.web.ServletTestExecutionListener, org.springframework.test.context.support.DirtiesContextBeforeModesTestExecutionListener, org.springframework.test.context.support.DependencyInjectionTestExecutionListener, org.springframework.test.context.support.DirtiesContextTestExecutionListener, org.springframework.test.context.transaction.TransactionalTestExecutionListener, org.springframework.test.context.jdbc.SqlScriptsTestExecutionListener, org.springframework.test.context.event.EventPublishingTestExecutionListener]
2021-06-12 15:37:06.901  INFO 1964 --- [    Test worker] .b.t.c.SpringBootTestContextBootstrapper : Using TestExecutionListeners: [org.springframework.test.context.web.ServletTestExecutionListener@58c2a1dc, org.springframework.test.context.support.DirtiesContextBeforeModesTestExecutionListener@71cf9975, org.springframework.boot.test.mock.mockito.MockitoTestExecutionListener@7c165519, org.springframework.boot.test.autoconfigure.SpringBootDependencyInjectionTestExecutionListener@7ccbd073, org.springframework.test.context.support.DirtiesContextTestExecutionListener@314a5277, org.springframework.test.context.transaction.TransactionalTestExecutionListener@3c43611a, org.springframework.test.context.jdbc.SqlScriptsTestExecutionListener@72b34516, org.springframework.test.context.event.EventPublishingTestExecutionListener@50d94b7b, org.springframework.boot.test.autoconfigure.restdocs.RestDocsTestExecutionListener@336372fd, org.springframework.boot.test.autoconfigure.web.client.MockRestServiceServerResetTestExecutionListener@140f8e3a, org.springframework.boot.test.autoconfigure.web.servlet.MockMvcPrintOnlyOnFailureTestExecutionListener@7c7ce258, org.springframework.boot.test.autoconfigure.web.servlet.WebDriverTestExecutionListener@6664ec3f, org.springframework.boot.test.autoconfigure.webservices.client.MockWebServiceServerTestExecutionListener@4eb88e94, org.springframework.boot.test.mock.mockito.ResetMocksTestExecutionListener@26aea727]
]]></system-out>
  <system-err><![CDATA[]]></system-err>
</testsuite>
