<?xml version="1.0" encoding="UTF-8"?>
<testsuite name="com.songify.api.model.dto.RoleDtoTests" tests="4" skipped="0" failures="0" errors="0" timestamp="2021-06-10T15:54:03" hostname="LAPTOP-4IPIM65U" time="0.024">
  <properties/>
  <testcase name="setNameTest()" classname="com.songify.api.model.dto.RoleDtoTests" time="0.006"/>
  <testcase name="getNameTest()" classname="com.songify.api.model.dto.RoleDtoTests" time="0.005"/>
  <testcase name="setIdTest()" classname="com.songify.api.model.dto.RoleDtoTests" time="0.005"/>
  <testcase name="getIdTest()" classname="com.songify.api.model.dto.RoleDtoTests" time="0.005"/>
  <system-out><![CDATA[2021-06-10 17:54:03.153  INFO 9652 --- [    Test worker] .b.t.c.SpringBootTestContextBootstrapper : Neither @ContextConfiguration nor @ContextHierarchy found for test class [com.songify.api.model.dto.RoleDtoTests], using SpringBootContextLoader
2021-06-10 17:54:03.155  INFO 9652 --- [    Test worker] o.s.t.c.support.AbstractContextLoader    : Could not detect default resource locations for test class [com.songify.api.model.dto.RoleDtoTests]: no resource found for suffixes {-context.xml, Context.groovy}.
2021-06-10 17:54:03.155  INFO 9652 --- [    Test worker] t.c.s.AnnotationConfigContextLoaderUtils : Could not detect default configuration classes for test class [com.songify.api.model.dto.RoleDtoTests]: RoleDtoTests does not declare any static, non-private, non-final, nested classes annotated with @Configuration.
2021-06-10 17:54:03.157  INFO 9652 --- [    Test worker] .b.t.c.SpringBootTestContextBootstrapper : Found @SpringBootConfiguration com.songify.api.ApiApplication for test class com.songify.api.model.dto.RoleDtoTests
2021-06-10 17:54:03.160  INFO 9652 --- [    Test worker] .b.t.c.SpringBootTestContextBootstrapper : Loaded default TestExecutionListener class names from location [META-INF/spring.factories]: [org.springframework.boot.test.autoconfigure.restdocs.RestDocsTestExecutionListener, org.springframework.boot.test.autoconfigure.web.client.MockRestServiceServerResetTestExecutionListener, org.springframework.boot.test.autoconfigure.web.servlet.MockMvcPrintOnlyOnFailureTestExecutionListener, org.springframework.boot.test.autoconfigure.web.servlet.WebDriverTestExecutionListener, org.springframework.boot.test.autoconfigure.webservices.client.MockWebServiceServerTestExecutionListener, org.springframework.boot.test.mock.mockito.MockitoTestExecutionListener, org.springframework.boot.test.mock.mockito.ResetMocksTestExecutionListener, org.springframework.test.context.web.ServletTestExecutionListener, org.springframework.test.context.support.DirtiesContextBeforeModesTestExecutionListener, org.springframework.test.context.support.DependencyInjectionTestExecutionListener, org.springframework.test.context.support.DirtiesContextTestExecutionListener, org.springframework.test.context.transaction.TransactionalTestExecutionListener, org.springframework.test.context.jdbc.SqlScriptsTestExecutionListener, org.springframework.test.context.event.EventPublishingTestExecutionListener]
2021-06-10 17:54:03.161  INFO 9652 --- [    Test worker] .b.t.c.SpringBootTestContextBootstrapper : Using TestExecutionListeners: [org.springframework.test.context.web.ServletTestExecutionListener@f0878f5, org.springframework.test.context.support.DirtiesContextBeforeModesTestExecutionListener@7cfbbad0, org.springframework.boot.test.mock.mockito.MockitoTestExecutionListener@1116a53b, org.springframework.boot.test.autoconfigure.SpringBootDependencyInjectionTestExecutionListener@717c655a, org.springframework.test.context.support.DirtiesContextTestExecutionListener@3dff6450, org.springframework.test.context.transaction.TransactionalTestExecutionListener@1cf36405, org.springframework.test.context.jdbc.SqlScriptsTestExecutionListener@386835dd, org.springframework.test.context.event.EventPublishingTestExecutionListener@2a2cd13f, org.springframework.boot.test.autoconfigure.restdocs.RestDocsTestExecutionListener@6cb7edce, org.springframework.boot.test.autoconfigure.web.client.MockRestServiceServerResetTestExecutionListener@6b637f11, org.springframework.boot.test.autoconfigure.web.servlet.MockMvcPrintOnlyOnFailureTestExecutionListener@12dc697d, org.springframework.boot.test.autoconfigure.web.servlet.WebDriverTestExecutionListener@5e35e730, org.springframework.boot.test.autoconfigure.webservices.client.MockWebServiceServerTestExecutionListener@d3fa8a5, org.springframework.boot.test.mock.mockito.ResetMocksTestExecutionListener@7dd4d5e4]
]]></system-out>
  <system-err><![CDATA[]]></system-err>
</testsuite>
