<?xml version="1.0" encoding="UTF-8"?>
<testsuite name="com.songify.api.servicetests.ChatMessageServiceTests" tests="4" skipped="0" failures="0" errors="0" timestamp="2021-06-12T13:37:06" hostname="LAPTOP-4IPIM65U" time="0.143">
  <properties/>
  <testcase name="saveTest()" classname="com.songify.api.servicetests.ChatMessageServiceTests" time="0.037"/>
  <testcase name="findChatMessagesTest()" classname="com.songify.api.servicetests.ChatMessageServiceTests" time="0.033"/>
  <testcase name="countNewMessagesTest()" classname="com.songify.api.servicetests.ChatMessageServiceTests" time="0.04"/>
  <testcase name="findByIdTest()" classname="com.songify.api.servicetests.ChatMessageServiceTests" time="0.03"/>
  <system-out><![CDATA[2021-06-12 15:37:06.473  INFO 1964 --- [    Test worker] .b.t.c.SpringBootTestContextBootstrapper : Neither @ContextConfiguration nor @ContextHierarchy found for test class [com.songify.api.servicetests.ChatMessageServiceTests], using SpringBootContextLoader
2021-06-12 15:37:06.474  INFO 1964 --- [    Test worker] o.s.t.c.support.AbstractContextLoader    : Could not detect default resource locations for test class [com.songify.api.servicetests.ChatMessageServiceTests]: no resource found for suffixes {-context.xml, Context.groovy}.
2021-06-12 15:37:06.474  INFO 1964 --- [    Test worker] t.c.s.AnnotationConfigContextLoaderUtils : Could not detect default configuration classes for test class [com.songify.api.servicetests.ChatMessageServiceTests]: ChatMessageServiceTests does not declare any static, non-private, non-final, nested classes annotated with @Configuration.
2021-06-12 15:37:06.475  INFO 1964 --- [    Test worker] .b.t.c.SpringBootTestContextBootstrapper : Found @SpringBootConfiguration com.songify.api.ApiApplication for test class com.songify.api.servicetests.ChatMessageServiceTests
2021-06-12 15:37:06.476  INFO 1964 --- [    Test worker] .b.t.c.SpringBootTestContextBootstrapper : Loaded default TestExecutionListener class names from location [META-INF/spring.factories]: [org.springframework.boot.test.autoconfigure.restdocs.RestDocsTestExecutionListener, org.springframework.boot.test.autoconfigure.web.client.MockRestServiceServerResetTestExecutionListener, org.springframework.boot.test.autoconfigure.web.servlet.MockMvcPrintOnlyOnFailureTestExecutionListener, org.springframework.boot.test.autoconfigure.web.servlet.WebDriverTestExecutionListener, org.springframework.boot.test.autoconfigure.webservices.client.MockWebServiceServerTestExecutionListener, org.springframework.boot.test.mock.mockito.MockitoTestExecutionListener, org.springframework.boot.test.mock.mockito.ResetMocksTestExecutionListener, org.springframework.test.context.web.ServletTestExecutionListener, org.springframework.test.context.support.DirtiesContextBeforeModesTestExecutionListener, org.springframework.test.context.support.DependencyInjectionTestExecutionListener, org.springframework.test.context.support.DirtiesContextTestExecutionListener, org.springframework.test.context.transaction.TransactionalTestExecutionListener, org.springframework.test.context.jdbc.SqlScriptsTestExecutionListener, org.springframework.test.context.event.EventPublishingTestExecutionListener]
2021-06-12 15:37:06.477  INFO 1964 --- [    Test worker] .b.t.c.SpringBootTestContextBootstrapper : Using TestExecutionListeners: [org.springframework.test.context.web.ServletTestExecutionListener@592ee8f8, org.springframework.test.context.support.DirtiesContextBeforeModesTestExecutionListener@7cd20b4d, org.springframework.boot.test.mock.mockito.MockitoTestExecutionListener@6ce923ec, org.springframework.boot.test.autoconfigure.SpringBootDependencyInjectionTestExecutionListener@3de9a565, org.springframework.test.context.support.DirtiesContextTestExecutionListener@13aef308, org.springframework.test.context.transaction.TransactionalTestExecutionListener@7f4a0a53, org.springframework.test.context.jdbc.SqlScriptsTestExecutionListener@5a19a015, org.springframework.test.context.event.EventPublishingTestExecutionListener@2a2be4be, org.springframework.boot.test.autoconfigure.restdocs.RestDocsTestExecutionListener@4ef97440, org.springframework.boot.test.autoconfigure.web.client.MockRestServiceServerResetTestExecutionListener@614ef75e, org.springframework.boot.test.autoconfigure.web.servlet.MockMvcPrintOnlyOnFailureTestExecutionListener@76c0fa6a, org.springframework.boot.test.autoconfigure.web.servlet.WebDriverTestExecutionListener@33bee18, org.springframework.boot.test.autoconfigure.webservices.client.MockWebServiceServerTestExecutionListener@6e5d14b, org.springframework.boot.test.mock.mockito.ResetMocksTestExecutionListener@108722ce]
]]></system-out>
  <system-err><![CDATA[]]></system-err>
</testsuite>
