<?xml version="1.0" encoding="UTF-8"?>
<testsuite name="com.songify.api.model.PlaylistTest" tests="1" skipped="0" failures="0" errors="0" timestamp="2021-06-12T13:37:02" hostname="LAPTOP-4IPIM65U" time="0.001">
  <properties/>
  <testcase name="emptyConstructorTest()" classname="com.songify.api.model.PlaylistTest" time="0.001"/>
  <system-out><![CDATA[]]></system-out>
  <system-err><![CDATA[]]></system-err>
</testsuite>
