<?xml version="1.0" encoding="UTF-8"?>
<testsuite name="com.songify.api.model.SongTests" tests="3" skipped="0" failures="0" errors="0" timestamp="2021-06-12T13:37:02" hostname="LAPTOP-4IPIM65U" time="0.008">
  <properties/>
  <testcase name="setSpotifyIdTest()" classname="com.songify.api.model.SongTests" time="0.002"/>
  <testcase name="getSpotifyIdTest()" classname="com.songify.api.model.SongTests" time="0.002"/>
  <testcase name="getAndSetIdTest()" classname="com.songify.api.model.SongTests" time="0.002"/>
  <system-out><![CDATA[2021-06-12 15:37:02.503  INFO 1964 --- [    Test worker] .b.t.c.SpringBootTestContextBootstrapper : Neither @ContextConfiguration nor @ContextHierarchy found for test class [com.songify.api.model.SongTests], using SpringBootContextLoader
2021-06-12 15:37:02.505  INFO 1964 --- [    Test worker] o.s.t.c.support.AbstractContextLoader    : Could not detect default resource locations for test class [com.songify.api.model.SongTests]: no resource found for suffixes {-context.xml, Context.groovy}.
2021-06-12 15:37:02.506  INFO 1964 --- [    Test worker] t.c.s.AnnotationConfigContextLoaderUtils : Could not detect default configuration classes for test class [com.songify.api.model.SongTests]: SongTests does not declare any static, non-private, non-final, nested classes annotated with @Configuration.
2021-06-12 15:37:02.508  INFO 1964 --- [    Test worker] .b.t.c.SpringBootTestContextBootstrapper : Found @SpringBootConfiguration com.songify.api.ApiApplication for test class com.songify.api.model.SongTests
2021-06-12 15:37:02.510  INFO 1964 --- [    Test worker] .b.t.c.SpringBootTestContextBootstrapper : Loaded default TestExecutionListener class names from location [META-INF/spring.factories]: [org.springframework.boot.test.autoconfigure.restdocs.RestDocsTestExecutionListener, org.springframework.boot.test.autoconfigure.web.client.MockRestServiceServerResetTestExecutionListener, org.springframework.boot.test.autoconfigure.web.servlet.MockMvcPrintOnlyOnFailureTestExecutionListener, org.springframework.boot.test.autoconfigure.web.servlet.WebDriverTestExecutionListener, org.springframework.boot.test.autoconfigure.webservices.client.MockWebServiceServerTestExecutionListener, org.springframework.boot.test.mock.mockito.MockitoTestExecutionListener, org.springframework.boot.test.mock.mockito.ResetMocksTestExecutionListener, org.springframework.test.context.web.ServletTestExecutionListener, org.springframework.test.context.support.DirtiesContextBeforeModesTestExecutionListener, org.springframework.test.context.support.DependencyInjectionTestExecutionListener, org.springframework.test.context.support.DirtiesContextTestExecutionListener, org.springframework.test.context.transaction.TransactionalTestExecutionListener, org.springframework.test.context.jdbc.SqlScriptsTestExecutionListener, org.springframework.test.context.event.EventPublishingTestExecutionListener]
2021-06-12 15:37:02.510  INFO 1964 --- [    Test worker] .b.t.c.SpringBootTestContextBootstrapper : Using TestExecutionListeners: [org.springframework.test.context.web.ServletTestExecutionListener@10bf9631, org.springframework.test.context.support.DirtiesContextBeforeModesTestExecutionListener@37d42608, org.springframework.boot.test.mock.mockito.MockitoTestExecutionListener@67bd9e23, org.springframework.boot.test.autoconfigure.SpringBootDependencyInjectionTestExecutionListener@adf5dba, org.springframework.test.context.support.DirtiesContextTestExecutionListener@663d4cce, org.springframework.test.context.transaction.TransactionalTestExecutionListener@70cfd267, org.springframework.test.context.jdbc.SqlScriptsTestExecutionListener@7b0806db, org.springframework.test.context.event.EventPublishingTestExecutionListener@bcab68d, org.springframework.boot.test.autoconfigure.restdocs.RestDocsTestExecutionListener@79dc006, org.springframework.boot.test.autoconfigure.web.client.MockRestServiceServerResetTestExecutionListener@94f6678, org.springframework.boot.test.autoconfigure.web.servlet.MockMvcPrintOnlyOnFailureTestExecutionListener@324a8754, org.springframework.boot.test.autoconfigure.web.servlet.WebDriverTestExecutionListener@6cea214e, org.springframework.boot.test.autoconfigure.webservices.client.MockWebServiceServerTestExecutionListener@51e5125, org.springframework.boot.test.mock.mockito.ResetMocksTestExecutionListener@77109b58]
]]></system-out>
  <system-err><![CDATA[]]></system-err>
</testsuite>
