<?xml version="1.0" encoding="UTF-8"?>
<testsuite name="com.songify.api.servicetests.SpotifyServiceTests" tests="1" skipped="0" failures="0" errors="0" timestamp="2021-06-20T16:16:45" hostname="LAPTOP-4IPIM65U" time="0.306">
  <properties/>
  <testcase name="mockSpotifyApiResponseTest()" classname="com.songify.api.servicetests.SpotifyServiceTests" time="0.306"/>
  <system-out><![CDATA[2021-06-20 18:16:45.353  INFO 11944 --- [    Test worker] .b.t.c.SpringBootTestContextBootstrapper : Neither @ContextConfiguration nor @ContextHierarchy found for test class [com.songify.api.servicetests.SpotifyServiceTests], using SpringBootContextLoader
2021-06-20 18:16:45.354  INFO 11944 --- [    Test worker] o.s.t.c.support.AbstractContextLoader    : Could not detect default resource locations for test class [com.songify.api.servicetests.SpotifyServiceTests]: no resource found for suffixes {-context.xml, Context.groovy}.
2021-06-20 18:16:45.354  INFO 11944 --- [    Test worker] t.c.s.AnnotationConfigContextLoaderUtils : Could not detect default configuration classes for test class [com.songify.api.servicetests.SpotifyServiceTests]: SpotifyServiceTests does not declare any static, non-private, non-final, nested classes annotated with @Configuration.
2021-06-20 18:16:45.357  INFO 11944 --- [    Test worker] .b.t.c.SpringBootTestContextBootstrapper : Found @SpringBootConfiguration com.songify.api.ApiApplication for test class com.songify.api.servicetests.SpotifyServiceTests
2021-06-20 18:16:45.359  INFO 11944 --- [    Test worker] .b.t.c.SpringBootTestContextBootstrapper : Loaded default TestExecutionListener class names from location [META-INF/spring.factories]: [org.springframework.boot.test.autoconfigure.restdocs.RestDocsTestExecutionListener, org.springframework.boot.test.autoconfigure.web.client.MockRestServiceServerResetTestExecutionListener, org.springframework.boot.test.autoconfigure.web.servlet.MockMvcPrintOnlyOnFailureTestExecutionListener, org.springframework.boot.test.autoconfigure.web.servlet.WebDriverTestExecutionListener, org.springframework.boot.test.autoconfigure.webservices.client.MockWebServiceServerTestExecutionListener, org.springframework.boot.test.mock.mockito.MockitoTestExecutionListener, org.springframework.boot.test.mock.mockito.ResetMocksTestExecutionListener, org.springframework.test.context.web.ServletTestExecutionListener, org.springframework.test.context.support.DirtiesContextBeforeModesTestExecutionListener, org.springframework.test.context.support.DependencyInjectionTestExecutionListener, org.springframework.test.context.support.DirtiesContextTestExecutionListener, org.springframework.test.context.transaction.TransactionalTestExecutionListener, org.springframework.test.context.jdbc.SqlScriptsTestExecutionListener, org.springframework.test.context.event.EventPublishingTestExecutionListener]
2021-06-20 18:16:45.362  INFO 11944 --- [    Test worker] .b.t.c.SpringBootTestContextBootstrapper : Using TestExecutionListeners: [org.springframework.test.context.web.ServletTestExecutionListener@3e5966be, org.springframework.test.context.support.DirtiesContextBeforeModesTestExecutionListener@76ed3d02, org.springframework.boot.test.mock.mockito.MockitoTestExecutionListener@7ede346d, org.springframework.boot.test.autoconfigure.SpringBootDependencyInjectionTestExecutionListener@68517a63, org.springframework.test.context.support.DirtiesContextTestExecutionListener@1dc89d41, org.springframework.test.context.transaction.TransactionalTestExecutionListener@2d2b6d7, org.springframework.test.context.jdbc.SqlScriptsTestExecutionListener@d2097bc, org.springframework.test.context.event.EventPublishingTestExecutionListener@6ec16619, org.springframework.boot.test.autoconfigure.restdocs.RestDocsTestExecutionListener@37bacc15, org.springframework.boot.test.autoconfigure.web.client.MockRestServiceServerResetTestExecutionListener@2049b03b, org.springframework.boot.test.autoconfigure.web.servlet.MockMvcPrintOnlyOnFailureTestExecutionListener@295d5ef9, org.springframework.boot.test.autoconfigure.web.servlet.WebDriverTestExecutionListener@4c491465, org.springframework.boot.test.autoconfigure.webservices.client.MockWebServiceServerTestExecutionListener@2df2a39d, org.springframework.boot.test.mock.mockito.ResetMocksTestExecutionListener@40570670]
2021-06-20 18:16:45.699  INFO 11944 --- [    Test worker] c.s.api.service.impl.SpotifyServiceImpl  : Error: org.springframework.web.client.HttpClientErrorException$BadRequest: 400 Bad Request: [{"error":"invalid_grant","error_description":"Invalid authorization code"}]
]]></system-out>
  <system-err><![CDATA[]]></system-err>
</testsuite>
