<?xml version="1.0" encoding="UTF-8"?>
<testsuite name="com.songify.api.servicetests.PlaylistServiceTests" tests="11" skipped="0" failures="0" errors="0" timestamp="2021-06-03T13:26:27" hostname="LAPTOP-4IPIM65U" time="0.25">
  <properties/>
  <testcase name="createPlaylistTest()" classname="com.songify.api.servicetests.PlaylistServiceTests" time="0.072"/>
  <testcase name="getPlaylistByTitleFailTest()" classname="com.songify.api.servicetests.PlaylistServiceTests" time="0.006"/>
  <testcase name="addSongToPlaylistNewSongTest()" classname="com.songify.api.servicetests.PlaylistServiceTests" time="0.061"/>
  <testcase name="createPlaylistWithExistingNameTest()" classname="com.songify.api.servicetests.PlaylistServiceTests" time="0.009"/>
  <testcase name="getPlaylistByUsernameTest()" classname="com.songify.api.servicetests.PlaylistServiceTests" time="0.009"/>
  <testcase name="getPlaylistsTest()" classname="com.songify.api.servicetests.PlaylistServiceTests" time="0.009"/>
  <testcase name="deletePlaylist()" classname="com.songify.api.servicetests.PlaylistServiceTests" time="0.026"/>
  <testcase name="addSongToPlaylistTest()" classname="com.songify.api.servicetests.PlaylistServiceTests" time="0.014"/>
  <testcase name="getPlaylistByIdTest()" classname="com.songify.api.servicetests.PlaylistServiceTests" time="0.006"/>
  <testcase name="getPopularPlaylistsTest()" classname="com.songify.api.servicetests.PlaylistServiceTests" time="0.02"/>
  <testcase name="getPlaylistByTitleTest()" classname="com.songify.api.servicetests.PlaylistServiceTests" time="0.007"/>
  <system-out><![CDATA[2021-06-03 15:26:27.589  INFO 24696 --- [    Test worker] .b.t.c.SpringBootTestContextBootstrapper : Neither @ContextConfiguration nor @ContextHierarchy found for test class [com.songify.api.servicetests.PlaylistServiceTests], using SpringBootContextLoader
2021-06-03 15:26:27.590  INFO 24696 --- [    Test worker] o.s.t.c.support.AbstractContextLoader    : Could not detect default resource locations for test class [com.songify.api.servicetests.PlaylistServiceTests]: no resource found for suffixes {-context.xml, Context.groovy}.
2021-06-03 15:26:27.591  INFO 24696 --- [    Test worker] t.c.s.AnnotationConfigContextLoaderUtils : Could not detect default configuration classes for test class [com.songify.api.servicetests.PlaylistServiceTests]: PlaylistServiceTests does not declare any static, non-private, non-final, nested classes annotated with @Configuration.
2021-06-03 15:26:27.593  INFO 24696 --- [    Test worker] .b.t.c.SpringBootTestContextBootstrapper : Found @SpringBootConfiguration com.songify.api.ApiApplication for test class com.songify.api.servicetests.PlaylistServiceTests
2021-06-03 15:26:27.594  INFO 24696 --- [    Test worker] .b.t.c.SpringBootTestContextBootstrapper : Loaded default TestExecutionListener class names from location [META-INF/spring.factories]: [org.springframework.boot.test.autoconfigure.restdocs.RestDocsTestExecutionListener, org.springframework.boot.test.autoconfigure.web.client.MockRestServiceServerResetTestExecutionListener, org.springframework.boot.test.autoconfigure.web.servlet.MockMvcPrintOnlyOnFailureTestExecutionListener, org.springframework.boot.test.autoconfigure.web.servlet.WebDriverTestExecutionListener, org.springframework.boot.test.autoconfigure.webservices.client.MockWebServiceServerTestExecutionListener, org.springframework.boot.test.mock.mockito.MockitoTestExecutionListener, org.springframework.boot.test.mock.mockito.ResetMocksTestExecutionListener, org.springframework.test.context.web.ServletTestExecutionListener, org.springframework.test.context.support.DirtiesContextBeforeModesTestExecutionListener, org.springframework.test.context.event.ApplicationEventsTestExecutionListener, org.springframework.test.context.support.DependencyInjectionTestExecutionListener, org.springframework.test.context.support.DirtiesContextTestExecutionListener, org.springframework.test.context.transaction.TransactionalTestExecutionListener, org.springframework.test.context.jdbc.SqlScriptsTestExecutionListener, org.springframework.test.context.event.EventPublishingTestExecutionListener]
2021-06-03 15:26:27.595  INFO 24696 --- [    Test worker] .b.t.c.SpringBootTestContextBootstrapper : Using TestExecutionListeners: [org.springframework.test.context.web.ServletTestExecutionListener@58bb12f9, org.springframework.test.context.support.DirtiesContextBeforeModesTestExecutionListener@509cb0b6, org.springframework.test.context.event.ApplicationEventsTestExecutionListener@11df86dc, org.springframework.boot.test.mock.mockito.MockitoTestExecutionListener@49892f83, org.springframework.boot.test.autoconfigure.SpringBootDependencyInjectionTestExecutionListener@4925c091, org.springframework.test.context.support.DirtiesContextTestExecutionListener@7c89d003, org.springframework.test.context.transaction.TransactionalTestExecutionListener@110d4028, org.springframework.test.context.jdbc.SqlScriptsTestExecutionListener@117890bd, org.springframework.test.context.event.EventPublishingTestExecutionListener@763efb4b, org.springframework.boot.test.autoconfigure.restdocs.RestDocsTestExecutionListener@44853447, org.springframework.boot.test.autoconfigure.web.client.MockRestServiceServerResetTestExecutionListener@3f7220ff, org.springframework.boot.test.autoconfigure.web.servlet.MockMvcPrintOnlyOnFailureTestExecutionListener@6a5aa2d4, org.springframework.boot.test.autoconfigure.web.servlet.WebDriverTestExecutionListener@6b3ff877, org.springframework.boot.test.autoconfigure.webservices.client.MockWebServiceServerTestExecutionListener@6f5de5b, org.springframework.boot.test.mock.mockito.ResetMocksTestExecutionListener@282e63a2]
]]></system-out>
  <system-err><![CDATA[]]></system-err>
</testsuite>
