<?xml version="1.0" encoding="UTF-8"?>
<testsuite name="com.songify.api.model.dto.UserDtoTests" tests="8" skipped="0" failures="0" errors="0" timestamp="2021-06-12T13:37:02" hostname="LAPTOP-4IPIM65U" time="0.032">
  <properties/>
  <testcase name="getPasswordTest()" classname="com.songify.api.model.dto.UserDtoTests" time="0.004"/>
  <testcase name="getUsernameTest()" classname="com.songify.api.model.dto.UserDtoTests" time="0.003"/>
  <testcase name="setPasswordTest()" classname="com.songify.api.model.dto.UserDtoTests" time="0.004"/>
  <testcase name="setUsernameTest()" classname="com.songify.api.model.dto.UserDtoTests" time="0.003"/>
  <testcase name="setEmailTest()" classname="com.songify.api.model.dto.UserDtoTests" time="0.003"/>
  <testcase name="setRoleTest()" classname="com.songify.api.model.dto.UserDtoTests" time="0.002"/>
  <testcase name="getRoleTest()" classname="com.songify.api.model.dto.UserDtoTests" time="0.003"/>
  <testcase name="getEmailTest()" classname="com.songify.api.model.dto.UserDtoTests" time="0.004"/>
  <system-out><![CDATA[2021-06-12 15:37:02.460  INFO 1964 --- [    Test worker] .b.t.c.SpringBootTestContextBootstrapper : Neither @ContextConfiguration nor @ContextHierarchy found for test class [com.songify.api.model.dto.UserDtoTests], using SpringBootContextLoader
2021-06-12 15:37:02.461  INFO 1964 --- [    Test worker] o.s.t.c.support.AbstractContextLoader    : Could not detect default resource locations for test class [com.songify.api.model.dto.UserDtoTests]: no resource found for suffixes {-context.xml, Context.groovy}.
2021-06-12 15:37:02.461  INFO 1964 --- [    Test worker] t.c.s.AnnotationConfigContextLoaderUtils : Could not detect default configuration classes for test class [com.songify.api.model.dto.UserDtoTests]: UserDtoTests does not declare any static, non-private, non-final, nested classes annotated with @Configuration.
2021-06-12 15:37:02.463  INFO 1964 --- [    Test worker] .b.t.c.SpringBootTestContextBootstrapper : Found @SpringBootConfiguration com.songify.api.ApiApplication for test class com.songify.api.model.dto.UserDtoTests
2021-06-12 15:37:02.465  INFO 1964 --- [    Test worker] .b.t.c.SpringBootTestContextBootstrapper : Loaded default TestExecutionListener class names from location [META-INF/spring.factories]: [org.springframework.boot.test.autoconfigure.restdocs.RestDocsTestExecutionListener, org.springframework.boot.test.autoconfigure.web.client.MockRestServiceServerResetTestExecutionListener, org.springframework.boot.test.autoconfigure.web.servlet.MockMvcPrintOnlyOnFailureTestExecutionListener, org.springframework.boot.test.autoconfigure.web.servlet.WebDriverTestExecutionListener, org.springframework.boot.test.autoconfigure.webservices.client.MockWebServiceServerTestExecutionListener, org.springframework.boot.test.mock.mockito.MockitoTestExecutionListener, org.springframework.boot.test.mock.mockito.ResetMocksTestExecutionListener, org.springframework.test.context.web.ServletTestExecutionListener, org.springframework.test.context.support.DirtiesContextBeforeModesTestExecutionListener, org.springframework.test.context.support.DependencyInjectionTestExecutionListener, org.springframework.test.context.support.DirtiesContextTestExecutionListener, org.springframework.test.context.transaction.TransactionalTestExecutionListener, org.springframework.test.context.jdbc.SqlScriptsTestExecutionListener, org.springframework.test.context.event.EventPublishingTestExecutionListener]
2021-06-12 15:37:02.465  INFO 1964 --- [    Test worker] .b.t.c.SpringBootTestContextBootstrapper : Using TestExecutionListeners: [org.springframework.test.context.web.ServletTestExecutionListener@3af0058e, org.springframework.test.context.support.DirtiesContextBeforeModesTestExecutionListener@3bef5c64, org.springframework.boot.test.mock.mockito.MockitoTestExecutionListener@1506f869, org.springframework.boot.test.autoconfigure.SpringBootDependencyInjectionTestExecutionListener@25a72150, org.springframework.test.context.support.DirtiesContextTestExecutionListener@1fc18c1f, org.springframework.test.context.transaction.TransactionalTestExecutionListener@5e8cefff, org.springframework.test.context.jdbc.SqlScriptsTestExecutionListener@7c6b81f7, org.springframework.test.context.event.EventPublishingTestExecutionListener@60da928b, org.springframework.boot.test.autoconfigure.restdocs.RestDocsTestExecutionListener@73e85bfb, org.springframework.boot.test.autoconfigure.web.client.MockRestServiceServerResetTestExecutionListener@4aa2b16e, org.springframework.boot.test.autoconfigure.web.servlet.MockMvcPrintOnlyOnFailureTestExecutionListener@6a66f5f4, org.springframework.boot.test.autoconfigure.web.servlet.WebDriverTestExecutionListener@5e1c7cf9, org.springframework.boot.test.autoconfigure.webservices.client.MockWebServiceServerTestExecutionListener@6f1ac342, org.springframework.boot.test.mock.mockito.ResetMocksTestExecutionListener@30ec260e]
]]></system-out>
  <system-err><![CDATA[]]></system-err>
</testsuite>
