<?xml version="1.0" encoding="UTF-8"?>
<testsuite name="com.songify.api.servicetests.SongServiceTests" tests="2" skipped="0" failures="0" errors="0" timestamp="2021-06-12T13:37:06" hostname="LAPTOP-4IPIM65U" time="0.012">
  <properties/>
  <testcase name="findBySpotifyId()" classname="com.songify.api.servicetests.SongServiceTests" time="0.006"/>
  <testcase name="addSongTest()" classname="com.songify.api.servicetests.SongServiceTests" time="0.005"/>
  <system-out><![CDATA[2021-06-12 15:37:06.938  INFO 1964 --- [    Test worker] .b.t.c.SpringBootTestContextBootstrapper : Neither @ContextConfiguration nor @ContextHierarchy found for test class [com.songify.api.servicetests.SongServiceTests], using SpringBootContextLoader
2021-06-12 15:37:06.939  INFO 1964 --- [    Test worker] o.s.t.c.support.AbstractContextLoader    : Could not detect default resource locations for test class [com.songify.api.servicetests.SongServiceTests]: no resource found for suffixes {-context.xml, Context.groovy}.
2021-06-12 15:37:06.939  INFO 1964 --- [    Test worker] t.c.s.AnnotationConfigContextLoaderUtils : Could not detect default configuration classes for test class [com.songify.api.servicetests.SongServiceTests]: SongServiceTests does not declare any static, non-private, non-final, nested classes annotated with @Configuration.
2021-06-12 15:37:06.941  INFO 1964 --- [    Test worker] .b.t.c.SpringBootTestContextBootstrapper : Found @SpringBootConfiguration com.songify.api.ApiApplication for test class com.songify.api.servicetests.SongServiceTests
2021-06-12 15:37:06.943  INFO 1964 --- [    Test worker] .b.t.c.SpringBootTestContextBootstrapper : Loaded default TestExecutionListener class names from location [META-INF/spring.factories]: [org.springframework.boot.test.autoconfigure.restdocs.RestDocsTestExecutionListener, org.springframework.boot.test.autoconfigure.web.client.MockRestServiceServerResetTestExecutionListener, org.springframework.boot.test.autoconfigure.web.servlet.MockMvcPrintOnlyOnFailureTestExecutionListener, org.springframework.boot.test.autoconfigure.web.servlet.WebDriverTestExecutionListener, org.springframework.boot.test.autoconfigure.webservices.client.MockWebServiceServerTestExecutionListener, org.springframework.boot.test.mock.mockito.MockitoTestExecutionListener, org.springframework.boot.test.mock.mockito.ResetMocksTestExecutionListener, org.springframework.test.context.web.ServletTestExecutionListener, org.springframework.test.context.support.DirtiesContextBeforeModesTestExecutionListener, org.springframework.test.context.support.DependencyInjectionTestExecutionListener, org.springframework.test.context.support.DirtiesContextTestExecutionListener, org.springframework.test.context.transaction.TransactionalTestExecutionListener, org.springframework.test.context.jdbc.SqlScriptsTestExecutionListener, org.springframework.test.context.event.EventPublishingTestExecutionListener]
2021-06-12 15:37:06.943  INFO 1964 --- [    Test worker] .b.t.c.SpringBootTestContextBootstrapper : Using TestExecutionListeners: [org.springframework.test.context.web.ServletTestExecutionListener@6f3c8cb9, org.springframework.test.context.support.DirtiesContextBeforeModesTestExecutionListener@7894fc48, org.springframework.boot.test.mock.mockito.MockitoTestExecutionListener@1f1813a, org.springframework.boot.test.autoconfigure.SpringBootDependencyInjectionTestExecutionListener@141d33b5, org.springframework.test.context.support.DirtiesContextTestExecutionListener@1fcf3ccb, org.springframework.test.context.transaction.TransactionalTestExecutionListener@40e6f5c6, org.springframework.test.context.jdbc.SqlScriptsTestExecutionListener@4d1354b1, org.springframework.test.context.event.EventPublishingTestExecutionListener@30ee463d, org.springframework.boot.test.autoconfigure.restdocs.RestDocsTestExecutionListener@56a10d8f, org.springframework.boot.test.autoconfigure.web.client.MockRestServiceServerResetTestExecutionListener@219e8a58, org.springframework.boot.test.autoconfigure.web.servlet.MockMvcPrintOnlyOnFailureTestExecutionListener@76ffe406, org.springframework.boot.test.autoconfigure.web.servlet.WebDriverTestExecutionListener@34628b4a, org.springframework.boot.test.autoconfigure.webservices.client.MockWebServiceServerTestExecutionListener@6af1253c, org.springframework.boot.test.mock.mockito.ResetMocksTestExecutionListener@3fe8be70]
]]></system-out>
  <system-err><![CDATA[]]></system-err>
</testsuite>
