<?xml version="1.0" encoding="UTF-8"?>
<testsuite name="com.songify.api.servicetests.AuthServiceTests" tests="1" skipped="0" failures="0" errors="0" timestamp="2021-06-20T16:16:45" hostname="LAPTOP-4IPIM65U" time="0.103">
  <properties/>
  <testcase name="loginTest()" classname="com.songify.api.servicetests.AuthServiceTests" time="0.103"/>
  <system-out><![CDATA[2021-06-20 18:16:45.026  INFO 11944 --- [    Test worker] .b.t.c.SpringBootTestContextBootstrapper : Neither @ContextConfiguration nor @ContextHierarchy found for test class [com.songify.api.servicetests.AuthServiceTests], using SpringBootContextLoader
2021-06-20 18:16:45.027  INFO 11944 --- [    Test worker] o.s.t.c.support.AbstractContextLoader    : Could not detect default resource locations for test class [com.songify.api.servicetests.AuthServiceTests]: no resource found for suffixes {-context.xml, Context.groovy}.
2021-06-20 18:16:45.028  INFO 11944 --- [    Test worker] t.c.s.AnnotationConfigContextLoaderUtils : Could not detect default configuration classes for test class [com.songify.api.servicetests.AuthServiceTests]: AuthServiceTests does not declare any static, non-private, non-final, nested classes annotated with @Configuration.
2021-06-20 18:16:45.029  INFO 11944 --- [    Test worker] .b.t.c.SpringBootTestContextBootstrapper : Found @SpringBootConfiguration com.songify.api.ApiApplication for test class com.songify.api.servicetests.AuthServiceTests
2021-06-20 18:16:45.031  INFO 11944 --- [    Test worker] .b.t.c.SpringBootTestContextBootstrapper : Loaded default TestExecutionListener class names from location [META-INF/spring.factories]: [org.springframework.boot.test.autoconfigure.restdocs.RestDocsTestExecutionListener, org.springframework.boot.test.autoconfigure.web.client.MockRestServiceServerResetTestExecutionListener, org.springframework.boot.test.autoconfigure.web.servlet.MockMvcPrintOnlyOnFailureTestExecutionListener, org.springframework.boot.test.autoconfigure.web.servlet.WebDriverTestExecutionListener, org.springframework.boot.test.autoconfigure.webservices.client.MockWebServiceServerTestExecutionListener, org.springframework.boot.test.mock.mockito.MockitoTestExecutionListener, org.springframework.boot.test.mock.mockito.ResetMocksTestExecutionListener, org.springframework.test.context.web.ServletTestExecutionListener, org.springframework.test.context.support.DirtiesContextBeforeModesTestExecutionListener, org.springframework.test.context.support.DependencyInjectionTestExecutionListener, org.springframework.test.context.support.DirtiesContextTestExecutionListener, org.springframework.test.context.transaction.TransactionalTestExecutionListener, org.springframework.test.context.jdbc.SqlScriptsTestExecutionListener, org.springframework.test.context.event.EventPublishingTestExecutionListener]
2021-06-20 18:16:45.032  INFO 11944 --- [    Test worker] .b.t.c.SpringBootTestContextBootstrapper : Using TestExecutionListeners: [org.springframework.test.context.web.ServletTestExecutionListener@1a968ded, org.springframework.test.context.support.DirtiesContextBeforeModesTestExecutionListener@196a8793, org.springframework.boot.test.mock.mockito.MockitoTestExecutionListener@5f52686a, org.springframework.boot.test.autoconfigure.SpringBootDependencyInjectionTestExecutionListener@441478a6, org.springframework.test.context.support.DirtiesContextTestExecutionListener@6ac36c2c, org.springframework.test.context.transaction.TransactionalTestExecutionListener@27d828f8, org.springframework.test.context.jdbc.SqlScriptsTestExecutionListener@6b850551, org.springframework.test.context.event.EventPublishingTestExecutionListener@cb391cf, org.springframework.boot.test.autoconfigure.restdocs.RestDocsTestExecutionListener@7d602e79, org.springframework.boot.test.autoconfigure.web.client.MockRestServiceServerResetTestExecutionListener@1b1946c5, org.springframework.boot.test.autoconfigure.web.servlet.MockMvcPrintOnlyOnFailureTestExecutionListener@58f5677a, org.springframework.boot.test.autoconfigure.web.servlet.WebDriverTestExecutionListener@48d8b842, org.springframework.boot.test.autoconfigure.webservices.client.MockWebServiceServerTestExecutionListener@343744c6, org.springframework.boot.test.mock.mockito.ResetMocksTestExecutionListener@65c913eb]
]]></system-out>
  <system-err><![CDATA[]]></system-err>
</testsuite>
