<?xml version="1.0" encoding="UTF-8"?>
<testsuite name="com.songify.api.servicetests.RoleServiceTests" tests="4" skipped="0" failures="0" errors="0" timestamp="2021-06-10T15:54:04" hostname="LAPTOP-4IPIM65U" time="0.037">
  <properties/>
  <testcase name="getAllRolesTest()" classname="com.songify.api.servicetests.RoleServiceTests" time="0.013"/>
  <testcase name="updateRoleTest()" classname="com.songify.api.servicetests.RoleServiceTests" time="0.012"/>
  <testcase name="updateRoleResourceNotFoundExceptionThrownTest()" classname="com.songify.api.servicetests.RoleServiceTests" time="0.004"/>
  <testcase name="getRoleByIdTest()" classname="com.songify.api.servicetests.RoleServiceTests" time="0.005"/>
  <system-out><![CDATA[2021-06-10 17:54:04.292  INFO 9652 --- [    Test worker] .b.t.c.SpringBootTestContextBootstrapper : Neither @ContextConfiguration nor @ContextHierarchy found for test class [com.songify.api.servicetests.RoleServiceTests], using SpringBootContextLoader
2021-06-10 17:54:04.293  INFO 9652 --- [    Test worker] o.s.t.c.support.AbstractContextLoader    : Could not detect default resource locations for test class [com.songify.api.servicetests.RoleServiceTests]: no resource found for suffixes {-context.xml, Context.groovy}.
2021-06-10 17:54:04.294  INFO 9652 --- [    Test worker] t.c.s.AnnotationConfigContextLoaderUtils : Could not detect default configuration classes for test class [com.songify.api.servicetests.RoleServiceTests]: RoleServiceTests does not declare any static, non-private, non-final, nested classes annotated with @Configuration.
2021-06-10 17:54:04.296  INFO 9652 --- [    Test worker] .b.t.c.SpringBootTestContextBootstrapper : Found @SpringBootConfiguration com.songify.api.ApiApplication for test class com.songify.api.servicetests.RoleServiceTests
2021-06-10 17:54:04.297  INFO 9652 --- [    Test worker] .b.t.c.SpringBootTestContextBootstrapper : Loaded default TestExecutionListener class names from location [META-INF/spring.factories]: [org.springframework.boot.test.autoconfigure.restdocs.RestDocsTestExecutionListener, org.springframework.boot.test.autoconfigure.web.client.MockRestServiceServerResetTestExecutionListener, org.springframework.boot.test.autoconfigure.web.servlet.MockMvcPrintOnlyOnFailureTestExecutionListener, org.springframework.boot.test.autoconfigure.web.servlet.WebDriverTestExecutionListener, org.springframework.boot.test.autoconfigure.webservices.client.MockWebServiceServerTestExecutionListener, org.springframework.boot.test.mock.mockito.MockitoTestExecutionListener, org.springframework.boot.test.mock.mockito.ResetMocksTestExecutionListener, org.springframework.test.context.web.ServletTestExecutionListener, org.springframework.test.context.support.DirtiesContextBeforeModesTestExecutionListener, org.springframework.test.context.support.DependencyInjectionTestExecutionListener, org.springframework.test.context.support.DirtiesContextTestExecutionListener, org.springframework.test.context.transaction.TransactionalTestExecutionListener, org.springframework.test.context.jdbc.SqlScriptsTestExecutionListener, org.springframework.test.context.event.EventPublishingTestExecutionListener]
2021-06-10 17:54:04.298  INFO 9652 --- [    Test worker] .b.t.c.SpringBootTestContextBootstrapper : Using TestExecutionListeners: [org.springframework.test.context.web.ServletTestExecutionListener@6f9ec4be, org.springframework.test.context.support.DirtiesContextBeforeModesTestExecutionListener@64253494, org.springframework.boot.test.mock.mockito.MockitoTestExecutionListener@6d805b0b, org.springframework.boot.test.autoconfigure.SpringBootDependencyInjectionTestExecutionListener@101873ec, org.springframework.test.context.support.DirtiesContextTestExecutionListener@93afe65, org.springframework.test.context.transaction.TransactionalTestExecutionListener@44f6fa42, org.springframework.test.context.jdbc.SqlScriptsTestExecutionListener@2bc1b9d4, org.springframework.test.context.event.EventPublishingTestExecutionListener@78953853, org.springframework.boot.test.autoconfigure.restdocs.RestDocsTestExecutionListener@260228f2, org.springframework.boot.test.autoconfigure.web.client.MockRestServiceServerResetTestExecutionListener@5555e29a, org.springframework.boot.test.autoconfigure.web.servlet.MockMvcPrintOnlyOnFailureTestExecutionListener@73fcfefd, org.springframework.boot.test.autoconfigure.web.servlet.WebDriverTestExecutionListener@227a1771, org.springframework.boot.test.autoconfigure.webservices.client.MockWebServiceServerTestExecutionListener@1508ee74, org.springframework.boot.test.mock.mockito.ResetMocksTestExecutionListener@6fb39f7d]
]]></system-out>
  <system-err><![CDATA[]]></system-err>
</testsuite>
