<?xml version="1.0" encoding="UTF-8"?>
<testsuite name="com.songify.api.servicetests.PlaylistServiceTests" tests="11" skipped="0" failures="0" errors="0" timestamp="2021-06-12T13:37:06" hostname="LAPTOP-4IPIM65U" time="0.218">
  <properties/>
  <testcase name="createPlaylistTest()" classname="com.songify.api.servicetests.PlaylistServiceTests" time="0.075"/>
  <testcase name="getPlaylistByTitleFailTest()" classname="com.songify.api.servicetests.PlaylistServiceTests" time="0.005"/>
  <testcase name="addSongToPlaylistNewSongTest()" classname="com.songify.api.servicetests.PlaylistServiceTests" time="0.036"/>
  <testcase name="createPlaylistWithExistingNameTest()" classname="com.songify.api.servicetests.PlaylistServiceTests" time="0.006"/>
  <testcase name="getPlaylistByUsernameTest()" classname="com.songify.api.servicetests.PlaylistServiceTests" time="0.01"/>
  <testcase name="getPlaylistsTest()" classname="com.songify.api.servicetests.PlaylistServiceTests" time="0.008"/>
  <testcase name="deletePlaylist()" classname="com.songify.api.servicetests.PlaylistServiceTests" time="0.024"/>
  <testcase name="addSongToPlaylistTest()" classname="com.songify.api.servicetests.PlaylistServiceTests" time="0.016"/>
  <testcase name="getPlaylistByIdTest()" classname="com.songify.api.servicetests.PlaylistServiceTests" time="0.006"/>
  <testcase name="getPopularPlaylistsTest()" classname="com.songify.api.servicetests.PlaylistServiceTests" time="0.017"/>
  <testcase name="getPlaylistByTitleTest()" classname="com.songify.api.servicetests.PlaylistServiceTests" time="0.007"/>
  <system-out><![CDATA[2021-06-12 15:37:06.670  INFO 1964 --- [    Test worker] .b.t.c.SpringBootTestContextBootstrapper : Neither @ContextConfiguration nor @ContextHierarchy found for test class [com.songify.api.servicetests.PlaylistServiceTests], using SpringBootContextLoader
2021-06-12 15:37:06.671  INFO 1964 --- [    Test worker] o.s.t.c.support.AbstractContextLoader    : Could not detect default resource locations for test class [com.songify.api.servicetests.PlaylistServiceTests]: no resource found for suffixes {-context.xml, Context.groovy}.
2021-06-12 15:37:06.671  INFO 1964 --- [    Test worker] t.c.s.AnnotationConfigContextLoaderUtils : Could not detect default configuration classes for test class [com.songify.api.servicetests.PlaylistServiceTests]: PlaylistServiceTests does not declare any static, non-private, non-final, nested classes annotated with @Configuration.
2021-06-12 15:37:06.673  INFO 1964 --- [    Test worker] .b.t.c.SpringBootTestContextBootstrapper : Found @SpringBootConfiguration com.songify.api.ApiApplication for test class com.songify.api.servicetests.PlaylistServiceTests
2021-06-12 15:37:06.674  INFO 1964 --- [    Test worker] .b.t.c.SpringBootTestContextBootstrapper : Loaded default TestExecutionListener class names from location [META-INF/spring.factories]: [org.springframework.boot.test.autoconfigure.restdocs.RestDocsTestExecutionListener, org.springframework.boot.test.autoconfigure.web.client.MockRestServiceServerResetTestExecutionListener, org.springframework.boot.test.autoconfigure.web.servlet.MockMvcPrintOnlyOnFailureTestExecutionListener, org.springframework.boot.test.autoconfigure.web.servlet.WebDriverTestExecutionListener, org.springframework.boot.test.autoconfigure.webservices.client.MockWebServiceServerTestExecutionListener, org.springframework.boot.test.mock.mockito.MockitoTestExecutionListener, org.springframework.boot.test.mock.mockito.ResetMocksTestExecutionListener, org.springframework.test.context.web.ServletTestExecutionListener, org.springframework.test.context.support.DirtiesContextBeforeModesTestExecutionListener, org.springframework.test.context.support.DependencyInjectionTestExecutionListener, org.springframework.test.context.support.DirtiesContextTestExecutionListener, org.springframework.test.context.transaction.TransactionalTestExecutionListener, org.springframework.test.context.jdbc.SqlScriptsTestExecutionListener, org.springframework.test.context.event.EventPublishingTestExecutionListener]
2021-06-12 15:37:06.675  INFO 1964 --- [    Test worker] .b.t.c.SpringBootTestContextBootstrapper : Using TestExecutionListeners: [org.springframework.test.context.web.ServletTestExecutionListener@5b2e659, org.springframework.test.context.support.DirtiesContextBeforeModesTestExecutionListener@6e2c8243, org.springframework.boot.test.mock.mockito.MockitoTestExecutionListener@52783bf5, org.springframework.boot.test.autoconfigure.SpringBootDependencyInjectionTestExecutionListener@94ff70f, org.springframework.test.context.support.DirtiesContextTestExecutionListener@1b5d5851, org.springframework.test.context.transaction.TransactionalTestExecutionListener@1169efe3, org.springframework.test.context.jdbc.SqlScriptsTestExecutionListener@25dc9a8, org.springframework.test.context.event.EventPublishingTestExecutionListener@74dcb163, org.springframework.boot.test.autoconfigure.restdocs.RestDocsTestExecutionListener@532f079, org.springframework.boot.test.autoconfigure.web.client.MockRestServiceServerResetTestExecutionListener@5bfa11cb, org.springframework.boot.test.autoconfigure.web.servlet.MockMvcPrintOnlyOnFailureTestExecutionListener@37069395, org.springframework.boot.test.autoconfigure.web.servlet.WebDriverTestExecutionListener@26c06bbf, org.springframework.boot.test.autoconfigure.webservices.client.MockWebServiceServerTestExecutionListener@34e3f626, org.springframework.boot.test.mock.mockito.ResetMocksTestExecutionListener@3f9ccd38]
]]></system-out>
  <system-err><![CDATA[]]></system-err>
</testsuite>
