<?xml version="1.0" encoding="UTF-8"?>
<testsuite name="com.songify.api.servicetests.PlaylistServiceTests" tests="11" skipped="0" failures="0" errors="0" timestamp="2021-06-10T15:54:04" hostname="LAPTOP-4IPIM65U" time="0.222">
  <properties/>
  <testcase name="createPlaylistTest()" classname="com.songify.api.servicetests.PlaylistServiceTests" time="0.073"/>
  <testcase name="getPlaylistByTitleFailTest()" classname="com.songify.api.servicetests.PlaylistServiceTests" time="0.005"/>
  <testcase name="addSongToPlaylistNewSongTest()" classname="com.songify.api.servicetests.PlaylistServiceTests" time="0.045"/>
  <testcase name="createPlaylistWithExistingNameTest()" classname="com.songify.api.servicetests.PlaylistServiceTests" time="0.006"/>
  <testcase name="getPlaylistByUsernameTest()" classname="com.songify.api.servicetests.PlaylistServiceTests" time="0.008"/>
  <testcase name="getPlaylistsTest()" classname="com.songify.api.servicetests.PlaylistServiceTests" time="0.008"/>
  <testcase name="deletePlaylist()" classname="com.songify.api.servicetests.PlaylistServiceTests" time="0.022"/>
  <testcase name="addSongToPlaylistTest()" classname="com.songify.api.servicetests.PlaylistServiceTests" time="0.014"/>
  <testcase name="getPlaylistByIdTest()" classname="com.songify.api.servicetests.PlaylistServiceTests" time="0.005"/>
  <testcase name="getPopularPlaylistsTest()" classname="com.songify.api.servicetests.PlaylistServiceTests" time="0.018"/>
  <testcase name="getPlaylistByTitleTest()" classname="com.songify.api.servicetests.PlaylistServiceTests" time="0.007"/>
  <system-out><![CDATA[2021-06-10 17:54:04.061  INFO 9652 --- [    Test worker] .b.t.c.SpringBootTestContextBootstrapper : Neither @ContextConfiguration nor @ContextHierarchy found for test class [com.songify.api.servicetests.PlaylistServiceTests], using SpringBootContextLoader
2021-06-10 17:54:04.061  INFO 9652 --- [    Test worker] o.s.t.c.support.AbstractContextLoader    : Could not detect default resource locations for test class [com.songify.api.servicetests.PlaylistServiceTests]: no resource found for suffixes {-context.xml, Context.groovy}.
2021-06-10 17:54:04.061  INFO 9652 --- [    Test worker] t.c.s.AnnotationConfigContextLoaderUtils : Could not detect default configuration classes for test class [com.songify.api.servicetests.PlaylistServiceTests]: PlaylistServiceTests does not declare any static, non-private, non-final, nested classes annotated with @Configuration.
2021-06-10 17:54:04.064  INFO 9652 --- [    Test worker] .b.t.c.SpringBootTestContextBootstrapper : Found @SpringBootConfiguration com.songify.api.ApiApplication for test class com.songify.api.servicetests.PlaylistServiceTests
2021-06-10 17:54:04.065  INFO 9652 --- [    Test worker] .b.t.c.SpringBootTestContextBootstrapper : Loaded default TestExecutionListener class names from location [META-INF/spring.factories]: [org.springframework.boot.test.autoconfigure.restdocs.RestDocsTestExecutionListener, org.springframework.boot.test.autoconfigure.web.client.MockRestServiceServerResetTestExecutionListener, org.springframework.boot.test.autoconfigure.web.servlet.MockMvcPrintOnlyOnFailureTestExecutionListener, org.springframework.boot.test.autoconfigure.web.servlet.WebDriverTestExecutionListener, org.springframework.boot.test.autoconfigure.webservices.client.MockWebServiceServerTestExecutionListener, org.springframework.boot.test.mock.mockito.MockitoTestExecutionListener, org.springframework.boot.test.mock.mockito.ResetMocksTestExecutionListener, org.springframework.test.context.web.ServletTestExecutionListener, org.springframework.test.context.support.DirtiesContextBeforeModesTestExecutionListener, org.springframework.test.context.support.DependencyInjectionTestExecutionListener, org.springframework.test.context.support.DirtiesContextTestExecutionListener, org.springframework.test.context.transaction.TransactionalTestExecutionListener, org.springframework.test.context.jdbc.SqlScriptsTestExecutionListener, org.springframework.test.context.event.EventPublishingTestExecutionListener]
2021-06-10 17:54:04.065  INFO 9652 --- [    Test worker] .b.t.c.SpringBootTestContextBootstrapper : Using TestExecutionListeners: [org.springframework.test.context.web.ServletTestExecutionListener@e1d22a2, org.springframework.test.context.support.DirtiesContextBeforeModesTestExecutionListener@7caa018f, org.springframework.boot.test.mock.mockito.MockitoTestExecutionListener@5fcc6570, org.springframework.boot.test.autoconfigure.SpringBootDependencyInjectionTestExecutionListener@3165d38e, org.springframework.test.context.support.DirtiesContextTestExecutionListener@560aef32, org.springframework.test.context.transaction.TransactionalTestExecutionListener@7a003a05, org.springframework.test.context.jdbc.SqlScriptsTestExecutionListener@46db27d0, org.springframework.test.context.event.EventPublishingTestExecutionListener@593d6526, org.springframework.boot.test.autoconfigure.restdocs.RestDocsTestExecutionListener@584f724c, org.springframework.boot.test.autoconfigure.web.client.MockRestServiceServerResetTestExecutionListener@2364ab52, org.springframework.boot.test.autoconfigure.web.servlet.MockMvcPrintOnlyOnFailureTestExecutionListener@3c9eed49, org.springframework.boot.test.autoconfigure.web.servlet.WebDriverTestExecutionListener@eb8aba9, org.springframework.boot.test.autoconfigure.webservices.client.MockWebServiceServerTestExecutionListener@2dc66520, org.springframework.boot.test.mock.mockito.ResetMocksTestExecutionListener@2bfe75f1]
]]></system-out>
  <system-err><![CDATA[]]></system-err>
</testsuite>
