<?xml version="1.0" encoding="UTF-8"?>
<testsuite name="com.songify.api.model.dto.LoginRequestTests" tests="4" skipped="0" failures="0" errors="0" timestamp="2021-06-12T13:37:02" hostname="LAPTOP-4IPIM65U" time="0.015">
  <properties/>
  <testcase name="getPasswordTest()" classname="com.songify.api.model.dto.LoginRequestTests" time="0.003"/>
  <testcase name="getUsernameTest()" classname="com.songify.api.model.dto.LoginRequestTests" time="0.002"/>
  <testcase name="setPasswordTest()" classname="com.songify.api.model.dto.LoginRequestTests" time="0.003"/>
  <testcase name="setUsernameTest()" classname="com.songify.api.model.dto.LoginRequestTests" time="0.004"/>
  <system-out><![CDATA[2021-06-12 15:37:02.370  INFO 1964 --- [    Test worker] .b.t.c.SpringBootTestContextBootstrapper : Neither @ContextConfiguration nor @ContextHierarchy found for test class [com.songify.api.model.dto.LoginRequestTests], using SpringBootContextLoader
2021-06-12 15:37:02.371  INFO 1964 --- [    Test worker] o.s.t.c.support.AbstractContextLoader    : Could not detect default resource locations for test class [com.songify.api.model.dto.LoginRequestTests]: no resource found for suffixes {-context.xml, Context.groovy}.
2021-06-12 15:37:02.371  INFO 1964 --- [    Test worker] t.c.s.AnnotationConfigContextLoaderUtils : Could not detect default configuration classes for test class [com.songify.api.model.dto.LoginRequestTests]: LoginRequestTests does not declare any static, non-private, non-final, nested classes annotated with @Configuration.
2021-06-12 15:37:02.381  INFO 1964 --- [    Test worker] .b.t.c.SpringBootTestContextBootstrapper : Found @SpringBootConfiguration com.songify.api.ApiApplication for test class com.songify.api.model.dto.LoginRequestTests
2021-06-12 15:37:02.383  INFO 1964 --- [    Test worker] .b.t.c.SpringBootTestContextBootstrapper : Loaded default TestExecutionListener class names from location [META-INF/spring.factories]: [org.springframework.boot.test.autoconfigure.restdocs.RestDocsTestExecutionListener, org.springframework.boot.test.autoconfigure.web.client.MockRestServiceServerResetTestExecutionListener, org.springframework.boot.test.autoconfigure.web.servlet.MockMvcPrintOnlyOnFailureTestExecutionListener, org.springframework.boot.test.autoconfigure.web.servlet.WebDriverTestExecutionListener, org.springframework.boot.test.autoconfigure.webservices.client.MockWebServiceServerTestExecutionListener, org.springframework.boot.test.mock.mockito.MockitoTestExecutionListener, org.springframework.boot.test.mock.mockito.ResetMocksTestExecutionListener, org.springframework.test.context.web.ServletTestExecutionListener, org.springframework.test.context.support.DirtiesContextBeforeModesTestExecutionListener, org.springframework.test.context.support.DependencyInjectionTestExecutionListener, org.springframework.test.context.support.DirtiesContextTestExecutionListener, org.springframework.test.context.transaction.TransactionalTestExecutionListener, org.springframework.test.context.jdbc.SqlScriptsTestExecutionListener, org.springframework.test.context.event.EventPublishingTestExecutionListener]
2021-06-12 15:37:02.383  INFO 1964 --- [    Test worker] .b.t.c.SpringBootTestContextBootstrapper : Using TestExecutionListeners: [org.springframework.test.context.web.ServletTestExecutionListener@55d4d853, org.springframework.test.context.support.DirtiesContextBeforeModesTestExecutionListener@226b16b0, org.springframework.boot.test.mock.mockito.MockitoTestExecutionListener@15062b28, org.springframework.boot.test.autoconfigure.SpringBootDependencyInjectionTestExecutionListener@3f672288, org.springframework.test.context.support.DirtiesContextTestExecutionListener@4c826377, org.springframework.test.context.transaction.TransactionalTestExecutionListener@36a622c1, org.springframework.test.context.jdbc.SqlScriptsTestExecutionListener@12dd0056, org.springframework.test.context.event.EventPublishingTestExecutionListener@142803e7, org.springframework.boot.test.autoconfigure.restdocs.RestDocsTestExecutionListener@4bee43ce, org.springframework.boot.test.autoconfigure.web.client.MockRestServiceServerResetTestExecutionListener@4cd9d058, org.springframework.boot.test.autoconfigure.web.servlet.MockMvcPrintOnlyOnFailureTestExecutionListener@367ca625, org.springframework.boot.test.autoconfigure.web.servlet.WebDriverTestExecutionListener@621fbc36, org.springframework.boot.test.autoconfigure.webservices.client.MockWebServiceServerTestExecutionListener@5bd66388, org.springframework.boot.test.mock.mockito.ResetMocksTestExecutionListener@598f33ba]
]]></system-out>
  <system-err><![CDATA[]]></system-err>
</testsuite>
