<?xml version="1.0" encoding="UTF-8"?>
<testsuite name="com.songify.api.servicetests.AuthServiceTests" tests="1" skipped="0" failures="0" errors="0" timestamp="2021-06-03T13:26:27" hostname="LAPTOP-4IPIM65U" time="0.166">
  <properties/>
  <testcase name="loginTest()" classname="com.songify.api.servicetests.AuthServiceTests" time="0.166"/>
  <system-out><![CDATA[2021-06-03 15:26:27.410  INFO 24696 --- [    Test worker] .b.t.c.SpringBootTestContextBootstrapper : Neither @ContextConfiguration nor @ContextHierarchy found for test class [com.songify.api.servicetests.AuthServiceTests], using SpringBootContextLoader
2021-06-03 15:26:27.411  INFO 24696 --- [    Test worker] o.s.t.c.support.AbstractContextLoader    : Could not detect default resource locations for test class [com.songify.api.servicetests.AuthServiceTests]: no resource found for suffixes {-context.xml, Context.groovy}.
2021-06-03 15:26:27.411  INFO 24696 --- [    Test worker] t.c.s.AnnotationConfigContextLoaderUtils : Could not detect default configuration classes for test class [com.songify.api.servicetests.AuthServiceTests]: AuthServiceTests does not declare any static, non-private, non-final, nested classes annotated with @Configuration.
2021-06-03 15:26:27.413  INFO 24696 --- [    Test worker] .b.t.c.SpringBootTestContextBootstrapper : Found @SpringBootConfiguration com.songify.api.ApiApplication for test class com.songify.api.servicetests.AuthServiceTests
2021-06-03 15:26:27.416  INFO 24696 --- [    Test worker] .b.t.c.SpringBootTestContextBootstrapper : Loaded default TestExecutionListener class names from location [META-INF/spring.factories]: [org.springframework.boot.test.autoconfigure.restdocs.RestDocsTestExecutionListener, org.springframework.boot.test.autoconfigure.web.client.MockRestServiceServerResetTestExecutionListener, org.springframework.boot.test.autoconfigure.web.servlet.MockMvcPrintOnlyOnFailureTestExecutionListener, org.springframework.boot.test.autoconfigure.web.servlet.WebDriverTestExecutionListener, org.springframework.boot.test.autoconfigure.webservices.client.MockWebServiceServerTestExecutionListener, org.springframework.boot.test.mock.mockito.MockitoTestExecutionListener, org.springframework.boot.test.mock.mockito.ResetMocksTestExecutionListener, org.springframework.test.context.web.ServletTestExecutionListener, org.springframework.test.context.support.DirtiesContextBeforeModesTestExecutionListener, org.springframework.test.context.event.ApplicationEventsTestExecutionListener, org.springframework.test.context.support.DependencyInjectionTestExecutionListener, org.springframework.test.context.support.DirtiesContextTestExecutionListener, org.springframework.test.context.transaction.TransactionalTestExecutionListener, org.springframework.test.context.jdbc.SqlScriptsTestExecutionListener, org.springframework.test.context.event.EventPublishingTestExecutionListener]
2021-06-03 15:26:27.417  INFO 24696 --- [    Test worker] .b.t.c.SpringBootTestContextBootstrapper : Using TestExecutionListeners: [org.springframework.test.context.web.ServletTestExecutionListener@41ae1cf3, org.springframework.test.context.support.DirtiesContextBeforeModesTestExecutionListener@2fd010a2, org.springframework.test.context.event.ApplicationEventsTestExecutionListener@2cfd5957, org.springframework.boot.test.mock.mockito.MockitoTestExecutionListener@91db654, org.springframework.boot.test.autoconfigure.SpringBootDependencyInjectionTestExecutionListener@38657a00, org.springframework.test.context.support.DirtiesContextTestExecutionListener@179f28ae, org.springframework.test.context.transaction.TransactionalTestExecutionListener@51eeeceb, org.springframework.test.context.jdbc.SqlScriptsTestExecutionListener@35a54f94, org.springframework.test.context.event.EventPublishingTestExecutionListener@2603865a, org.springframework.boot.test.autoconfigure.restdocs.RestDocsTestExecutionListener@48b7006c, org.springframework.boot.test.autoconfigure.web.client.MockRestServiceServerResetTestExecutionListener@6e983425, org.springframework.boot.test.autoconfigure.web.servlet.MockMvcPrintOnlyOnFailureTestExecutionListener@715e1f8d, org.springframework.boot.test.autoconfigure.web.servlet.WebDriverTestExecutionListener@4b5566aa, org.springframework.boot.test.autoconfigure.webservices.client.MockWebServiceServerTestExecutionListener@3b11abcc, org.springframework.boot.test.mock.mockito.ResetMocksTestExecutionListener@14078997]
]]></system-out>
  <system-err><![CDATA[]]></system-err>
</testsuite>
