<?xml version="1.0" encoding="UTF-8"?>
<testsuite name="com.songify.api.servicetests.FriendsServiceTests" tests="1" skipped="0" failures="0" errors="0" timestamp="2021-06-12T13:37:06" hostname="LAPTOP-4IPIM65U" time="0.02">
  <properties/>
  <testcase name="findByUserIdRequests()" classname="com.songify.api.servicetests.FriendsServiceTests" time="0.02"/>
  <system-out><![CDATA[2021-06-12 15:37:06.641  INFO 1964 --- [    Test worker] .b.t.c.SpringBootTestContextBootstrapper : Neither @ContextConfiguration nor @ContextHierarchy found for test class [com.songify.api.servicetests.FriendsServiceTests], using SpringBootContextLoader
2021-06-12 15:37:06.642  INFO 1964 --- [    Test worker] o.s.t.c.support.AbstractContextLoader    : Could not detect default resource locations for test class [com.songify.api.servicetests.FriendsServiceTests]: no resource found for suffixes {-context.xml, Context.groovy}.
2021-06-12 15:37:06.642  INFO 1964 --- [    Test worker] t.c.s.AnnotationConfigContextLoaderUtils : Could not detect default configuration classes for test class [com.songify.api.servicetests.FriendsServiceTests]: FriendsServiceTests does not declare any static, non-private, non-final, nested classes annotated with @Configuration.
2021-06-12 15:37:06.644  INFO 1964 --- [    Test worker] .b.t.c.SpringBootTestContextBootstrapper : Found @SpringBootConfiguration com.songify.api.ApiApplication for test class com.songify.api.servicetests.FriendsServiceTests
2021-06-12 15:37:06.645  INFO 1964 --- [    Test worker] .b.t.c.SpringBootTestContextBootstrapper : Loaded default TestExecutionListener class names from location [META-INF/spring.factories]: [org.springframework.boot.test.autoconfigure.restdocs.RestDocsTestExecutionListener, org.springframework.boot.test.autoconfigure.web.client.MockRestServiceServerResetTestExecutionListener, org.springframework.boot.test.autoconfigure.web.servlet.MockMvcPrintOnlyOnFailureTestExecutionListener, org.springframework.boot.test.autoconfigure.web.servlet.WebDriverTestExecutionListener, org.springframework.boot.test.autoconfigure.webservices.client.MockWebServiceServerTestExecutionListener, org.springframework.boot.test.mock.mockito.MockitoTestExecutionListener, org.springframework.boot.test.mock.mockito.ResetMocksTestExecutionListener, org.springframework.test.context.web.ServletTestExecutionListener, org.springframework.test.context.support.DirtiesContextBeforeModesTestExecutionListener, org.springframework.test.context.support.DependencyInjectionTestExecutionListener, org.springframework.test.context.support.DirtiesContextTestExecutionListener, org.springframework.test.context.transaction.TransactionalTestExecutionListener, org.springframework.test.context.jdbc.SqlScriptsTestExecutionListener, org.springframework.test.context.event.EventPublishingTestExecutionListener]
2021-06-12 15:37:06.646  INFO 1964 --- [    Test worker] .b.t.c.SpringBootTestContextBootstrapper : Using TestExecutionListeners: [org.springframework.test.context.web.ServletTestExecutionListener@5d312a63, org.springframework.test.context.support.DirtiesContextBeforeModesTestExecutionListener@10bcdf2b, org.springframework.boot.test.mock.mockito.MockitoTestExecutionListener@4c69bac4, org.springframework.boot.test.autoconfigure.SpringBootDependencyInjectionTestExecutionListener@5f1d72f5, org.springframework.test.context.support.DirtiesContextTestExecutionListener@b2b3947, org.springframework.test.context.transaction.TransactionalTestExecutionListener@7d18ea8e, org.springframework.test.context.jdbc.SqlScriptsTestExecutionListener@7ca6d073, org.springframework.test.context.event.EventPublishingTestExecutionListener@48189fc8, org.springframework.boot.test.autoconfigure.restdocs.RestDocsTestExecutionListener@1a2b668d, org.springframework.boot.test.autoconfigure.web.client.MockRestServiceServerResetTestExecutionListener@205db3dc, org.springframework.boot.test.autoconfigure.web.servlet.MockMvcPrintOnlyOnFailureTestExecutionListener@6ab2daec, org.springframework.boot.test.autoconfigure.web.servlet.WebDriverTestExecutionListener@6658fead, org.springframework.boot.test.autoconfigure.webservices.client.MockWebServiceServerTestExecutionListener@2706f3e5, org.springframework.boot.test.mock.mockito.ResetMocksTestExecutionListener@6a08778a]
]]></system-out>
  <system-err><![CDATA[]]></system-err>
</testsuite>
