<?xml version="1.0" encoding="UTF-8"?>
<testsuite name="com.songify.api.model.dto.RoleDtoTests" tests="4" skipped="0" failures="0" errors="0" timestamp="2021-06-20T16:16:44" hostname="LAPTOP-4IPIM65U" time="0.021">
  <properties/>
  <testcase name="setNameTest()" classname="com.songify.api.model.dto.RoleDtoTests" time="0.006"/>
  <testcase name="getNameTest()" classname="com.songify.api.model.dto.RoleDtoTests" time="0.004"/>
  <testcase name="setIdTest()" classname="com.songify.api.model.dto.RoleDtoTests" time="0.003"/>
  <testcase name="getIdTest()" classname="com.songify.api.model.dto.RoleDtoTests" time="0.004"/>
  <system-out><![CDATA[2021-06-20 18:16:44.862  INFO 11944 --- [    Test worker] .b.t.c.SpringBootTestContextBootstrapper : Neither @ContextConfiguration nor @ContextHierarchy found for test class [com.songify.api.model.dto.RoleDtoTests], using SpringBootContextLoader
2021-06-20 18:16:44.863  INFO 11944 --- [    Test worker] o.s.t.c.support.AbstractContextLoader    : Could not detect default resource locations for test class [com.songify.api.model.dto.RoleDtoTests]: no resource found for suffixes {-context.xml, Context.groovy}.
2021-06-20 18:16:44.864  INFO 11944 --- [    Test worker] t.c.s.AnnotationConfigContextLoaderUtils : Could not detect default configuration classes for test class [com.songify.api.model.dto.RoleDtoTests]: RoleDtoTests does not declare any static, non-private, non-final, nested classes annotated with @Configuration.
2021-06-20 18:16:44.866  INFO 11944 --- [    Test worker] .b.t.c.SpringBootTestContextBootstrapper : Found @SpringBootConfiguration com.songify.api.ApiApplication for test class com.songify.api.model.dto.RoleDtoTests
2021-06-20 18:16:44.868  INFO 11944 --- [    Test worker] .b.t.c.SpringBootTestContextBootstrapper : Loaded default TestExecutionListener class names from location [META-INF/spring.factories]: [org.springframework.boot.test.autoconfigure.restdocs.RestDocsTestExecutionListener, org.springframework.boot.test.autoconfigure.web.client.MockRestServiceServerResetTestExecutionListener, org.springframework.boot.test.autoconfigure.web.servlet.MockMvcPrintOnlyOnFailureTestExecutionListener, org.springframework.boot.test.autoconfigure.web.servlet.WebDriverTestExecutionListener, org.springframework.boot.test.autoconfigure.webservices.client.MockWebServiceServerTestExecutionListener, org.springframework.boot.test.mock.mockito.MockitoTestExecutionListener, org.springframework.boot.test.mock.mockito.ResetMocksTestExecutionListener, org.springframework.test.context.web.ServletTestExecutionListener, org.springframework.test.context.support.DirtiesContextBeforeModesTestExecutionListener, org.springframework.test.context.support.DependencyInjectionTestExecutionListener, org.springframework.test.context.support.DirtiesContextTestExecutionListener, org.springframework.test.context.transaction.TransactionalTestExecutionListener, org.springframework.test.context.jdbc.SqlScriptsTestExecutionListener, org.springframework.test.context.event.EventPublishingTestExecutionListener]
2021-06-20 18:16:44.868  INFO 11944 --- [    Test worker] .b.t.c.SpringBootTestContextBootstrapper : Using TestExecutionListeners: [org.springframework.test.context.web.ServletTestExecutionListener@6f8e1a59, org.springframework.test.context.support.DirtiesContextBeforeModesTestExecutionListener@4f9ec172, org.springframework.boot.test.mock.mockito.MockitoTestExecutionListener@4df4f26b, org.springframework.boot.test.autoconfigure.SpringBootDependencyInjectionTestExecutionListener@e04a893, org.springframework.test.context.support.DirtiesContextTestExecutionListener@114727d8, org.springframework.test.context.transaction.TransactionalTestExecutionListener@286be1d3, org.springframework.test.context.jdbc.SqlScriptsTestExecutionListener@42e6391f, org.springframework.test.context.event.EventPublishingTestExecutionListener@698d41e0, org.springframework.boot.test.autoconfigure.restdocs.RestDocsTestExecutionListener@41dcd2ee, org.springframework.boot.test.autoconfigure.web.client.MockRestServiceServerResetTestExecutionListener@364ec67f, org.springframework.boot.test.autoconfigure.web.servlet.MockMvcPrintOnlyOnFailureTestExecutionListener@45133f68, org.springframework.boot.test.autoconfigure.web.servlet.WebDriverTestExecutionListener@4692e46b, org.springframework.boot.test.autoconfigure.webservices.client.MockWebServiceServerTestExecutionListener@617e15f5, org.springframework.boot.test.mock.mockito.ResetMocksTestExecutionListener@21c35a9b]
]]></system-out>
  <system-err><![CDATA[]]></system-err>
</testsuite>
