<?xml version="1.0" encoding="UTF-8"?>
<testsuite name="com.songify.api.model.dto.UserDtoTests" tests="8" skipped="0" failures="0" errors="0" timestamp="2021-06-10T15:54:03" hostname="LAPTOP-4IPIM65U" time="0.044">
  <properties/>
  <testcase name="getPasswordTest()" classname="com.songify.api.model.dto.UserDtoTests" time="0.004"/>
  <testcase name="getUsernameTest()" classname="com.songify.api.model.dto.UserDtoTests" time="0.004"/>
  <testcase name="setPasswordTest()" classname="com.songify.api.model.dto.UserDtoTests" time="0.005"/>
  <testcase name="setUsernameTest()" classname="com.songify.api.model.dto.UserDtoTests" time="0.006"/>
  <testcase name="setEmailTest()" classname="com.songify.api.model.dto.UserDtoTests" time="0.005"/>
  <testcase name="setRoleTest()" classname="com.songify.api.model.dto.UserDtoTests" time="0.003"/>
  <testcase name="getRoleTest()" classname="com.songify.api.model.dto.UserDtoTests" time="0.004"/>
  <testcase name="getEmailTest()" classname="com.songify.api.model.dto.UserDtoTests" time="0.003"/>
  <system-out><![CDATA[2021-06-10 17:54:03.193  INFO 9652 --- [    Test worker] .b.t.c.SpringBootTestContextBootstrapper : Neither @ContextConfiguration nor @ContextHierarchy found for test class [com.songify.api.model.dto.UserDtoTests], using SpringBootContextLoader
2021-06-10 17:54:03.196  INFO 9652 --- [    Test worker] o.s.t.c.support.AbstractContextLoader    : Could not detect default resource locations for test class [com.songify.api.model.dto.UserDtoTests]: no resource found for suffixes {-context.xml, Context.groovy}.
2021-06-10 17:54:03.196  INFO 9652 --- [    Test worker] t.c.s.AnnotationConfigContextLoaderUtils : Could not detect default configuration classes for test class [com.songify.api.model.dto.UserDtoTests]: UserDtoTests does not declare any static, non-private, non-final, nested classes annotated with @Configuration.
2021-06-10 17:54:03.199  INFO 9652 --- [    Test worker] .b.t.c.SpringBootTestContextBootstrapper : Found @SpringBootConfiguration com.songify.api.ApiApplication for test class com.songify.api.model.dto.UserDtoTests
2021-06-10 17:54:03.201  INFO 9652 --- [    Test worker] .b.t.c.SpringBootTestContextBootstrapper : Loaded default TestExecutionListener class names from location [META-INF/spring.factories]: [org.springframework.boot.test.autoconfigure.restdocs.RestDocsTestExecutionListener, org.springframework.boot.test.autoconfigure.web.client.MockRestServiceServerResetTestExecutionListener, org.springframework.boot.test.autoconfigure.web.servlet.MockMvcPrintOnlyOnFailureTestExecutionListener, org.springframework.boot.test.autoconfigure.web.servlet.WebDriverTestExecutionListener, org.springframework.boot.test.autoconfigure.webservices.client.MockWebServiceServerTestExecutionListener, org.springframework.boot.test.mock.mockito.MockitoTestExecutionListener, org.springframework.boot.test.mock.mockito.ResetMocksTestExecutionListener, org.springframework.test.context.web.ServletTestExecutionListener, org.springframework.test.context.support.DirtiesContextBeforeModesTestExecutionListener, org.springframework.test.context.support.DependencyInjectionTestExecutionListener, org.springframework.test.context.support.DirtiesContextTestExecutionListener, org.springframework.test.context.transaction.TransactionalTestExecutionListener, org.springframework.test.context.jdbc.SqlScriptsTestExecutionListener, org.springframework.test.context.event.EventPublishingTestExecutionListener]
2021-06-10 17:54:03.202  INFO 9652 --- [    Test worker] .b.t.c.SpringBootTestContextBootstrapper : Using TestExecutionListeners: [org.springframework.test.context.web.ServletTestExecutionListener@cb2dca2, org.springframework.test.context.support.DirtiesContextBeforeModesTestExecutionListener@7d4fb663, org.springframework.boot.test.mock.mockito.MockitoTestExecutionListener@d4553ef, org.springframework.boot.test.autoconfigure.SpringBootDependencyInjectionTestExecutionListener@5665cc56, org.springframework.test.context.support.DirtiesContextTestExecutionListener@4ca84df4, org.springframework.test.context.transaction.TransactionalTestExecutionListener@4cd416ac, org.springframework.test.context.jdbc.SqlScriptsTestExecutionListener@6ba9fef2, org.springframework.test.context.event.EventPublishingTestExecutionListener@135688ad, org.springframework.boot.test.autoconfigure.restdocs.RestDocsTestExecutionListener@1d9fb0de, org.springframework.boot.test.autoconfigure.web.client.MockRestServiceServerResetTestExecutionListener@7192b4b7, org.springframework.boot.test.autoconfigure.web.servlet.MockMvcPrintOnlyOnFailureTestExecutionListener@55e89a19, org.springframework.boot.test.autoconfigure.web.servlet.WebDriverTestExecutionListener@72dc73e9, org.springframework.boot.test.autoconfigure.webservices.client.MockWebServiceServerTestExecutionListener@12a5342c, org.springframework.boot.test.mock.mockito.ResetMocksTestExecutionListener@76f61dc3]
]]></system-out>
  <system-err><![CDATA[]]></system-err>
</testsuite>
