<?xml version="1.0" encoding="UTF-8"?>
<testsuite name="com.songify.api.model.dto.RoleDtoTests" tests="4" skipped="0" failures="0" errors="0" timestamp="2021-06-12T13:37:02" hostname="LAPTOP-4IPIM65U" time="0.025">
  <properties/>
  <testcase name="setNameTest()" classname="com.songify.api.model.dto.RoleDtoTests" time="0.003"/>
  <testcase name="getNameTest()" classname="com.songify.api.model.dto.RoleDtoTests" time="0.003"/>
  <testcase name="setIdTest()" classname="com.songify.api.model.dto.RoleDtoTests" time="0.003"/>
  <testcase name="getIdTest()" classname="com.songify.api.model.dto.RoleDtoTests" time="0.014"/>
  <system-out><![CDATA[2021-06-12 15:37:02.427  INFO 1964 --- [    Test worker] .b.t.c.SpringBootTestContextBootstrapper : Neither @ContextConfiguration nor @ContextHierarchy found for test class [com.songify.api.model.dto.RoleDtoTests], using SpringBootContextLoader
2021-06-12 15:37:02.428  INFO 1964 --- [    Test worker] o.s.t.c.support.AbstractContextLoader    : Could not detect default resource locations for test class [com.songify.api.model.dto.RoleDtoTests]: no resource found for suffixes {-context.xml, Context.groovy}.
2021-06-12 15:37:02.428  INFO 1964 --- [    Test worker] t.c.s.AnnotationConfigContextLoaderUtils : Could not detect default configuration classes for test class [com.songify.api.model.dto.RoleDtoTests]: RoleDtoTests does not declare any static, non-private, non-final, nested classes annotated with @Configuration.
2021-06-12 15:37:02.429  INFO 1964 --- [    Test worker] .b.t.c.SpringBootTestContextBootstrapper : Found @SpringBootConfiguration com.songify.api.ApiApplication for test class com.songify.api.model.dto.RoleDtoTests
2021-06-12 15:37:02.431  INFO 1964 --- [    Test worker] .b.t.c.SpringBootTestContextBootstrapper : Loaded default TestExecutionListener class names from location [META-INF/spring.factories]: [org.springframework.boot.test.autoconfigure.restdocs.RestDocsTestExecutionListener, org.springframework.boot.test.autoconfigure.web.client.MockRestServiceServerResetTestExecutionListener, org.springframework.boot.test.autoconfigure.web.servlet.MockMvcPrintOnlyOnFailureTestExecutionListener, org.springframework.boot.test.autoconfigure.web.servlet.WebDriverTestExecutionListener, org.springframework.boot.test.autoconfigure.webservices.client.MockWebServiceServerTestExecutionListener, org.springframework.boot.test.mock.mockito.MockitoTestExecutionListener, org.springframework.boot.test.mock.mockito.ResetMocksTestExecutionListener, org.springframework.test.context.web.ServletTestExecutionListener, org.springframework.test.context.support.DirtiesContextBeforeModesTestExecutionListener, org.springframework.test.context.support.DependencyInjectionTestExecutionListener, org.springframework.test.context.support.DirtiesContextTestExecutionListener, org.springframework.test.context.transaction.TransactionalTestExecutionListener, org.springframework.test.context.jdbc.SqlScriptsTestExecutionListener, org.springframework.test.context.event.EventPublishingTestExecutionListener]
2021-06-12 15:37:02.431  INFO 1964 --- [    Test worker] .b.t.c.SpringBootTestContextBootstrapper : Using TestExecutionListeners: [org.springframework.test.context.web.ServletTestExecutionListener@66b9c587, org.springframework.test.context.support.DirtiesContextBeforeModesTestExecutionListener@7962513f, org.springframework.boot.test.mock.mockito.MockitoTestExecutionListener@1ceacc5c, org.springframework.boot.test.autoconfigure.SpringBootDependencyInjectionTestExecutionListener@5bd0a812, org.springframework.test.context.support.DirtiesContextTestExecutionListener@736dcb12, org.springframework.test.context.transaction.TransactionalTestExecutionListener@186d87e9, org.springframework.test.context.jdbc.SqlScriptsTestExecutionListener@522f3094, org.springframework.test.context.event.EventPublishingTestExecutionListener@c6192fb, org.springframework.boot.test.autoconfigure.restdocs.RestDocsTestExecutionListener@1149ed3e, org.springframework.boot.test.autoconfigure.web.client.MockRestServiceServerResetTestExecutionListener@65ef6231, org.springframework.boot.test.autoconfigure.web.servlet.MockMvcPrintOnlyOnFailureTestExecutionListener@4e6f5588, org.springframework.boot.test.autoconfigure.web.servlet.WebDriverTestExecutionListener@4e19e0f4, org.springframework.boot.test.autoconfigure.webservices.client.MockWebServiceServerTestExecutionListener@10e7c414, org.springframework.boot.test.mock.mockito.ResetMocksTestExecutionListener@e07d2d3]
]]></system-out>
  <system-err><![CDATA[]]></system-err>
</testsuite>
