<?xml version="1.0" encoding="UTF-8"?>
<testsuite name="com.songify.api.servicetests.SongServiceTests" tests="2" skipped="0" failures="0" errors="0" timestamp="2021-06-03T13:26:27" hostname="LAPTOP-4IPIM65U" time="0.013">
  <properties/>
  <testcase name="findBySpotifyId()" classname="com.songify.api.servicetests.SongServiceTests" time="0.007"/>
  <testcase name="addSongTest()" classname="com.songify.api.servicetests.SongServiceTests" time="0.005"/>
  <system-out><![CDATA[2021-06-03 15:26:27.902  INFO 24696 --- [    Test worker] .b.t.c.SpringBootTestContextBootstrapper : Neither @ContextConfiguration nor @ContextHierarchy found for test class [com.songify.api.servicetests.SongServiceTests], using SpringBootContextLoader
2021-06-03 15:26:27.903  INFO 24696 --- [    Test worker] o.s.t.c.support.AbstractContextLoader    : Could not detect default resource locations for test class [com.songify.api.servicetests.SongServiceTests]: no resource found for suffixes {-context.xml, Context.groovy}.
2021-06-03 15:26:27.904  INFO 24696 --- [    Test worker] t.c.s.AnnotationConfigContextLoaderUtils : Could not detect default configuration classes for test class [com.songify.api.servicetests.SongServiceTests]: SongServiceTests does not declare any static, non-private, non-final, nested classes annotated with @Configuration.
2021-06-03 15:26:27.906  INFO 24696 --- [    Test worker] .b.t.c.SpringBootTestContextBootstrapper : Found @SpringBootConfiguration com.songify.api.ApiApplication for test class com.songify.api.servicetests.SongServiceTests
2021-06-03 15:26:27.907  INFO 24696 --- [    Test worker] .b.t.c.SpringBootTestContextBootstrapper : Loaded default TestExecutionListener class names from location [META-INF/spring.factories]: [org.springframework.boot.test.autoconfigure.restdocs.RestDocsTestExecutionListener, org.springframework.boot.test.autoconfigure.web.client.MockRestServiceServerResetTestExecutionListener, org.springframework.boot.test.autoconfigure.web.servlet.MockMvcPrintOnlyOnFailureTestExecutionListener, org.springframework.boot.test.autoconfigure.web.servlet.WebDriverTestExecutionListener, org.springframework.boot.test.autoconfigure.webservices.client.MockWebServiceServerTestExecutionListener, org.springframework.boot.test.mock.mockito.MockitoTestExecutionListener, org.springframework.boot.test.mock.mockito.ResetMocksTestExecutionListener, org.springframework.test.context.web.ServletTestExecutionListener, org.springframework.test.context.support.DirtiesContextBeforeModesTestExecutionListener, org.springframework.test.context.event.ApplicationEventsTestExecutionListener, org.springframework.test.context.support.DependencyInjectionTestExecutionListener, org.springframework.test.context.support.DirtiesContextTestExecutionListener, org.springframework.test.context.transaction.TransactionalTestExecutionListener, org.springframework.test.context.jdbc.SqlScriptsTestExecutionListener, org.springframework.test.context.event.EventPublishingTestExecutionListener]
2021-06-03 15:26:27.908  INFO 24696 --- [    Test worker] .b.t.c.SpringBootTestContextBootstrapper : Using TestExecutionListeners: [org.springframework.test.context.web.ServletTestExecutionListener@5102ad7f, org.springframework.test.context.support.DirtiesContextBeforeModesTestExecutionListener@776ce299, org.springframework.test.context.event.ApplicationEventsTestExecutionListener@48fb20ef, org.springframework.boot.test.mock.mockito.MockitoTestExecutionListener@47c09008, org.springframework.boot.test.autoconfigure.SpringBootDependencyInjectionTestExecutionListener@3edb4da, org.springframework.test.context.support.DirtiesContextTestExecutionListener@1385f614, org.springframework.test.context.transaction.TransactionalTestExecutionListener@2e840d3, org.springframework.test.context.jdbc.SqlScriptsTestExecutionListener@416bd056, org.springframework.test.context.event.EventPublishingTestExecutionListener@2fcee7c5, org.springframework.boot.test.autoconfigure.restdocs.RestDocsTestExecutionListener@1347817e, org.springframework.boot.test.autoconfigure.web.client.MockRestServiceServerResetTestExecutionListener@53e9a51d, org.springframework.boot.test.autoconfigure.web.servlet.MockMvcPrintOnlyOnFailureTestExecutionListener@4c9f3656, org.springframework.boot.test.autoconfigure.web.servlet.WebDriverTestExecutionListener@143700cf, org.springframework.boot.test.autoconfigure.webservices.client.MockWebServiceServerTestExecutionListener@3bd43f46, org.springframework.boot.test.mock.mockito.ResetMocksTestExecutionListener@258ba46c]
]]></system-out>
  <system-err><![CDATA[]]></system-err>
</testsuite>
