<?xml version="1.0" encoding="UTF-8"?>
<testsuite name="com.songify.api.servicetests.ChatRoomServiceTests" tests="1" skipped="0" failures="0" errors="0" timestamp="2021-06-12T13:37:06" hostname="LAPTOP-4IPIM65U" time="0.01">
  <properties/>
  <testcase name="getChatIdTest()" classname="com.songify.api.servicetests.ChatRoomServiceTests" time="0.01"/>
  <system-out><![CDATA[2021-06-12 15:37:06.623  INFO 1964 --- [    Test worker] .b.t.c.SpringBootTestContextBootstrapper : Neither @ContextConfiguration nor @ContextHierarchy found for test class [com.songify.api.servicetests.ChatRoomServiceTests], using SpringBootContextLoader
2021-06-12 15:37:06.624  INFO 1964 --- [    Test worker] o.s.t.c.support.AbstractContextLoader    : Could not detect default resource locations for test class [com.songify.api.servicetests.ChatRoomServiceTests]: no resource found for suffixes {-context.xml, Context.groovy}.
2021-06-12 15:37:06.624  INFO 1964 --- [    Test worker] t.c.s.AnnotationConfigContextLoaderUtils : Could not detect default configuration classes for test class [com.songify.api.servicetests.ChatRoomServiceTests]: ChatRoomServiceTests does not declare any static, non-private, non-final, nested classes annotated with @Configuration.
2021-06-12 15:37:06.626  INFO 1964 --- [    Test worker] .b.t.c.SpringBootTestContextBootstrapper : Found @SpringBootConfiguration com.songify.api.ApiApplication for test class com.songify.api.servicetests.ChatRoomServiceTests
2021-06-12 15:37:06.627  INFO 1964 --- [    Test worker] .b.t.c.SpringBootTestContextBootstrapper : Loaded default TestExecutionListener class names from location [META-INF/spring.factories]: [org.springframework.boot.test.autoconfigure.restdocs.RestDocsTestExecutionListener, org.springframework.boot.test.autoconfigure.web.client.MockRestServiceServerResetTestExecutionListener, org.springframework.boot.test.autoconfigure.web.servlet.MockMvcPrintOnlyOnFailureTestExecutionListener, org.springframework.boot.test.autoconfigure.web.servlet.WebDriverTestExecutionListener, org.springframework.boot.test.autoconfigure.webservices.client.MockWebServiceServerTestExecutionListener, org.springframework.boot.test.mock.mockito.MockitoTestExecutionListener, org.springframework.boot.test.mock.mockito.ResetMocksTestExecutionListener, org.springframework.test.context.web.ServletTestExecutionListener, org.springframework.test.context.support.DirtiesContextBeforeModesTestExecutionListener, org.springframework.test.context.support.DependencyInjectionTestExecutionListener, org.springframework.test.context.support.DirtiesContextTestExecutionListener, org.springframework.test.context.transaction.TransactionalTestExecutionListener, org.springframework.test.context.jdbc.SqlScriptsTestExecutionListener, org.springframework.test.context.event.EventPublishingTestExecutionListener]
2021-06-12 15:37:06.628  INFO 1964 --- [    Test worker] .b.t.c.SpringBootTestContextBootstrapper : Using TestExecutionListeners: [org.springframework.test.context.web.ServletTestExecutionListener@24e5cab6, org.springframework.test.context.support.DirtiesContextBeforeModesTestExecutionListener@40a0424, org.springframework.boot.test.mock.mockito.MockitoTestExecutionListener@5339f863, org.springframework.boot.test.autoconfigure.SpringBootDependencyInjectionTestExecutionListener@43717d79, org.springframework.test.context.support.DirtiesContextTestExecutionListener@49cbbfdb, org.springframework.test.context.transaction.TransactionalTestExecutionListener@1db4b9e2, org.springframework.test.context.jdbc.SqlScriptsTestExecutionListener@152a0d7, org.springframework.test.context.event.EventPublishingTestExecutionListener@49008f31, org.springframework.boot.test.autoconfigure.restdocs.RestDocsTestExecutionListener@5d21c4ad, org.springframework.boot.test.autoconfigure.web.client.MockRestServiceServerResetTestExecutionListener@65e20d42, org.springframework.boot.test.autoconfigure.web.servlet.MockMvcPrintOnlyOnFailureTestExecutionListener@71224d31, org.springframework.boot.test.autoconfigure.web.servlet.WebDriverTestExecutionListener@3c962d23, org.springframework.boot.test.autoconfigure.webservices.client.MockWebServiceServerTestExecutionListener@6f4182b0, org.springframework.boot.test.mock.mockito.ResetMocksTestExecutionListener@1abc0a07]
]]></system-out>
  <system-err><![CDATA[]]></system-err>
</testsuite>
