<?xml version="1.0" encoding="UTF-8"?>
<testsuite name="com.songify.api.model.dto.LoginRequestTests" tests="4" skipped="0" failures="0" errors="0" timestamp="2021-06-20T16:16:44" hostname="LAPTOP-4IPIM65U" time="0.021">
  <properties/>
  <testcase name="getPasswordTest()" classname="com.songify.api.model.dto.LoginRequestTests" time="0.006"/>
  <testcase name="getUsernameTest()" classname="com.songify.api.model.dto.LoginRequestTests" time="0.005"/>
  <testcase name="setPasswordTest()" classname="com.songify.api.model.dto.LoginRequestTests" time="0.004"/>
  <testcase name="setUsernameTest()" classname="com.songify.api.model.dto.LoginRequestTests" time="0.003"/>
  <system-out><![CDATA[2021-06-20 18:16:44.778  INFO 11944 --- [    Test worker] .b.t.c.SpringBootTestContextBootstrapper : Neither @ContextConfiguration nor @ContextHierarchy found for test class [com.songify.api.model.dto.LoginRequestTests], using SpringBootContextLoader
2021-06-20 18:16:44.780  INFO 11944 --- [    Test worker] o.s.t.c.support.AbstractContextLoader    : Could not detect default resource locations for test class [com.songify.api.model.dto.LoginRequestTests]: no resource found for suffixes {-context.xml, Context.groovy}.
2021-06-20 18:16:44.781  INFO 11944 --- [    Test worker] t.c.s.AnnotationConfigContextLoaderUtils : Could not detect default configuration classes for test class [com.songify.api.model.dto.LoginRequestTests]: LoginRequestTests does not declare any static, non-private, non-final, nested classes annotated with @Configuration.
2021-06-20 18:16:44.800  INFO 11944 --- [    Test worker] .b.t.c.SpringBootTestContextBootstrapper : Found @SpringBootConfiguration com.songify.api.ApiApplication for test class com.songify.api.model.dto.LoginRequestTests
2021-06-20 18:16:44.803  INFO 11944 --- [    Test worker] .b.t.c.SpringBootTestContextBootstrapper : Loaded default TestExecutionListener class names from location [META-INF/spring.factories]: [org.springframework.boot.test.autoconfigure.restdocs.RestDocsTestExecutionListener, org.springframework.boot.test.autoconfigure.web.client.MockRestServiceServerResetTestExecutionListener, org.springframework.boot.test.autoconfigure.web.servlet.MockMvcPrintOnlyOnFailureTestExecutionListener, org.springframework.boot.test.autoconfigure.web.servlet.WebDriverTestExecutionListener, org.springframework.boot.test.autoconfigure.webservices.client.MockWebServiceServerTestExecutionListener, org.springframework.boot.test.mock.mockito.MockitoTestExecutionListener, org.springframework.boot.test.mock.mockito.ResetMocksTestExecutionListener, org.springframework.test.context.web.ServletTestExecutionListener, org.springframework.test.context.support.DirtiesContextBeforeModesTestExecutionListener, org.springframework.test.context.support.DependencyInjectionTestExecutionListener, org.springframework.test.context.support.DirtiesContextTestExecutionListener, org.springframework.test.context.transaction.TransactionalTestExecutionListener, org.springframework.test.context.jdbc.SqlScriptsTestExecutionListener, org.springframework.test.context.event.EventPublishingTestExecutionListener]
2021-06-20 18:16:44.804  INFO 11944 --- [    Test worker] .b.t.c.SpringBootTestContextBootstrapper : Using TestExecutionListeners: [org.springframework.test.context.web.ServletTestExecutionListener@3e66bb90, org.springframework.test.context.support.DirtiesContextBeforeModesTestExecutionListener@12d9748, org.springframework.boot.test.mock.mockito.MockitoTestExecutionListener@4344958e, org.springframework.boot.test.autoconfigure.SpringBootDependencyInjectionTestExecutionListener@31fc67cb, org.springframework.test.context.support.DirtiesContextTestExecutionListener@3acdf05f, org.springframework.test.context.transaction.TransactionalTestExecutionListener@5737b799, org.springframework.test.context.jdbc.SqlScriptsTestExecutionListener@3038b014, org.springframework.test.context.event.EventPublishingTestExecutionListener@62a85be7, org.springframework.boot.test.autoconfigure.restdocs.RestDocsTestExecutionListener@37b200e5, org.springframework.boot.test.autoconfigure.web.client.MockRestServiceServerResetTestExecutionListener@5dd3e2f5, org.springframework.boot.test.autoconfigure.web.servlet.MockMvcPrintOnlyOnFailureTestExecutionListener@281e414b, org.springframework.boot.test.autoconfigure.web.servlet.WebDriverTestExecutionListener@8c950cc, org.springframework.boot.test.autoconfigure.webservices.client.MockWebServiceServerTestExecutionListener@2f5bdc18, org.springframework.boot.test.mock.mockito.ResetMocksTestExecutionListener@6d5d474c]
]]></system-out>
  <system-err><![CDATA[]]></system-err>
</testsuite>
