<?xml version="1.0" encoding="UTF-8"?>
<testsuite name="com.songify.api.model.dto.UserDtoTests" tests="8" skipped="0" failures="0" errors="0" timestamp="2021-06-20T16:16:44" hostname="LAPTOP-4IPIM65U" time="0.041">
  <properties/>
  <testcase name="getPasswordTest()" classname="com.songify.api.model.dto.UserDtoTests" time="0.004"/>
  <testcase name="getUsernameTest()" classname="com.songify.api.model.dto.UserDtoTests" time="0.004"/>
  <testcase name="setPasswordTest()" classname="com.songify.api.model.dto.UserDtoTests" time="0.004"/>
  <testcase name="setUsernameTest()" classname="com.songify.api.model.dto.UserDtoTests" time="0.005"/>
  <testcase name="setEmailTest()" classname="com.songify.api.model.dto.UserDtoTests" time="0.004"/>
  <testcase name="setRoleTest()" classname="com.songify.api.model.dto.UserDtoTests" time="0.005"/>
  <testcase name="getRoleTest()" classname="com.songify.api.model.dto.UserDtoTests" time="0.004"/>
  <testcase name="getEmailTest()" classname="com.songify.api.model.dto.UserDtoTests" time="0.004"/>
  <system-out><![CDATA[2021-06-20 18:16:44.894  INFO 11944 --- [    Test worker] .b.t.c.SpringBootTestContextBootstrapper : Neither @ContextConfiguration nor @ContextHierarchy found for test class [com.songify.api.model.dto.UserDtoTests], using SpringBootContextLoader
2021-06-20 18:16:44.896  INFO 11944 --- [    Test worker] o.s.t.c.support.AbstractContextLoader    : Could not detect default resource locations for test class [com.songify.api.model.dto.UserDtoTests]: no resource found for suffixes {-context.xml, Context.groovy}.
2021-06-20 18:16:44.896  INFO 11944 --- [    Test worker] t.c.s.AnnotationConfigContextLoaderUtils : Could not detect default configuration classes for test class [com.songify.api.model.dto.UserDtoTests]: UserDtoTests does not declare any static, non-private, non-final, nested classes annotated with @Configuration.
2021-06-20 18:16:44.898  INFO 11944 --- [    Test worker] .b.t.c.SpringBootTestContextBootstrapper : Found @SpringBootConfiguration com.songify.api.ApiApplication for test class com.songify.api.model.dto.UserDtoTests
2021-06-20 18:16:44.901  INFO 11944 --- [    Test worker] .b.t.c.SpringBootTestContextBootstrapper : Loaded default TestExecutionListener class names from location [META-INF/spring.factories]: [org.springframework.boot.test.autoconfigure.restdocs.RestDocsTestExecutionListener, org.springframework.boot.test.autoconfigure.web.client.MockRestServiceServerResetTestExecutionListener, org.springframework.boot.test.autoconfigure.web.servlet.MockMvcPrintOnlyOnFailureTestExecutionListener, org.springframework.boot.test.autoconfigure.web.servlet.WebDriverTestExecutionListener, org.springframework.boot.test.autoconfigure.webservices.client.MockWebServiceServerTestExecutionListener, org.springframework.boot.test.mock.mockito.MockitoTestExecutionListener, org.springframework.boot.test.mock.mockito.ResetMocksTestExecutionListener, org.springframework.test.context.web.ServletTestExecutionListener, org.springframework.test.context.support.DirtiesContextBeforeModesTestExecutionListener, org.springframework.test.context.support.DependencyInjectionTestExecutionListener, org.springframework.test.context.support.DirtiesContextTestExecutionListener, org.springframework.test.context.transaction.TransactionalTestExecutionListener, org.springframework.test.context.jdbc.SqlScriptsTestExecutionListener, org.springframework.test.context.event.EventPublishingTestExecutionListener]
2021-06-20 18:16:44.901  INFO 11944 --- [    Test worker] .b.t.c.SpringBootTestContextBootstrapper : Using TestExecutionListeners: [org.springframework.test.context.web.ServletTestExecutionListener@7d77d9b4, org.springframework.test.context.support.DirtiesContextBeforeModesTestExecutionListener@2c97cbcd, org.springframework.boot.test.mock.mockito.MockitoTestExecutionListener@3dd7b217, org.springframework.boot.test.autoconfigure.SpringBootDependencyInjectionTestExecutionListener@67b20b4, org.springframework.test.context.support.DirtiesContextTestExecutionListener@4582f3b6, org.springframework.test.context.transaction.TransactionalTestExecutionListener@57598168, org.springframework.test.context.jdbc.SqlScriptsTestExecutionListener@579ed69e, org.springframework.test.context.event.EventPublishingTestExecutionListener@8bf2259, org.springframework.boot.test.autoconfigure.restdocs.RestDocsTestExecutionListener@5a727fbb, org.springframework.boot.test.autoconfigure.web.client.MockRestServiceServerResetTestExecutionListener@413bf75c, org.springframework.boot.test.autoconfigure.web.servlet.MockMvcPrintOnlyOnFailureTestExecutionListener@60b0e3c3, org.springframework.boot.test.autoconfigure.web.servlet.WebDriverTestExecutionListener@11eca866, org.springframework.boot.test.autoconfigure.webservices.client.MockWebServiceServerTestExecutionListener@582a9247, org.springframework.boot.test.mock.mockito.ResetMocksTestExecutionListener@46b51f09]
]]></system-out>
  <system-err><![CDATA[]]></system-err>
</testsuite>
