<?xml version="1.0" encoding="UTF-8"?>
<testsuite name="com.songify.api.servicetests.ChatMessageServiceTests" tests="5" skipped="0" failures="0" errors="0" timestamp="2021-06-20T16:16:45" hostname="LAPTOP-4IPIM65U" time="0.036">
  <properties/>
  <testcase name="findChatMessagesTest()" classname="com.songify.api.servicetests.ChatMessageServiceTests" time="0.02"/>
  <testcase name="countNewMessagesTest()" classname="com.songify.api.servicetests.ChatMessageServiceTests" time="0.003"/>
  <testcase name="findByMessageIdTest()" classname="com.songify.api.servicetests.ChatMessageServiceTests" time="0.004"/>
  <testcase name="saveMessageTest()" classname="com.songify.api.servicetests.ChatMessageServiceTests" time="0.003"/>
  <testcase name="updateStatusesTest()" classname="com.songify.api.servicetests.ChatMessageServiceTests" time="0.003"/>
  <system-out><![CDATA[2021-06-20 18:16:45.139  INFO 11944 --- [    Test worker] .b.t.c.SpringBootTestContextBootstrapper : Neither @ContextConfiguration nor @ContextHierarchy found for test class [com.songify.api.servicetests.ChatMessageServiceTests], using SpringBootContextLoader
2021-06-20 18:16:45.140  INFO 11944 --- [    Test worker] o.s.t.c.support.AbstractContextLoader    : Could not detect default resource locations for test class [com.songify.api.servicetests.ChatMessageServiceTests]: no resource found for suffixes {-context.xml, Context.groovy}.
2021-06-20 18:16:45.140  INFO 11944 --- [    Test worker] t.c.s.AnnotationConfigContextLoaderUtils : Could not detect default configuration classes for test class [com.songify.api.servicetests.ChatMessageServiceTests]: ChatMessageServiceTests does not declare any static, non-private, non-final, nested classes annotated with @Configuration.
2021-06-20 18:16:45.141  INFO 11944 --- [    Test worker] .b.t.c.SpringBootTestContextBootstrapper : Found @SpringBootConfiguration com.songify.api.ApiApplication for test class com.songify.api.servicetests.ChatMessageServiceTests
2021-06-20 18:16:45.142  INFO 11944 --- [    Test worker] .b.t.c.SpringBootTestContextBootstrapper : Loaded default TestExecutionListener class names from location [META-INF/spring.factories]: [org.springframework.boot.test.autoconfigure.restdocs.RestDocsTestExecutionListener, org.springframework.boot.test.autoconfigure.web.client.MockRestServiceServerResetTestExecutionListener, org.springframework.boot.test.autoconfigure.web.servlet.MockMvcPrintOnlyOnFailureTestExecutionListener, org.springframework.boot.test.autoconfigure.web.servlet.WebDriverTestExecutionListener, org.springframework.boot.test.autoconfigure.webservices.client.MockWebServiceServerTestExecutionListener, org.springframework.boot.test.mock.mockito.MockitoTestExecutionListener, org.springframework.boot.test.mock.mockito.ResetMocksTestExecutionListener, org.springframework.test.context.web.ServletTestExecutionListener, org.springframework.test.context.support.DirtiesContextBeforeModesTestExecutionListener, org.springframework.test.context.support.DependencyInjectionTestExecutionListener, org.springframework.test.context.support.DirtiesContextTestExecutionListener, org.springframework.test.context.transaction.TransactionalTestExecutionListener, org.springframework.test.context.jdbc.SqlScriptsTestExecutionListener, org.springframework.test.context.event.EventPublishingTestExecutionListener]
2021-06-20 18:16:45.143  INFO 11944 --- [    Test worker] .b.t.c.SpringBootTestContextBootstrapper : Using TestExecutionListeners: [org.springframework.test.context.web.ServletTestExecutionListener@1bf1a694, org.springframework.test.context.support.DirtiesContextBeforeModesTestExecutionListener@317c359f, org.springframework.boot.test.mock.mockito.MockitoTestExecutionListener@be9f814, org.springframework.boot.test.autoconfigure.SpringBootDependencyInjectionTestExecutionListener@4bcc2d82, org.springframework.test.context.support.DirtiesContextTestExecutionListener@5d9fe769, org.springframework.test.context.transaction.TransactionalTestExecutionListener@d1fe188, org.springframework.test.context.jdbc.SqlScriptsTestExecutionListener@49f28167, org.springframework.test.context.event.EventPublishingTestExecutionListener@637815e6, org.springframework.boot.test.autoconfigure.restdocs.RestDocsTestExecutionListener@41fe124f, org.springframework.boot.test.autoconfigure.web.client.MockRestServiceServerResetTestExecutionListener@339fa859, org.springframework.boot.test.autoconfigure.web.servlet.MockMvcPrintOnlyOnFailureTestExecutionListener@6ebbeef4, org.springframework.boot.test.autoconfigure.web.servlet.WebDriverTestExecutionListener@4dcf01e0, org.springframework.boot.test.autoconfigure.webservices.client.MockWebServiceServerTestExecutionListener@7c120e7c, org.springframework.boot.test.mock.mockito.ResetMocksTestExecutionListener@3201acc7]
]]></system-out>
  <system-err><![CDATA[]]></system-err>
</testsuite>
